98.02.22 12:40 B C:\MATLAB\HRTF\SCHMLIB\ABS2DB.M --> alpha /home2/mlspezio/Matlab/HRTF/SCHMLIB ABS2DB.M
98.02.22 12:40 B C:\MATLAB\HRTF\SCHMLIB\ANALYSE.M --> alpha /home2/mlspezio/Matlab/HRTF/SCHMLIB ANALYSE.M
98.02.22 12:40 B C:\MATLAB\HRTF\SCHMLIB\BARK2HZ.M --> alpha /home2/mlspezio/Matlab/HRTF/SCHMLIB BARK2HZ.M
98.02.22 12:40 B C:\MATLAB\HRTF\SCHMLIB\CONT_ING.M --> alpha /home2/mlspezio/Matlab/HRTF/SCHMLIB CONT_ING.M
98.02.22 12:40 B C:\MATLAB\HRTF\SCHMLIB\CONTPLOT.M --> alpha /home2/mlspezio/Matlab/HRTF/SCHMLIB CONTPLOT.M
98.02.22 12:40 B C:\MATLAB\HRTF\SCHMLIB\CUT_SIG.M --> alpha /home2/mlspezio/Matlab/HRTF/SCHMLIB CUT_SIG.M
98.02.22 12:40 B C:\MATLAB\HRTF\SCHMLIB\DELAY.M --> alpha /home2/mlspezio/Matlab/HRTF/SCHMLIB DELAY.M
98.02.22 12:40 B C:\MATLAB\HRTF\SCHMLIB\DELAYLOG.M --> alpha /home2/mlspezio/Matlab/HRTF/SCHMLIB DELAYLOG.M
98.02.22 12:40 B C:\MATLAB\HRTF\SCHMLIB\DELAYOUT.M --> alpha /home2/mlspezio/Matlab/HRTF/SCHMLIB DELAYOUT.M
98.02.22 12:40 B C:\MATLAB\HRTF\SCHMLIB\DIRLABEL.M --> alpha /home2/mlspezio/Matlab/HRTF/SCHMLIB DIRLABEL.M
98.02.22 12:40 B C:\MATLAB\HRTF\SCHMLIB\EARFILT.M --> alpha /home2/mlspezio/Matlab/HRTF/SCHMLIB EARFILT.M
98.02.22 12:40 B C:\MATLAB\HRTF\SCHMLIB\FG_CNTRL.M --> alpha /home2/mlspezio/Matlab/HRTF/SCHMLIB FG_CNTRL.M
98.02.22 12:41 B C:\MATLAB\HRTF\SCHMLIB\FINDAX.M --> alpha /home2/mlspezio/Matlab/HRTF/SCHMLIB FINDAX.M
98.02.22 12:41 B C:\MATLAB\HRTF\SCHMLIB\FRQCNTRL.M --> alpha /home2/mlspezio/Matlab/HRTF/SCHMLIB FRQCNTRL.M
98.02.22 12:41 B C:\MATLAB\HRTF\SCHMLIB\FRQSCALE.M --> alpha /home2/mlspezio/Matlab/HRTF/SCHMLIB FRQSCALE.M
98.02.22 12:41 B C:\MATLAB\HRTF\SCHMLIB\GAUSS.M --> alpha /home2/mlspezio/Matlab/HRTF/SCHMLIB GAUSS.M
98.02.22 12:41 B C:\MATLAB\HRTF\SCHMLIB\HZ2BARK.M --> alpha /home2/mlspezio/Matlab/HRTF/SCHMLIB HZ2BARK.M
98.02.22 12:41 B C:\MATLAB\HRTF\SCHMLIB\IA_CNTRL.M --> alpha /home2/mlspezio/Matlab/HRTF/SCHMLIB IA_CNTRL.M
98.02.22 12:41 B C:\MATLAB\HRTF\SCHMLIB\IA_DIR.M --> alpha /home2/mlspezio/Matlab/HRTF/SCHMLIB IA_DIR.M
98.02.22 12:41 B C:\MATLAB\HRTF\SCHMLIB\IA_EVAL1.M --> alpha /home2/mlspezio/Matlab/HRTF/SCHMLIB IA_EVAL1.M
98.02.22 12:41 B C:\MATLAB\HRTF\SCHMLIB\IA_EVALX.M --> alpha /home2/mlspezio/Matlab/HRTF/SCHMLIB IA_EVALX.M
98.02.22 12:41 B C:\MATLAB\HRTF\SCHMLIB\IA_FIT.M --> alpha /home2/mlspezio/Matlab/HRTF/SCHMLIB IA_FIT.M
98.02.22 12:41 B C:\MATLAB\HRTF\SCHMLIB\IA_GLOBE.M --> alpha /home2/mlspezio/Matlab/HRTF/SCHMLIB IA_GLOBE.M
98.02.22 12:41 B C:\MATLAB\HRTF\SCHMLIB\IA_LYSE.M --> alpha /home2/mlspezio/Matlab/HRTF/SCHMLIB IA_LYSE.M
98.02.22 12:41 B C:\MATLAB\HRTF\SCHMLIB\IA_PLOT.M --> alpha /home2/mlspezio/Matlab/HRTF/SCHMLIB IA_PLOT.M
98.02.22 12:41 B C:\MATLAB\HRTF\SCHMLIB\IA_PLOT1.M --> alpha /home2/mlspezio/Matlab/HRTF/SCHMLIB IA_PLOT1.M
98.02.22 12:41 B C:\MATLAB\HRTF\SCHMLIB\IA_PLOT2.M --> alpha /home2/mlspezio/Matlab/HRTF/SCHMLIB IA_PLOT2.M
98.02.22 12:41 B C:\MATLAB\HRTF\SCHMLIB\IA_S_FRQ.M --> alpha /home2/mlspezio/Matlab/HRTF/SCHMLIB IA_S_FRQ.M
98.02.22 12:41 B C:\MATLAB\HRTF\SCHMLIB\IA_SAVE.M --> alpha /home2/mlspezio/Matlab/HRTF/SCHMLIB IA_SAVE.M
98.02.22 12:41 B C:\MATLAB\HRTF\SCHMLIB\ISO_FIT.M --> alpha /home2/mlspezio/Matlab/HRTF/SCHMLIB ISO_FIT.M
98.02.22 12:41 B C:\MATLAB\HRTF\SCHMLIB\ISO_MESH.M --> alpha /home2/mlspezio/Matlab/HRTF/SCHMLIB ISO_MESH.M
98.02.22 12:41 B C:\MATLAB\HRTF\SCHMLIB\ISO_PHFI.M --> alpha /home2/mlspezio/Matlab/HRTF/SCHMLIB ISO_PHFI.M
98.02.22 12:41 B C:\MATLAB\HRTF\SCHMLIB\ISOGLOBE.M --> alpha /home2/mlspezio/Matlab/HRTF/SCHMLIB ISOGLOBE.M
98.02.22 12:41 B C:\MATLAB\HRTF\SCHMLIB\ISOLYSE.M --> alpha /home2/mlspezio/Matlab/HRTF/SCHMLIB ISOLYSE.M
98.02.22 12:41 B C:\MATLAB\HRTF\SCHMLIB\ISOPLOT.M --> alpha /home2/mlspezio/Matlab/HRTF/SCHMLIB ISOPLOT.M
98.02.22 12:41 B C:\MATLAB\HRTF\SCHMLIB\L_CONTR.M --> alpha /home2/mlspezio/Matlab/HRTF/SCHMLIB L_CONTR.M
98.02.22 12:42 B C:\MATLAB\HRTF\SCHMLIB\LEVELDIF.M --> alpha /home2/mlspezio/Matlab/HRTF/SCHMLIB LEVELDIF.M
98.02.22 12:42 B C:\MATLAB\HRTF\SCHMLIB\M_LAYOUT.M --> alpha /home2/mlspezio/Matlab/HRTF/SCHMLIB M_LAYOUT.M
98.02.22 12:42 B C:\MATLAB\HRTF\SCHMLIB\MAGN_LOG.M --> alpha /home2/mlspezio/Matlab/HRTF/SCHMLIB MAGN_LOG.M
98.02.22 12:42 B C:\MATLAB\HRTF\SCHMLIB\MAGNPLOT.M --> alpha /home2/mlspezio/Matlab/HRTF/SCHMLIB MAGNPLOT.M
98.02.22 12:42 B C:\MATLAB\HRTF\SCHMLIB\MESH_LAY.M --> alpha /home2/mlspezio/Matlab/HRTF/SCHMLIB MESH_LAY.M
98.02.22 12:42 B C:\MATLAB\HRTF\SCHMLIB\MESHING.M --> alpha /home2/mlspezio/Matlab/HRTF/SCHMLIB MESHING.M
98.02.22 12:42 B C:\MATLAB\HRTF\SCHMLIB\MESHPLOT.M --> alpha /home2/mlspezio/Matlab/HRTF/SCHMLIB MESHPLOT.M
98.02.22 12:42 B C:\MATLAB\HRTF\SCHMLIB\MIRROR.M --> alpha /home2/mlspezio/Matlab/HRTF/SCHMLIB MIRROR.M
98.02.22 12:42 B C:\MATLAB\HRTF\SCHMLIB\MO_CNTRL.M --> alpha /home2/mlspezio/Matlab/HRTF/SCHMLIB MO_CNTRL.M
98.02.22 12:42 B C:\MATLAB\HRTF\SCHMLIB\MO_SPEED.M --> alpha /home2/mlspezio/Matlab/HRTF/SCHMLIB MO_SPEED.M
98.02.22 12:42 B C:\MATLAB\HRTF\SCHMLIB\MOTION.M --> alpha /home2/mlspezio/Matlab/HRTF/SCHMLIB MOTION.M
98.02.22 12:42 B C:\MATLAB\HRTF\SCHMLIB\P_LAYOUT.M --> alpha /home2/mlspezio/Matlab/HRTF/SCHMLIB P_LAYOUT.M
98.02.22 12:42 B C:\MATLAB\HRTF\SCHMLIB\PH_LOG.M --> alpha /home2/mlspezio/Matlab/HRTF/SCHMLIB PH_LOG.M
98.02.22 12:42 B C:\MATLAB\HRTF\SCHMLIB\PH_PLOT.M --> alpha /home2/mlspezio/Matlab/HRTF/SCHMLIB PH_PLOT.M
98.02.22 12:42 B C:\MATLAB\HRTF\SCHMLIB\PLANEDCT.M --> alpha /home2/mlspezio/Matlab/HRTF/SCHMLIB PLANEDCT.M
98.02.22 12:42 B C:\MATLAB\HRTF\SCHMLIB\POLARNET.M --> alpha /home2/mlspezio/Matlab/HRTF/SCHMLIB POLARNET.M
98.02.22 12:42 B C:\MATLAB\HRTF\SCHMLIB\PSC_CONT.M --> alpha /home2/mlspezio/Matlab/HRTF/SCHMLIB PSC_CONT.M
98.02.22 12:42 B C:\MATLAB\HRTF\SCHMLIB\PSC_ING.M --> alpha /home2/mlspezio/Matlab/HRTF/SCHMLIB PSC_ING.M
98.02.22 12:42 B C:\MATLAB\HRTF\SCHMLIB\R_FRQ.M --> alpha /home2/mlspezio/Matlab/HRTF/SCHMLIB R_FRQ.M
98.02.22 12:42 B C:\MATLAB\HRTF\SCHMLIB\R_TIME.M --> alpha /home2/mlspezio/Matlab/HRTF/SCHMLIB R_TIME.M
98.02.22 12:42 B C:\MATLAB\HRTF\SCHMLIB\READ.M --> alpha /home2/mlspezio/Matlab/HRTF/SCHMLIB READ.M
98.02.22 12:42 B C:\MATLAB\HRTF\SCHMLIB\READ_ISO.M --> alpha /home2/mlspezio/Matlab/HRTF/SCHMLIB READ_ISO.M
98.02.22 12:42 B C:\MATLAB\HRTF\SCHMLIB\SPH_CONT.M --> alpha /home2/mlspezio/Matlab/HRTF/SCHMLIB SPH_CONT.M
98.02.22 12:42 B C:\MATLAB\HRTF\SCHMLIB\T_LAYOUT.M --> alpha /home2/mlspezio/Matlab/HRTF/SCHMLIB T_LAYOUT.M
98.02.22 12:43 B C:\MATLAB\HRTF\SCHMLIB\TIMEDIFF.M --> alpha /home2/mlspezio/Matlab/HRTF/SCHMLIB TIMEDIFF.M
98.02.22 12:43 B C:\MATLAB\HRTF\SCHMLIB\U_SAMPLE.M --> alpha /home2/mlspezio/Matlab/HRTF/SCHMLIB U_SAMPLE.M
98.02.22 12:43 B C:\MATLAB\HRTF\SCHMLIB\V3DCNTRL.M --> alpha /home2/mlspezio/Matlab/HRTF/SCHMLIB V3DCNTRL.M
98.02.22 12:43 B C:\MATLAB\HRTF\SCHMLIB\Y_AXIS.M --> alpha /home2/mlspezio/Matlab/HRTF/SCHMLIB Y_AXIS.M
98.02.22 12:43 B C:\MATLAB\HRTF\SCHMLIB\ZOOM1.M --> alpha /home2/mlspezio/Matlab/HRTF/SCHMLIB ZOOM1.M
98.02.22 12:43 B C:\MATLAB\HRTF\SCHMLIB\ZOOM1_.M --> alpha /home2/mlspezio/Matlab/HRTF/SCHMLIB ZOOM1_.M
98.02.22 12:43 B C:\MATLAB\HRTF\SCHMLIB\ZOOM_.M --> alpha /home2/mlspezio/Matlab/HRTF/SCHMLIB ZOOM_.M
98.02.22 12:43 B C:\MATLAB\HRTF\SCHMLIB\ZOOM_SUB.M --> alpha /home2/mlspezio/Matlab/HRTF/SCHMLIB ZOOM_SUB.M
98.03.20 16:57 B C:\MATLAB\HRTF\SCHMLIB\ABS2DB.M --> slowmo /extra/pentium/c/MATLAB/HRTF/SCHMLIB ABS2DB.M
98.03.20 16:57 B C:\MATLAB\HRTF\SCHMLIB\ANALYSE.M --> slowmo /extra/pentium/c/MATLAB/HRTF/SCHMLIB ANALYSE.M
98.03.20 16:57 B C:\MATLAB\HRTF\SCHMLIB\BARK2HZ.M --> slowmo /extra/pentium/c/MATLAB/HRTF/SCHMLIB BARK2HZ.M
98.03.20 16:57 B C:\MATLAB\HRTF\SCHMLIB\CONT_ING.M --> slowmo /extra/pentium/c/MATLAB/HRTF/SCHMLIB CONT_ING.M
98.03.20 16:57 B C:\MATLAB\HRTF\SCHMLIB\CONTPLOT.M --> slowmo /extra/pentium/c/MATLAB/HRTF/SCHMLIB CONTPLOT.M
98.03.20 16:57 B C:\MATLAB\HRTF\SCHMLIB\CUT_SIG.M --> slowmo /extra/pentium/c/MATLAB/HRTF/SCHMLIB CUT_SIG.M
98.03.20 16:58 B C:\MATLAB\HRTF\SCHMLIB\DELAY.M --> slowmo /extra/pentium/c/MATLAB/HRTF/SCHMLIB DELAY.M
98.03.20 16:58 B C:\MATLAB\HRTF\SCHMLIB\DELAYLOG.M --> slowmo /extra/pentium/c/MATLAB/HRTF/SCHMLIB DELAYLOG.M
98.03.20 16:58 B C:\MATLAB\HRTF\SCHMLIB\DELAYOUT.M --> slowmo /extra/pentium/c/MATLAB/HRTF/SCHMLIB DELAYOUT.M
98.03.20 16:58 B C:\MATLAB\HRTF\SCHMLIB\DIRLABEL.M --> slowmo /extra/pentium/c/MATLAB/HRTF/SCHMLIB DIRLABEL.M
98.03.20 16:58 B C:\MATLAB\HRTF\SCHMLIB\EARFILT.M --> slowmo /extra/pentium/c/MATLAB/HRTF/SCHMLIB EARFILT.M
98.03.20 16:58 B C:\MATLAB\HRTF\SCHMLIB\FG_CNTRL.M --> slowmo /extra/pentium/c/MATLAB/HRTF/SCHMLIB FG_CNTRL.M
98.03.20 16:58 B C:\MATLAB\HRTF\SCHMLIB\FINDAX.M --> slowmo /extra/pentium/c/MATLAB/HRTF/SCHMLIB FINDAX.M
98.03.20 16:58 B C:\MATLAB\HRTF\SCHMLIB\FRQCNTRL.M --> slowmo /extra/pentium/c/MATLAB/HRTF/SCHMLIB FRQCNTRL.M
98.03.20 16:58 B C:\MATLAB\HRTF\SCHMLIB\FRQSCALE.M --> slowmo /extra/pentium/c/MATLAB/HRTF/SCHMLIB FRQSCALE.M
98.03.20 16:58 B C:\MATLAB\HRTF\SCHMLIB\GAUSS.M --> slowmo /extra/pentium/c/MATLAB/HRTF/SCHMLIB GAUSS.M
98.03.20 16:58 B C:\MATLAB\HRTF\SCHMLIB\HZ2BARK.M --> slowmo /extra/pentium/c/MATLAB/HRTF/SCHMLIB HZ2BARK.M
98.03.20 16:58 B C:\MATLAB\HRTF\SCHMLIB\IA_CNTRL.M --> slowmo /extra/pentium/c/MATLAB/HRTF/SCHMLIB IA_CNTRL.M
98.03.20 16:58 B C:\MATLAB\HRTF\SCHMLIB\IA_DIR.M --> slowmo /extra/pentium/c/MATLAB/HRTF/SCHMLIB IA_DIR.M
98.03.20 16:58 B C:\MATLAB\HRTF\SCHMLIB\IA_EVAL1.M --> slowmo /extra/pentium/c/MATLAB/HRTF/SCHMLIB IA_EVAL1.M
98.03.20 16:58 B C:\MATLAB\HRTF\SCHMLIB\IA_EVALX.M --> slowmo /extra/pentium/c/MATLAB/HRTF/SCHMLIB IA_EVALX.M
98.03.20 16:58 B C:\MATLAB\HRTF\SCHMLIB\IA_FIT.M --> slowmo /extra/pentium/c/MATLAB/HRTF/SCHMLIB IA_FIT.M
98.03.20 16:58 B C:\MATLAB\HRTF\SCHMLIB\IA_GLOBE.M --> slowmo /extra/pentium/c/MATLAB/HRTF/SCHMLIB IA_GLOBE.M
98.03.20 16:58 B C:\MATLAB\HRTF\SCHMLIB\IA_LYSE.M --> slowmo /extra/pentium/c/MATLAB/HRTF/SCHMLIB IA_LYSE.M
98.03.20 16:58 B C:\MATLAB\HRTF\SCHMLIB\IA_PLOT.M --> slowmo /extra/pentium/c/MATLAB/HRTF/SCHMLIB IA_PLOT.M
98.03.20 16:58 B C:\MATLAB\HRTF\SCHMLIB\IA_PLOT1.M --> slowmo /extra/pentium/c/MATLAB/HRTF/SCHMLIB IA_PLOT1.M
98.03.20 16:58 B C:\MATLAB\HRTF\SCHMLIB\IA_PLOT2.M --> slowmo /extra/pentium/c/MATLAB/HRTF/SCHMLIB IA_PLOT2.M
98.03.20 16:58 B C:\MATLAB\HRTF\SCHMLIB\IA_S_FRQ.M --> slowmo /extra/pentium/c/MATLAB/HRTF/SCHMLIB IA_S_FRQ.M
98.03.20 16:58 B C:\MATLAB\HRTF\SCHMLIB\IA_SAVE.M --> slowmo /extra/pentium/c/MATLAB/HRTF/SCHMLIB IA_SAVE.M
98.03.20 16:58 B C:\MATLAB\HRTF\SCHMLIB\ISO_FIT.M --> slowmo /extra/pentium/c/MATLAB/HRTF/SCHMLIB ISO_FIT.M
98.03.20 16:58 B C:\MATLAB\HRTF\SCHMLIB\ISO_MESH.M --> slowmo /extra/pentium/c/MATLAB/HRTF/SCHMLIB ISO_MESH.M
98.03.20 16:58 B C:\MATLAB\HRTF\SCHMLIB\ISO_PHFI.M --> slowmo /extra/pentium/c/MATLAB/HRTF/SCHMLIB ISO_PHFI.M
98.03.20 16:58 B C:\MATLAB\HRTF\SCHMLIB\ISOGLOBE.M --> slowmo /extra/pentium/c/MATLAB/HRTF/SCHMLIB ISOGLOBE.M
98.03.20 16:58 B C:\MATLAB\HRTF\SCHMLIB\ISOLYSE.M --> slowmo /extra/pentium/c/MATLAB/HRTF/SCHMLIB ISOLYSE.M
98.03.20 16:58 B C:\MATLAB\HRTF\SCHMLIB\ISOPLOT.M --> slowmo /extra/pentium/c/MATLAB/HRTF/SCHMLIB ISOPLOT.M
98.03.20 16:58 B C:\MATLAB\HRTF\SCHMLIB\L_CONTR.M --> slowmo /extra/pentium/c/MATLAB/HRTF/SCHMLIB L_CONTR.M
98.03.20 16:58 B C:\MATLAB\HRTF\SCHMLIB\LEVELDIF.M --> slowmo /extra/pentium/c/MATLAB/HRTF/SCHMLIB LEVELDIF.M
98.03.20 16:58 B C:\MATLAB\HRTF\SCHMLIB\M_LAYOUT.M --> slowmo /extra/pentium/c/MATLAB/HRTF/SCHMLIB M_LAYOUT.M
98.03.20 16:58 B C:\MATLAB\HRTF\SCHMLIB\MAGN_LOG.M --> slowmo /extra/pentium/c/MATLAB/HRTF/SCHMLIB MAGN_LOG.M
98.03.20 16:58 B C:\MATLAB\HRTF\SCHMLIB\MAGNPLOT.M --> slowmo /extra/pentium/c/MATLAB/HRTF/SCHMLIB MAGNPLOT.M
98.03.20 16:58 B C:\MATLAB\HRTF\SCHMLIB\MESH_LAY.M --> slowmo /extra/pentium/c/MATLAB/HRTF/SCHMLIB MESH_LAY.M
98.03.20 16:58 B C:\MATLAB\HRTF\SCHMLIB\MESHING.M --> slowmo /extra/pentium/c/MATLAB/HRTF/SCHMLIB MESHING.M
98.03.20 16:58 B C:\MATLAB\HRTF\SCHMLIB\MESHPLOT.M --> slowmo /extra/pentium/c/MATLAB/HRTF/SCHMLIB MESHPLOT.M
98.03.20 16:58 B C:\MATLAB\HRTF\SCHMLIB\MIRROR.M --> slowmo /extra/pentium/c/MATLAB/HRTF/SCHMLIB MIRROR.M
98.03.20 16:58 B C:\MATLAB\HRTF\SCHMLIB\MO_CNTRL.M --> slowmo /extra/pentium/c/MATLAB/HRTF/SCHMLIB MO_CNTRL.M
98.03.20 16:58 B C:\MATLAB\HRTF\SCHMLIB\MO_SPEED.M --> slowmo /extra/pentium/c/MATLAB/HRTF/SCHMLIB MO_SPEED.M
98.03.20 16:58 B C:\MATLAB\HRTF\SCHMLIB\MOTION.M --> slowmo /extra/pentium/c/MATLAB/HRTF/SCHMLIB MOTION.M
98.03.20 16:58 B C:\MATLAB\HRTF\SCHMLIB\P_LAYOUT.M --> slowmo /extra/pentium/c/MATLAB/HRTF/SCHMLIB P_LAYOUT.M
98.03.20 16:58 B C:\MATLAB\HRTF\SCHMLIB\PH_LOG.M --> slowmo /extra/pentium/c/MATLAB/HRTF/SCHMLIB PH_LOG.M
98.03.20 16:58 B C:\MATLAB\HRTF\SCHMLIB\PH_PLOT.M --> slowmo /extra/pentium/c/MATLAB/HRTF/SCHMLIB PH_PLOT.M
98.03.20 16:58 B C:\MATLAB\HRTF\SCHMLIB\PLANEDCT.M --> slowmo /extra/pentium/c/MATLAB/HRTF/SCHMLIB PLANEDCT.M
98.03.20 16:58 B C:\MATLAB\HRTF\SCHMLIB\POLARNET.M --> slowmo /extra/pentium/c/MATLAB/HRTF/SCHMLIB POLARNET.M
98.03.20 16:58 B C:\MATLAB\HRTF\SCHMLIB\PSC_CONT.M --> slowmo /extra/pentium/c/MATLAB/HRTF/SCHMLIB PSC_CONT.M
98.03.20 16:58 B C:\MATLAB\HRTF\SCHMLIB\PSC_ING.M --> slowmo /extra/pentium/c/MATLAB/HRTF/SCHMLIB PSC_ING.M
98.03.20 16:58 B C:\MATLAB\HRTF\SCHMLIB\R_FRQ.M --> slowmo /extra/pentium/c/MATLAB/HRTF/SCHMLIB R_FRQ.M
98.03.20 16:58 B C:\MATLAB\HRTF\SCHMLIB\R_TIME.M --> slowmo /extra/pentium/c/MATLAB/HRTF/SCHMLIB R_TIME.M
98.03.20 16:58 B C:\MATLAB\HRTF\SCHMLIB\READ.M --> slowmo /extra/pentium/c/MATLAB/HRTF/SCHMLIB READ.M
98.03.20 16:58 B C:\MATLAB\HRTF\SCHMLIB\READ_ISO.M --> slowmo /extra/pentium/c/MATLAB/HRTF/SCHMLIB READ_ISO.M
98.03.20 16:58 B C:\MATLAB\HRTF\SCHMLIB\SPH_CONT.M --> slowmo /extra/pentium/c/MATLAB/HRTF/SCHMLIB SPH_CONT.M
98.03.20 16:58 B C:\MATLAB\HRTF\SCHMLIB\T_LAYOUT.M --> slowmo /extra/pentium/c/MATLAB/HRTF/SCHMLIB T_LAYOUT.M
98.03.20 16:58 B C:\MATLAB\HRTF\SCHMLIB\TIMEDIFF.M --> slowmo /extra/pentium/c/MATLAB/HRTF/SCHMLIB TIMEDIFF.M
98.03.20 16:58 B C:\MATLAB\HRTF\SCHMLIB\U_SAMPLE.M --> slowmo /extra/pentium/c/MATLAB/HRTF/SCHMLIB U_SAMPLE.M
98.03.20 16:58 B C:\MATLAB\HRTF\SCHMLIB\V3DCNTRL.M --> slowmo /extra/pentium/c/MATLAB/HRTF/SCHMLIB V3DCNTRL.M
98.03.20 16:58 B C:\MATLAB\HRTF\SCHMLIB\WS_FTP.LOG --> slowmo /extra/pentium/c/MATLAB/HRTF/SCHMLIB WS_FTP.LOG
98.03.20 16:58 B C:\MATLAB\HRTF\SCHMLIB\Y_AXIS.M --> slowmo /extra/pentium/c/MATLAB/HRTF/SCHMLIB Y_AXIS.M
98.03.20 16:58 B C:\MATLAB\HRTF\SCHMLIB\ZOOM1.M --> slowmo /extra/pentium/c/MATLAB/HRTF/SCHMLIB ZOOM1.M
98.03.20 16:58 B C:\MATLAB\HRTF\SCHMLIB\ZOOM1_.M --> slowmo /extra/pentium/c/MATLAB/HRTF/SCHMLIB ZOOM1_.M
98.03.20 16:58 B C:\MATLAB\HRTF\SCHMLIB\ZOOM_.M --> slowmo /extra/pentium/c/MATLAB/HRTF/SCHMLIB ZOOM_.M
98.03.20 16:58 B C:\MATLAB\HRTF\SCHMLIB\ZOOM_SUB.M --> slowmo /extra/pentium/c/MATLAB/HRTF/SCHMLIB ZOOM_SUB.M
