98.02.22 12:37 B C:\MATLAB\HRTF\RAABLIB\TOOL\ASKYESNO.M --> alpha /home2/mlspezio/Matlab/HRTF/RAABLIB/TOOL ASKYESNO.M
98.02.22 12:37 B C:\MATLAB\HRTF\RAABLIB\TOOL\CHECKFFT.M --> alpha /home2/mlspezio/Matlab/HRTF/RAABLIB/TOOL CHECKFFT.M
98.02.22 12:37 B C:\MATLAB\HRTF\RAABLIB\TOOL\CHKFILE.M --> alpha /home2/mlspezio/Matlab/HRTF/RAABLIB/TOOL CHKFILE.M
98.02.22 12:37 B C:\MATLAB\HRTF\RAABLIB\TOOL\CLOSEALL.M --> alpha /home2/mlspezio/Matlab/HRTF/RAABLIB/TOOL CLOSEALL.M
98.02.22 12:37 B C:\MATLAB\HRTF\RAABLIB\TOOL\COF2BIN.M --> alpha /home2/mlspezio/Matlab/HRTF/RAABLIB/TOOL COF2BIN.M
98.02.22 12:37 B C:\MATLAB\HRTF\RAABLIB\TOOL\COF2SR2.M --> alpha /home2/mlspezio/Matlab/HRTF/RAABLIB/TOOL COF2SR2.M
98.02.22 12:37 B C:\MATLAB\HRTF\RAABLIB\TOOL\COMPARE.M --> alpha /home2/mlspezio/Matlab/HRTF/RAABLIB/TOOL COMPARE.M
98.02.22 12:37 B C:\MATLAB\HRTF\RAABLIB\TOOL\CONTENTS.M --> alpha /home2/mlspezio/Matlab/HRTF/RAABLIB/TOOL CONTENTS.M
98.02.22 12:37 B C:\MATLAB\HRTF\RAABLIB\TOOL\CONVERT.M --> alpha /home2/mlspezio/Matlab/HRTF/RAABLIB/TOOL CONVERT.M
98.02.22 12:37 B C:\MATLAB\HRTF\RAABLIB\TOOL\DERIVE.M --> alpha /home2/mlspezio/Matlab/HRTF/RAABLIB/TOOL DERIVE.M
98.02.22 12:38 B C:\MATLAB\HRTF\RAABLIB\TOOL\DINPUT.M --> alpha /home2/mlspezio/Matlab/HRTF/RAABLIB/TOOL DINPUT.M
98.02.22 12:38 B C:\MATLAB\HRTF\RAABLIB\TOOL\ETC.M --> alpha /home2/mlspezio/Matlab/HRTF/RAABLIB/TOOL ETC.M
98.02.22 12:38 B C:\MATLAB\HRTF\RAABLIB\TOOL\FREQGRP.M --> alpha /home2/mlspezio/Matlab/HRTF/RAABLIB/TOOL FREQGRP.M
98.02.22 12:38 B C:\MATLAB\HRTF\RAABLIB\TOOL\FSMOOTH.M --> alpha /home2/mlspezio/Matlab/HRTF/RAABLIB/TOOL FSMOOTH.M
98.02.22 12:38 B C:\MATLAB\HRTF\RAABLIB\TOOL\GETSAMPL.M --> alpha /home2/mlspezio/Matlab/HRTF/RAABLIB/TOOL GETSAMPL.M
98.02.22 12:38 B C:\MATLAB\HRTF\RAABLIB\TOOL\GRCNTRL.M --> alpha /home2/mlspezio/Matlab/HRTF/RAABLIB/TOOL GRCNTRL.M
98.02.22 12:38 B C:\MATLAB\HRTF\RAABLIB\TOOL\GRCNTRL_.M --> alpha /home2/mlspezio/Matlab/HRTF/RAABLIB/TOOL GRCNTRL_.M
98.02.22 12:38 B C:\MATLAB\HRTF\RAABLIB\TOOL\HZ2BARK.M --> alpha /home2/mlspezio/Matlab/HRTF/RAABLIB/TOOL HZ2BARK.M
98.02.22 12:38 B C:\MATLAB\HRTF\RAABLIB\TOOL\IRPLOT.M --> alpha /home2/mlspezio/Matlab/HRTF/RAABLIB/TOOL IRPLOT.M
98.02.22 12:38 B C:\MATLAB\HRTF\RAABLIB\TOOL\ISEVEN.M --> alpha /home2/mlspezio/Matlab/HRTF/RAABLIB/TOOL ISEVEN.M
98.02.22 12:38 B C:\MATLAB\HRTF\RAABLIB\TOOL\ISSTABLE.M --> alpha /home2/mlspezio/Matlab/HRTF/RAABLIB/TOOL ISSTABLE.M
98.02.22 12:38 B C:\MATLAB\HRTF\RAABLIB\TOOL\LATTICE.M --> alpha /home2/mlspezio/Matlab/HRTF/RAABLIB/TOOL LATTICE.M
98.02.22 12:38 B C:\MATLAB\HRTF\RAABLIB\TOOL\LINES.M --> alpha /home2/mlspezio/Matlab/HRTF/RAABLIB/TOOL LINES.M
98.02.22 12:38 B C:\MATLAB\HRTF\RAABLIB\TOOL\MAGPLOT.M --> alpha /home2/mlspezio/Matlab/HRTF/RAABLIB/TOOL MAGPLOT.M
98.02.22 12:38 B C:\MATLAB\HRTF\RAABLIB\TOOL\MIXRAND.M --> alpha /home2/mlspezio/Matlab/HRTF/RAABLIB/TOOL MIXRAND.M
98.02.22 12:38 B C:\MATLAB\HRTF\RAABLIB\TOOL\MKLSDATA.M --> alpha /home2/mlspezio/Matlab/HRTF/RAABLIB/TOOL MKLSDATA.M
98.02.22 12:38 B C:\MATLAB\HRTF\RAABLIB\TOOL\MKLSRDAT.M --> alpha /home2/mlspezio/Matlab/HRTF/RAABLIB/TOOL MKLSRDAT.M
98.02.22 12:38 B C:\MATLAB\HRTF\RAABLIB\TOOL\MKSAMPLE.M --> alpha /home2/mlspezio/Matlab/HRTF/RAABLIB/TOOL MKSAMPLE.M
98.02.22 12:38 B C:\MATLAB\HRTF\RAABLIB\TOOL\MKSINSI1.M --> alpha /home2/mlspezio/Matlab/HRTF/RAABLIB/TOOL MKSINSI1.M
98.02.22 12:38 B C:\MATLAB\HRTF\RAABLIB\TOOL\MMSAMPLE.M --> alpha /home2/mlspezio/Matlab/HRTF/RAABLIB/TOOL MMSAMPLE.M
98.02.22 12:38 B C:\MATLAB\HRTF\RAABLIB\TOOL\PHASPLOT.M --> alpha /home2/mlspezio/Matlab/HRTF/RAABLIB/TOOL PHASPLOT.M
98.02.22 12:38 B C:\MATLAB\HRTF\RAABLIB\TOOL\PLTSTYLE.M --> alpha /home2/mlspezio/Matlab/HRTF/RAABLIB/TOOL PLTSTYLE.M
98.02.22 12:38 B C:\MATLAB\HRTF\RAABLIB\TOOL\PRCNTRL.M --> alpha /home2/mlspezio/Matlab/HRTF/RAABLIB/TOOL PRCNTRL.M
98.02.22 12:38 B C:\MATLAB\HRTF\RAABLIB\TOOL\PRCNTRL_.M --> alpha /home2/mlspezio/Matlab/HRTF/RAABLIB/TOOL PRCNTRL_.M
98.02.22 12:39 B C:\MATLAB\HRTF\RAABLIB\TOOL\READDATA.M --> alpha /home2/mlspezio/Matlab/HRTF/RAABLIB/TOOL READDATA.M
98.02.22 12:39 B C:\MATLAB\HRTF\RAABLIB\TOOL\READDEL.M --> alpha /home2/mlspezio/Matlab/HRTF/RAABLIB/TOOL READDEL.M
98.02.22 12:39 B C:\MATLAB\HRTF\RAABLIB\TOOL\READDIRS.M --> alpha /home2/mlspezio/Matlab/HRTF/RAABLIB/TOOL READDIRS.M
98.02.22 12:39 B C:\MATLAB\HRTF\RAABLIB\TOOL\READHP.M --> alpha /home2/mlspezio/Matlab/HRTF/RAABLIB/TOOL READHP.M
98.02.22 12:39 B C:\MATLAB\HRTF\RAABLIB\TOOL\READLS.M --> alpha /home2/mlspezio/Matlab/HRTF/RAABLIB/TOOL READLS.M
98.02.22 12:39 B C:\MATLAB\HRTF\RAABLIB\TOOL\READSI1.M --> alpha /home2/mlspezio/Matlab/HRTF/RAABLIB/TOOL READSI1.M
98.02.22 12:39 B C:\MATLAB\HRTF\RAABLIB\TOOL\READSIG2.M --> alpha /home2/mlspezio/Matlab/HRTF/RAABLIB/TOOL READSIG2.M
98.02.22 12:39 B C:\MATLAB\HRTF\RAABLIB\TOOL\READSR1.M --> alpha /home2/mlspezio/Matlab/HRTF/RAABLIB/TOOL READSR1.M
98.02.22 12:39 B C:\MATLAB\HRTF\RAABLIB\TOOL\READSR2.M --> alpha /home2/mlspezio/Matlab/HRTF/RAABLIB/TOOL READSR2.M
98.02.22 12:39 B C:\MATLAB\HRTF\RAABLIB\TOOL\READWAV.M --> alpha /home2/mlspezio/Matlab/HRTF/RAABLIB/TOOL READWAV.M
98.02.22 12:39 B C:\MATLAB\HRTF\RAABLIB\TOOL\SAMPLFRQ.M --> alpha /home2/mlspezio/Matlab/HRTF/RAABLIB/TOOL SAMPLFRQ.M
98.02.22 12:39 B C:\MATLAB\HRTF\RAABLIB\TOOL\SELDIRS.M --> alpha /home2/mlspezio/Matlab/HRTF/RAABLIB/TOOL SELDIRS.M
98.02.22 12:39 B C:\MATLAB\HRTF\RAABLIB\TOOL\SMOOTH.M --> alpha /home2/mlspezio/Matlab/HRTF/RAABLIB/TOOL SMOOTH.M
98.02.22 12:39 B C:\MATLAB\HRTF\RAABLIB\TOOL\SQRPLOT.M --> alpha /home2/mlspezio/Matlab/HRTF/RAABLIB/TOOL SQRPLOT.M
98.02.22 12:39 B C:\MATLAB\HRTF\RAABLIB\TOOL\STABLE.M --> alpha /home2/mlspezio/Matlab/HRTF/RAABLIB/TOOL STABLE.M
98.02.22 12:39 B C:\MATLAB\HRTF\RAABLIB\TOOL\STRETCH.M --> alpha /home2/mlspezio/Matlab/HRTF/RAABLIB/TOOL STRETCH.M
98.02.22 12:39 B C:\MATLAB\HRTF\RAABLIB\TOOL\TEXTMENU.M --> alpha /home2/mlspezio/Matlab/HRTF/RAABLIB/TOOL TEXTMENU.M
98.02.22 12:39 B C:\MATLAB\HRTF\RAABLIB\TOOL\TGROUP.M --> alpha /home2/mlspezio/Matlab/HRTF/RAABLIB/TOOL TGROUP.M
98.02.22 12:39 B C:\MATLAB\HRTF\RAABLIB\TOOL\TGRPDEMO.M --> alpha /home2/mlspezio/Matlab/HRTF/RAABLIB/TOOL TGRPDEMO.M
98.02.22 12:39 B C:\MATLAB\HRTF\RAABLIB\TOOL\TGRPPLOT.M --> alpha /home2/mlspezio/Matlab/HRTF/RAABLIB/TOOL TGRPPLOT.M
98.02.22 12:40 B C:\MATLAB\HRTF\RAABLIB\TOOL\USERGRID.M --> alpha /home2/mlspezio/Matlab/HRTF/RAABLIB/TOOL USERGRID.M
98.02.22 12:40 B C:\MATLAB\HRTF\RAABLIB\TOOL\WRITESI1.M --> alpha /home2/mlspezio/Matlab/HRTF/RAABLIB/TOOL WRITESI1.M
98.02.22 12:40 B C:\MATLAB\HRTF\RAABLIB\TOOL\WRITESR2.M --> alpha /home2/mlspezio/Matlab/HRTF/RAABLIB/TOOL WRITESR2.M
98.02.22 12:40 B C:\MATLAB\HRTF\RAABLIB\TOOL\WRITETXT.M --> alpha /home2/mlspezio/Matlab/HRTF/RAABLIB/TOOL WRITETXT.M
98.02.22 12:40 B C:\MATLAB\HRTF\RAABLIB\TOOL\ZPMAP.M --> alpha /home2/mlspezio/Matlab/HRTF/RAABLIB/TOOL ZPMAP.M
98.03.20 16:57 B C:\MATLAB\HRTF\RAABLIB\TOOL\ASKYESNO.M --> slowmo /extra/pentium/c/MATLAB/HRTF/RAABLIB/TOOL ASKYESNO.M
98.03.20 16:57 B C:\MATLAB\HRTF\RAABLIB\TOOL\CHECKFFT.M --> slowmo /extra/pentium/c/MATLAB/HRTF/RAABLIB/TOOL CHECKFFT.M
98.03.20 16:57 B C:\MATLAB\HRTF\RAABLIB\TOOL\CHKFILE.M --> slowmo /extra/pentium/c/MATLAB/HRTF/RAABLIB/TOOL CHKFILE.M
98.03.20 16:57 B C:\MATLAB\HRTF\RAABLIB\TOOL\CLOSEALL.M --> slowmo /extra/pentium/c/MATLAB/HRTF/RAABLIB/TOOL CLOSEALL.M
98.03.20 16:57 B C:\MATLAB\HRTF\RAABLIB\TOOL\COF2BIN.M --> slowmo /extra/pentium/c/MATLAB/HRTF/RAABLIB/TOOL COF2BIN.M
98.03.20 16:57 B C:\MATLAB\HRTF\RAABLIB\TOOL\COF2SR2.M --> slowmo /extra/pentium/c/MATLAB/HRTF/RAABLIB/TOOL COF2SR2.M
98.03.20 16:57 B C:\MATLAB\HRTF\RAABLIB\TOOL\COMPARE.M --> slowmo /extra/pentium/c/MATLAB/HRTF/RAABLIB/TOOL COMPARE.M
98.03.20 16:57 B C:\MATLAB\HRTF\RAABLIB\TOOL\CONTENTS.M --> slowmo /extra/pentium/c/MATLAB/HRTF/RAABLIB/TOOL CONTENTS.M
98.03.20 16:57 B C:\MATLAB\HRTF\RAABLIB\TOOL\CONVERT.M --> slowmo /extra/pentium/c/MATLAB/HRTF/RAABLIB/TOOL CONVERT.M
98.03.20 16:57 B C:\MATLAB\HRTF\RAABLIB\TOOL\DERIVE.M --> slowmo /extra/pentium/c/MATLAB/HRTF/RAABLIB/TOOL DERIVE.M
98.03.20 16:57 B C:\MATLAB\HRTF\RAABLIB\TOOL\DINPUT.M --> slowmo /extra/pentium/c/MATLAB/HRTF/RAABLIB/TOOL DINPUT.M
98.03.20 16:57 B C:\MATLAB\HRTF\RAABLIB\TOOL\ETC.M --> slowmo /extra/pentium/c/MATLAB/HRTF/RAABLIB/TOOL ETC.M
98.03.20 16:57 B C:\MATLAB\HRTF\RAABLIB\TOOL\FREQGRP.M --> slowmo /extra/pentium/c/MATLAB/HRTF/RAABLIB/TOOL FREQGRP.M
98.03.20 16:57 B C:\MATLAB\HRTF\RAABLIB\TOOL\FSMOOTH.M --> slowmo /extra/pentium/c/MATLAB/HRTF/RAABLIB/TOOL FSMOOTH.M
98.03.20 16:57 B C:\MATLAB\HRTF\RAABLIB\TOOL\GETSAMPL.M --> slowmo /extra/pentium/c/MATLAB/HRTF/RAABLIB/TOOL GETSAMPL.M
98.03.20 16:57 B C:\MATLAB\HRTF\RAABLIB\TOOL\GRCNTRL.M --> slowmo /extra/pentium/c/MATLAB/HRTF/RAABLIB/TOOL GRCNTRL.M
98.03.20 16:57 B C:\MATLAB\HRTF\RAABLIB\TOOL\GRCNTRL_.M --> slowmo /extra/pentium/c/MATLAB/HRTF/RAABLIB/TOOL GRCNTRL_.M
98.03.20 16:57 B C:\MATLAB\HRTF\RAABLIB\TOOL\HZ2BARK.M --> slowmo /extra/pentium/c/MATLAB/HRTF/RAABLIB/TOOL HZ2BARK.M
98.03.20 16:57 B C:\MATLAB\HRTF\RAABLIB\TOOL\IRPLOT.M --> slowmo /extra/pentium/c/MATLAB/HRTF/RAABLIB/TOOL IRPLOT.M
98.03.20 16:57 B C:\MATLAB\HRTF\RAABLIB\TOOL\ISEVEN.M --> slowmo /extra/pentium/c/MATLAB/HRTF/RAABLIB/TOOL ISEVEN.M
98.03.20 16:57 B C:\MATLAB\HRTF\RAABLIB\TOOL\ISSTABLE.M --> slowmo /extra/pentium/c/MATLAB/HRTF/RAABLIB/TOOL ISSTABLE.M
98.03.20 16:57 B C:\MATLAB\HRTF\RAABLIB\TOOL\LATTICE.M --> slowmo /extra/pentium/c/MATLAB/HRTF/RAABLIB/TOOL LATTICE.M
98.03.20 16:57 B C:\MATLAB\HRTF\RAABLIB\TOOL\LINES.M --> slowmo /extra/pentium/c/MATLAB/HRTF/RAABLIB/TOOL LINES.M
98.03.20 16:57 B C:\MATLAB\HRTF\RAABLIB\TOOL\MAGPLOT.M --> slowmo /extra/pentium/c/MATLAB/HRTF/RAABLIB/TOOL MAGPLOT.M
98.03.20 16:57 B C:\MATLAB\HRTF\RAABLIB\TOOL\MIXRAND.M --> slowmo /extra/pentium/c/MATLAB/HRTF/RAABLIB/TOOL MIXRAND.M
98.03.20 16:57 B C:\MATLAB\HRTF\RAABLIB\TOOL\MKLSDATA.M --> slowmo /extra/pentium/c/MATLAB/HRTF/RAABLIB/TOOL MKLSDATA.M
98.03.20 16:57 B C:\MATLAB\HRTF\RAABLIB\TOOL\MKLSRDAT.M --> slowmo /extra/pentium/c/MATLAB/HRTF/RAABLIB/TOOL MKLSRDAT.M
98.03.20 16:57 B C:\MATLAB\HRTF\RAABLIB\TOOL\MKSAMPLE.M --> slowmo /extra/pentium/c/MATLAB/HRTF/RAABLIB/TOOL MKSAMPLE.M
98.03.20 16:57 B C:\MATLAB\HRTF\RAABLIB\TOOL\MKSINSI1.M --> slowmo /extra/pentium/c/MATLAB/HRTF/RAABLIB/TOOL MKSINSI1.M
98.03.20 16:57 B C:\MATLAB\HRTF\RAABLIB\TOOL\MMSAMPLE.M --> slowmo /extra/pentium/c/MATLAB/HRTF/RAABLIB/TOOL MMSAMPLE.M
98.03.20 16:57 B C:\MATLAB\HRTF\RAABLIB\TOOL\PHASPLOT.M --> slowmo /extra/pentium/c/MATLAB/HRTF/RAABLIB/TOOL PHASPLOT.M
98.03.20 16:57 B C:\MATLAB\HRTF\RAABLIB\TOOL\PLTSTYLE.M --> slowmo /extra/pentium/c/MATLAB/HRTF/RAABLIB/TOOL PLTSTYLE.M
98.03.20 16:57 B C:\MATLAB\HRTF\RAABLIB\TOOL\PRCNTRL.M --> slowmo /extra/pentium/c/MATLAB/HRTF/RAABLIB/TOOL PRCNTRL.M
98.03.20 16:57 B C:\MATLAB\HRTF\RAABLIB\TOOL\PRCNTRL_.M --> slowmo /extra/pentium/c/MATLAB/HRTF/RAABLIB/TOOL PRCNTRL_.M
98.03.20 16:57 B C:\MATLAB\HRTF\RAABLIB\TOOL\READDATA.M --> slowmo /extra/pentium/c/MATLAB/HRTF/RAABLIB/TOOL READDATA.M
98.03.20 16:57 B C:\MATLAB\HRTF\RAABLIB\TOOL\READDEL.M --> slowmo /extra/pentium/c/MATLAB/HRTF/RAABLIB/TOOL READDEL.M
98.03.20 16:57 B C:\MATLAB\HRTF\RAABLIB\TOOL\READDIRS.M --> slowmo /extra/pentium/c/MATLAB/HRTF/RAABLIB/TOOL READDIRS.M
98.03.20 16:57 B C:\MATLAB\HRTF\RAABLIB\TOOL\READHP.M --> slowmo /extra/pentium/c/MATLAB/HRTF/RAABLIB/TOOL READHP.M
98.03.20 16:57 B C:\MATLAB\HRTF\RAABLIB\TOOL\READLS.M --> slowmo /extra/pentium/c/MATLAB/HRTF/RAABLIB/TOOL READLS.M
98.03.20 16:57 B C:\MATLAB\HRTF\RAABLIB\TOOL\READSI1.M --> slowmo /extra/pentium/c/MATLAB/HRTF/RAABLIB/TOOL READSI1.M
98.03.20 16:57 B C:\MATLAB\HRTF\RAABLIB\TOOL\READSIG2.M --> slowmo /extra/pentium/c/MATLAB/HRTF/RAABLIB/TOOL READSIG2.M
98.03.20 16:57 B C:\MATLAB\HRTF\RAABLIB\TOOL\READSR1.M --> slowmo /extra/pentium/c/MATLAB/HRTF/RAABLIB/TOOL READSR1.M
98.03.20 16:57 B C:\MATLAB\HRTF\RAABLIB\TOOL\READSR2.M --> slowmo /extra/pentium/c/MATLAB/HRTF/RAABLIB/TOOL READSR2.M
98.03.20 16:57 B C:\MATLAB\HRTF\RAABLIB\TOOL\READWAV.M --> slowmo /extra/pentium/c/MATLAB/HRTF/RAABLIB/TOOL READWAV.M
98.03.20 16:57 B C:\MATLAB\HRTF\RAABLIB\TOOL\SAMPLFRQ.M --> slowmo /extra/pentium/c/MATLAB/HRTF/RAABLIB/TOOL SAMPLFRQ.M
98.03.20 16:57 B C:\MATLAB\HRTF\RAABLIB\TOOL\SELDIRS.M --> slowmo /extra/pentium/c/MATLAB/HRTF/RAABLIB/TOOL SELDIRS.M
98.03.20 16:57 B C:\MATLAB\HRTF\RAABLIB\TOOL\SMOOTH.M --> slowmo /extra/pentium/c/MATLAB/HRTF/RAABLIB/TOOL SMOOTH.M
98.03.20 16:57 B C:\MATLAB\HRTF\RAABLIB\TOOL\SQRPLOT.M --> slowmo /extra/pentium/c/MATLAB/HRTF/RAABLIB/TOOL SQRPLOT.M
98.03.20 16:57 B C:\MATLAB\HRTF\RAABLIB\TOOL\STABLE.M --> slowmo /extra/pentium/c/MATLAB/HRTF/RAABLIB/TOOL STABLE.M
98.03.20 16:57 B C:\MATLAB\HRTF\RAABLIB\TOOL\STRETCH.M --> slowmo /extra/pentium/c/MATLAB/HRTF/RAABLIB/TOOL STRETCH.M
98.03.20 16:57 B C:\MATLAB\HRTF\RAABLIB\TOOL\TEXTMENU.M --> slowmo /extra/pentium/c/MATLAB/HRTF/RAABLIB/TOOL TEXTMENU.M
98.03.20 16:57 B C:\MATLAB\HRTF\RAABLIB\TOOL\TGROUP.M --> slowmo /extra/pentium/c/MATLAB/HRTF/RAABLIB/TOOL TGROUP.M
98.03.20 16:57 B C:\MATLAB\HRTF\RAABLIB\TOOL\TGRPDEMO.M --> slowmo /extra/pentium/c/MATLAB/HRTF/RAABLIB/TOOL TGRPDEMO.M
98.03.20 16:57 B C:\MATLAB\HRTF\RAABLIB\TOOL\TGRPPLOT.M --> slowmo /extra/pentium/c/MATLAB/HRTF/RAABLIB/TOOL TGRPPLOT.M
98.03.20 16:57 B C:\MATLAB\HRTF\RAABLIB\TOOL\USERGRID.M --> slowmo /extra/pentium/c/MATLAB/HRTF/RAABLIB/TOOL USERGRID.M
98.03.20 16:57 B C:\MATLAB\HRTF\RAABLIB\TOOL\WRITESI1.M --> slowmo /extra/pentium/c/MATLAB/HRTF/RAABLIB/TOOL WRITESI1.M
98.03.20 16:57 B C:\MATLAB\HRTF\RAABLIB\TOOL\WRITESR2.M --> slowmo /extra/pentium/c/MATLAB/HRTF/RAABLIB/TOOL WRITESR2.M
98.03.20 16:57 B C:\MATLAB\HRTF\RAABLIB\TOOL\WRITETXT.M --> slowmo /extra/pentium/c/MATLAB/HRTF/RAABLIB/TOOL WRITETXT.M
98.03.20 16:57 B C:\MATLAB\HRTF\RAABLIB\TOOL\WS_FTP.LOG --> slowmo /extra/pentium/c/MATLAB/HRTF/RAABLIB/TOOL WS_FTP.LOG
98.03.20 16:57 B C:\MATLAB\HRTF\RAABLIB\TOOL\ZPMAP.M --> slowmo /extra/pentium/c/MATLAB/HRTF/RAABLIB/TOOL ZPMAP.M
