98.02.22 12:30 B C:\MATLAB\HRTF\HARTLIB\MTL\CONTENTS.TXT --> alpha /home2/mlspezio/Matlab/HRTF/HARTLIB/MTL CONTENTS.TXT
98.02.22 12:30 B C:\MATLAB\HRTF\HARTLIB\MTL\INTERPOL.M --> alpha /home2/mlspezio/Matlab/HRTF/HARTLIB/MTL INTERPOL.M
98.02.22 12:30 B C:\MATLAB\HRTF\HARTLIB\MTL\MLTRT4.M --> alpha /home2/mlspezio/Matlab/HRTF/HARTLIB/MTL MLTRT4.M
98.02.22 12:30 B C:\MATLAB\HRTF\HARTLIB\MTL\MTLBP.M --> alpha /home2/mlspezio/Matlab/HRTF/HARTLIB/MTL MTLBP.M
98.02.22 12:30 B C:\MATLAB\HRTF\HARTLIB\MTL\MTLCONT.M --> alpha /home2/mlspezio/Matlab/HRTF/HARTLIB/MTL MTLCONT.M
98.02.22 12:30 B C:\MATLAB\HRTF\HARTLIB\MTL\MTLCORHE.M --> alpha /home2/mlspezio/Matlab/HRTF/HARTLIB/MTL MTLCORHE.M
98.02.22 12:30 B C:\MATLAB\HRTF\HARTLIB\MTL\MTLCUT.M --> alpha /home2/mlspezio/Matlab/HRTF/HARTLIB/MTL MTLCUT.M
98.02.22 12:30 B C:\MATLAB\HRTF\HARTLIB\MTL\MTLDIV.M --> alpha /home2/mlspezio/Matlab/HRTF/HARTLIB/MTL MTLDIV.M
98.02.22 12:30 B C:\MATLAB\HRTF\HARTLIB\MTL\MTLEXTRE.M --> alpha /home2/mlspezio/Matlab/HRTF/HARTLIB/MTL MTLEXTRE.M
98.02.22 12:30 B C:\MATLAB\HRTF\HARTLIB\MTL\MTLFACTO.M --> alpha /home2/mlspezio/Matlab/HRTF/HARTLIB/MTL MTLFACTO.M
98.02.22 12:30 B C:\MATLAB\HRTF\HARTLIB\MTL\MTLFADE.M --> alpha /home2/mlspezio/Matlab/HRTF/HARTLIB/MTL MTLFADE.M
98.02.22 12:30 B C:\MATLAB\HRTF\HARTLIB\MTL\MTLFD.M --> alpha /home2/mlspezio/Matlab/HRTF/HARTLIB/MTL MTLFD.M
98.02.22 12:30 B C:\MATLAB\HRTF\HARTLIB\MTL\MTLFFT.M --> alpha /home2/mlspezio/Matlab/HRTF/HARTLIB/MTL MTLFFT.M
98.02.22 12:30 B C:\MATLAB\HRTF\HARTLIB\MTL\MTLIA.M --> alpha /home2/mlspezio/Matlab/HRTF/HARTLIB/MTL MTLIA.M
98.02.22 12:30 B C:\MATLAB\HRTF\HARTLIB\MTL\MTLIAERB.M --> alpha /home2/mlspezio/Matlab/HRTF/HARTLIB/MTL MTLIAERB.M
98.02.22 12:30 B C:\MATLAB\HRTF\HARTLIB\MTL\MTLIALY.M --> alpha /home2/mlspezio/Matlab/HRTF/HARTLIB/MTL MTLIALY.M
98.02.22 12:30 B C:\MATLAB\HRTF\HARTLIB\MTL\MTLIAPLO.M --> alpha /home2/mlspezio/Matlab/HRTF/HARTLIB/MTL MTLIAPLO.M
98.02.22 12:30 B C:\MATLAB\HRTF\HARTLIB\MTL\MTLIFFT.M --> alpha /home2/mlspezio/Matlab/HRTF/HARTLIB/MTL MTLIFFT.M
98.02.22 12:31 B C:\MATLAB\HRTF\HARTLIB\MTL\MTLINTER.M --> alpha /home2/mlspezio/Matlab/HRTF/HARTLIB/MTL MTLINTER.M
98.02.22 12:31 B C:\MATLAB\HRTF\HARTLIB\MTL\MTLINV.M --> alpha /home2/mlspezio/Matlab/HRTF/HARTLIB/MTL MTLINV.M
98.02.22 12:31 B C:\MATLAB\HRTF\HARTLIB\MTL\MTLLOW.M --> alpha /home2/mlspezio/Matlab/HRTF/HARTLIB/MTL MTLLOW.M
98.02.22 12:31 B C:\MATLAB\HRTF\HARTLIB\MTL\MTLMASK.M --> alpha /home2/mlspezio/Matlab/HRTF/HARTLIB/MTL MTLMASK.M
98.02.22 12:31 B C:\MATLAB\HRTF\HARTLIB\MTL\MTLMEAN.M --> alpha /home2/mlspezio/Matlab/HRTF/HARTLIB/MTL MTLMEAN.M
98.02.22 12:31 B C:\MATLAB\HRTF\HARTLIB\MTL\MTLMERGE.M --> alpha /home2/mlspezio/Matlab/HRTF/HARTLIB/MTL MTLMERGE.M
98.02.22 12:31 B C:\MATLAB\HRTF\HARTLIB\MTL\MTLMINPH.M --> alpha /home2/mlspezio/Matlab/HRTF/HARTLIB/MTL MTLMINPH.M
98.02.22 12:31 B C:\MATLAB\HRTF\HARTLIB\MTL\MTLMULT.M --> alpha /home2/mlspezio/Matlab/HRTF/HARTLIB/MTL MTLMULT.M
98.02.22 12:31 B C:\MATLAB\HRTF\HARTLIB\MTL\MTLORBO.M --> alpha /home2/mlspezio/Matlab/HRTF/HARTLIB/MTL MTLORBO.M
98.02.22 12:31 B C:\MATLAB\HRTF\HARTLIB\MTL\MTLPLOT.M --> alpha /home2/mlspezio/Matlab/HRTF/HARTLIB/MTL MTLPLOT.M
98.02.22 12:31 B C:\MATLAB\HRTF\HARTLIB\MTL\MTLPROC.M --> alpha /home2/mlspezio/Matlab/HRTF/HARTLIB/MTL MTLPROC.M
98.02.22 12:31 B C:\MATLAB\HRTF\HARTLIB\MTL\MTLRCH.M --> alpha /home2/mlspezio/Matlab/HRTF/HARTLIB/MTL MTLRCH.M
98.02.22 12:31 B C:\MATLAB\HRTF\HARTLIB\MTL\MTLRDEL.M --> alpha /home2/mlspezio/Matlab/HRTF/HARTLIB/MTL MTLRDEL.M
98.02.22 12:31 B C:\MATLAB\HRTF\HARTLIB\MTL\MTLRDEL2.M --> alpha /home2/mlspezio/Matlab/HRTF/HARTLIB/MTL MTLRDEL2.M
98.02.22 12:31 B C:\MATLAB\HRTF\HARTLIB\MTL\MTLRDIR.M --> alpha /home2/mlspezio/Matlab/HRTF/HARTLIB/MTL MTLRDIR.M
98.02.22 12:31 B C:\MATLAB\HRTF\HARTLIB\MTL\MTLREVER.M --> alpha /home2/mlspezio/Matlab/HRTF/HARTLIB/MTL MTLREVER.M
98.02.22 12:31 B C:\MATLAB\HRTF\HARTLIB\MTL\MTLRFRQ.M --> alpha /home2/mlspezio/Matlab/HRTF/HARTLIB/MTL MTLRFRQ.M
98.02.22 12:31 B C:\MATLAB\HRTF\HARTLIB\MTL\MTLRH.M --> alpha /home2/mlspezio/Matlab/HRTF/HARTLIB/MTL MTLRH.M
98.02.22 12:31 B C:\MATLAB\HRTF\HARTLIB\MTL\MTLRH2.M --> alpha /home2/mlspezio/Matlab/HRTF/HARTLIB/MTL MTLRH2.M
98.02.22 12:31 B C:\MATLAB\HRTF\HARTLIB\MTL\MTLRL.M --> alpha /home2/mlspezio/Matlab/HRTF/HARTLIB/MTL MTLRL.M
98.02.22 12:31 B C:\MATLAB\HRTF\HARTLIB\MTL\MTLRT11.M --> alpha /home2/mlspezio/Matlab/HRTF/HARTLIB/MTL MTLRT11.M
98.02.22 12:31 B C:\MATLAB\HRTF\HARTLIB\MTL\MTLRT2.M --> alpha /home2/mlspezio/Matlab/HRTF/HARTLIB/MTL MTLRT2.M
98.02.22 12:31 B C:\MATLAB\HRTF\HARTLIB\MTL\MTLRT3.M --> alpha /home2/mlspezio/Matlab/HRTF/HARTLIB/MTL MTLRT3.M
98.02.22 12:32 B C:\MATLAB\HRTF\HARTLIB\MTL\MTLSCALE.M --> alpha /home2/mlspezio/Matlab/HRTF/HARTLIB/MTL MTLSCALE.M
98.02.22 12:32 B C:\MATLAB\HRTF\HARTLIB\MTL\MTLSEEK.M --> alpha /home2/mlspezio/Matlab/HRTF/HARTLIB/MTL MTLSEEK.M
98.02.22 12:32 B C:\MATLAB\HRTF\HARTLIB\MTL\MTLSF.M --> alpha /home2/mlspezio/Matlab/HRTF/HARTLIB/MTL MTLSF.M
98.02.22 12:32 B C:\MATLAB\HRTF\HARTLIB\MTL\MTLSIMPL.M --> alpha /home2/mlspezio/Matlab/HRTF/HARTLIB/MTL MTLSIMPL.M
98.02.22 12:32 B C:\MATLAB\HRTF\HARTLIB\MTL\MTLTYPE.M --> alpha /home2/mlspezio/Matlab/HRTF/HARTLIB/MTL MTLTYPE.M
98.02.22 12:32 B C:\MATLAB\HRTF\HARTLIB\MTL\MTLWCH.M --> alpha /home2/mlspezio/Matlab/HRTF/HARTLIB/MTL MTLWCH.M
98.02.22 12:32 B C:\MATLAB\HRTF\HARTLIB\MTL\MTLWDEL.M --> alpha /home2/mlspezio/Matlab/HRTF/HARTLIB/MTL MTLWDEL.M
98.02.22 12:32 B C:\MATLAB\HRTF\HARTLIB\MTL\MTLWDEL2.M --> alpha /home2/mlspezio/Matlab/HRTF/HARTLIB/MTL MTLWDEL2.M
98.02.22 12:32 B C:\MATLAB\HRTF\HARTLIB\MTL\MTLWDIR.M --> alpha /home2/mlspezio/Matlab/HRTF/HARTLIB/MTL MTLWDIR.M
98.02.22 12:32 B C:\MATLAB\HRTF\HARTLIB\MTL\MTLWF.M --> alpha /home2/mlspezio/Matlab/HRTF/HARTLIB/MTL MTLWF.M
98.02.22 12:32 B C:\MATLAB\HRTF\HARTLIB\MTL\MTLWH.M --> alpha /home2/mlspezio/Matlab/HRTF/HARTLIB/MTL MTLWH.M
98.02.22 12:33 B C:\MATLAB\HRTF\HARTLIB\MTL\MTLWT2.M --> alpha /home2/mlspezio/Matlab/HRTF/HARTLIB/MTL MTLWT2.M
98.02.22 12:33 B C:\MATLAB\HRTF\HARTLIB\MTL\MTLWT4.M --> alpha /home2/mlspezio/Matlab/HRTF/HARTLIB/MTL MTLWT4.M
98.02.22 12:33 B C:\MATLAB\HRTF\HARTLIB\MTL\REPAIR.M --> alpha /home2/mlspezio/Matlab/HRTF/HARTLIB/MTL REPAIR.M
98.02.22 12:33 B C:\MATLAB\HRTF\HARTLIB\MTL\RT3.M --> alpha /home2/mlspezio/Matlab/HRTF/HARTLIB/MTL RT3.M
98.02.22 12:33 B C:\MATLAB\HRTF\HARTLIB\MTL\S2M.M --> alpha /home2/mlspezio/Matlab/HRTF/HARTLIB/MTL S2M.M
98.02.22 12:33 B C:\MATLAB\HRTF\HARTLIB\MTL\SC2MOD.M --> alpha /home2/mlspezio/Matlab/HRTF/HARTLIB/MTL SC2MOD.M
98.02.22 12:33 B C:\MATLAB\HRTF\HARTLIB\MTL\WRMAP.M --> alpha /home2/mlspezio/Matlab/HRTF/HARTLIB/MTL WRMAP.M
98.02.22 12:33 B C:\MATLAB\HRTF\HARTLIB\MTL\WRT_D.M --> alpha /home2/mlspezio/Matlab/HRTF/HARTLIB/MTL WRT_D.M
98.02.22 12:33 B C:\MATLAB\HRTF\HARTLIB\MTL\WS_FTP.LOG --> alpha /home2/mlspezio/Matlab/HRTF/HARTLIB/MTL WS_FTP.LOG
98.03.20 16:57 B C:\MATLAB\HRTF\HARTLIB\MTL\CONTENTS.TXT --> slowmo /extra/pentium/c/MATLAB/HRTF/HARTLIB/MTL CONTENTS.TXT
98.03.20 16:57 B C:\MATLAB\HRTF\HARTLIB\MTL\INTERPOL.M --> slowmo /extra/pentium/c/MATLAB/HRTF/HARTLIB/MTL INTERPOL.M
98.03.20 16:57 B C:\MATLAB\HRTF\HARTLIB\MTL\MLTRT4.M --> slowmo /extra/pentium/c/MATLAB/HRTF/HARTLIB/MTL MLTRT4.M
98.03.20 16:57 B C:\MATLAB\HRTF\HARTLIB\MTL\MTLBP.M --> slowmo /extra/pentium/c/MATLAB/HRTF/HARTLIB/MTL MTLBP.M
98.03.20 16:57 B C:\MATLAB\HRTF\HARTLIB\MTL\MTLCONT.M --> slowmo /extra/pentium/c/MATLAB/HRTF/HARTLIB/MTL MTLCONT.M
98.03.20 16:57 B C:\MATLAB\HRTF\HARTLIB\MTL\MTLCORHE.M --> slowmo /extra/pentium/c/MATLAB/HRTF/HARTLIB/MTL MTLCORHE.M
98.03.20 16:57 B C:\MATLAB\HRTF\HARTLIB\MTL\MTLCUT.M --> slowmo /extra/pentium/c/MATLAB/HRTF/HARTLIB/MTL MTLCUT.M
98.03.20 16:57 B C:\MATLAB\HRTF\HARTLIB\MTL\MTLDIV.M --> slowmo /extra/pentium/c/MATLAB/HRTF/HARTLIB/MTL MTLDIV.M
98.03.20 16:57 B C:\MATLAB\HRTF\HARTLIB\MTL\MTLEXTRE.M --> slowmo /extra/pentium/c/MATLAB/HRTF/HARTLIB/MTL MTLEXTRE.M
98.03.20 16:57 B C:\MATLAB\HRTF\HARTLIB\MTL\MTLFACTO.M --> slowmo /extra/pentium/c/MATLAB/HRTF/HARTLIB/MTL MTLFACTO.M
98.03.20 16:57 B C:\MATLAB\HRTF\HARTLIB\MTL\MTLFADE.M --> slowmo /extra/pentium/c/MATLAB/HRTF/HARTLIB/MTL MTLFADE.M
98.03.20 16:57 B C:\MATLAB\HRTF\HARTLIB\MTL\MTLFD.M --> slowmo /extra/pentium/c/MATLAB/HRTF/HARTLIB/MTL MTLFD.M
98.03.20 16:57 B C:\MATLAB\HRTF\HARTLIB\MTL\MTLFFT.M --> slowmo /extra/pentium/c/MATLAB/HRTF/HARTLIB/MTL MTLFFT.M
98.03.20 16:57 B C:\MATLAB\HRTF\HARTLIB\MTL\MTLIA.M --> slowmo /extra/pentium/c/MATLAB/HRTF/HARTLIB/MTL MTLIA.M
98.03.20 16:57 B C:\MATLAB\HRTF\HARTLIB\MTL\MTLIAERB.M --> slowmo /extra/pentium/c/MATLAB/HRTF/HARTLIB/MTL MTLIAERB.M
98.03.20 16:57 B C:\MATLAB\HRTF\HARTLIB\MTL\MTLIALY.M --> slowmo /extra/pentium/c/MATLAB/HRTF/HARTLIB/MTL MTLIALY.M
98.03.20 16:57 B C:\MATLAB\HRTF\HARTLIB\MTL\MTLIAPLO.M --> slowmo /extra/pentium/c/MATLAB/HRTF/HARTLIB/MTL MTLIAPLO.M
98.03.20 16:57 B C:\MATLAB\HRTF\HARTLIB\MTL\MTLIFFT.M --> slowmo /extra/pentium/c/MATLAB/HRTF/HARTLIB/MTL MTLIFFT.M
98.03.20 16:57 B C:\MATLAB\HRTF\HARTLIB\MTL\MTLINTER.M --> slowmo /extra/pentium/c/MATLAB/HRTF/HARTLIB/MTL MTLINTER.M
98.03.20 16:57 B C:\MATLAB\HRTF\HARTLIB\MTL\MTLINV.M --> slowmo /extra/pentium/c/MATLAB/HRTF/HARTLIB/MTL MTLINV.M
98.03.20 16:57 B C:\MATLAB\HRTF\HARTLIB\MTL\MTLLOW.M --> slowmo /extra/pentium/c/MATLAB/HRTF/HARTLIB/MTL MTLLOW.M
98.03.20 16:57 B C:\MATLAB\HRTF\HARTLIB\MTL\MTLMASK.M --> slowmo /extra/pentium/c/MATLAB/HRTF/HARTLIB/MTL MTLMASK.M
98.03.20 16:57 B C:\MATLAB\HRTF\HARTLIB\MTL\MTLMEAN.M --> slowmo /extra/pentium/c/MATLAB/HRTF/HARTLIB/MTL MTLMEAN.M
98.03.20 16:57 B C:\MATLAB\HRTF\HARTLIB\MTL\MTLMERGE.M --> slowmo /extra/pentium/c/MATLAB/HRTF/HARTLIB/MTL MTLMERGE.M
98.03.20 16:57 B C:\MATLAB\HRTF\HARTLIB\MTL\MTLMINPH.M --> slowmo /extra/pentium/c/MATLAB/HRTF/HARTLIB/MTL MTLMINPH.M
98.03.20 16:57 B C:\MATLAB\HRTF\HARTLIB\MTL\MTLMULT.M --> slowmo /extra/pentium/c/MATLAB/HRTF/HARTLIB/MTL MTLMULT.M
98.03.20 16:57 B C:\MATLAB\HRTF\HARTLIB\MTL\MTLORBO.M --> slowmo /extra/pentium/c/MATLAB/HRTF/HARTLIB/MTL MTLORBO.M
98.03.20 16:57 B C:\MATLAB\HRTF\HARTLIB\MTL\MTLPLOT.M --> slowmo /extra/pentium/c/MATLAB/HRTF/HARTLIB/MTL MTLPLOT.M
98.03.20 16:57 B C:\MATLAB\HRTF\HARTLIB\MTL\MTLPROC.M --> slowmo /extra/pentium/c/MATLAB/HRTF/HARTLIB/MTL MTLPROC.M
98.03.20 16:57 B C:\MATLAB\HRTF\HARTLIB\MTL\MTLRCH.M --> slowmo /extra/pentium/c/MATLAB/HRTF/HARTLIB/MTL MTLRCH.M
98.03.20 16:57 B C:\MATLAB\HRTF\HARTLIB\MTL\MTLRDEL.M --> slowmo /extra/pentium/c/MATLAB/HRTF/HARTLIB/MTL MTLRDEL.M
98.03.20 16:57 B C:\MATLAB\HRTF\HARTLIB\MTL\MTLRDEL2.M --> slowmo /extra/pentium/c/MATLAB/HRTF/HARTLIB/MTL MTLRDEL2.M
98.03.20 16:57 B C:\MATLAB\HRTF\HARTLIB\MTL\MTLRDIR.M --> slowmo /extra/pentium/c/MATLAB/HRTF/HARTLIB/MTL MTLRDIR.M
98.03.20 16:57 B C:\MATLAB\HRTF\HARTLIB\MTL\MTLREVER.M --> slowmo /extra/pentium/c/MATLAB/HRTF/HARTLIB/MTL MTLREVER.M
98.03.20 16:57 B C:\MATLAB\HRTF\HARTLIB\MTL\MTLRFRQ.M --> slowmo /extra/pentium/c/MATLAB/HRTF/HARTLIB/MTL MTLRFRQ.M
98.03.20 16:57 B C:\MATLAB\HRTF\HARTLIB\MTL\MTLRH.M --> slowmo /extra/pentium/c/MATLAB/HRTF/HARTLIB/MTL MTLRH.M
98.03.20 16:57 B C:\MATLAB\HRTF\HARTLIB\MTL\MTLRH2.M --> slowmo /extra/pentium/c/MATLAB/HRTF/HARTLIB/MTL MTLRH2.M
98.03.20 16:57 B C:\MATLAB\HRTF\HARTLIB\MTL\MTLRL.M --> slowmo /extra/pentium/c/MATLAB/HRTF/HARTLIB/MTL MTLRL.M
98.03.20 16:57 B C:\MATLAB\HRTF\HARTLIB\MTL\MTLRT11.M --> slowmo /extra/pentium/c/MATLAB/HRTF/HARTLIB/MTL MTLRT11.M
98.03.20 16:57 B C:\MATLAB\HRTF\HARTLIB\MTL\MTLRT2.M --> slowmo /extra/pentium/c/MATLAB/HRTF/HARTLIB/MTL MTLRT2.M
98.03.20 16:57 B C:\MATLAB\HRTF\HARTLIB\MTL\MTLRT3.M --> slowmo /extra/pentium/c/MATLAB/HRTF/HARTLIB/MTL MTLRT3.M
98.03.20 16:57 B C:\MATLAB\HRTF\HARTLIB\MTL\MTLSCALE.M --> slowmo /extra/pentium/c/MATLAB/HRTF/HARTLIB/MTL MTLSCALE.M
98.03.20 16:57 B C:\MATLAB\HRTF\HARTLIB\MTL\MTLSEEK.M --> slowmo /extra/pentium/c/MATLAB/HRTF/HARTLIB/MTL MTLSEEK.M
98.03.20 16:57 B C:\MATLAB\HRTF\HARTLIB\MTL\MTLSF.M --> slowmo /extra/pentium/c/MATLAB/HRTF/HARTLIB/MTL MTLSF.M
98.03.20 16:57 B C:\MATLAB\HRTF\HARTLIB\MTL\MTLSIMPL.M --> slowmo /extra/pentium/c/MATLAB/HRTF/HARTLIB/MTL MTLSIMPL.M
98.03.20 16:57 B C:\MATLAB\HRTF\HARTLIB\MTL\MTLTYPE.M --> slowmo /extra/pentium/c/MATLAB/HRTF/HARTLIB/MTL MTLTYPE.M
98.03.20 16:57 B C:\MATLAB\HRTF\HARTLIB\MTL\MTLWCH.M --> slowmo /extra/pentium/c/MATLAB/HRTF/HARTLIB/MTL MTLWCH.M
98.03.20 16:57 B C:\MATLAB\HRTF\HARTLIB\MTL\MTLWDEL.M --> slowmo /extra/pentium/c/MATLAB/HRTF/HARTLIB/MTL MTLWDEL.M
98.03.20 16:57 B C:\MATLAB\HRTF\HARTLIB\MTL\MTLWDEL2.M --> slowmo /extra/pentium/c/MATLAB/HRTF/HARTLIB/MTL MTLWDEL2.M
98.03.20 16:57 B C:\MATLAB\HRTF\HARTLIB\MTL\MTLWDIR.M --> slowmo /extra/pentium/c/MATLAB/HRTF/HARTLIB/MTL MTLWDIR.M
98.03.20 16:57 B C:\MATLAB\HRTF\HARTLIB\MTL\MTLWF.M --> slowmo /extra/pentium/c/MATLAB/HRTF/HARTLIB/MTL MTLWF.M
98.03.20 16:57 B C:\MATLAB\HRTF\HARTLIB\MTL\MTLWH.M --> slowmo /extra/pentium/c/MATLAB/HRTF/HARTLIB/MTL MTLWH.M
98.03.20 16:57 B C:\MATLAB\HRTF\HARTLIB\MTL\MTLWT2.M --> slowmo /extra/pentium/c/MATLAB/HRTF/HARTLIB/MTL MTLWT2.M
98.03.20 16:57 B C:\MATLAB\HRTF\HARTLIB\MTL\MTLWT4.M --> slowmo /extra/pentium/c/MATLAB/HRTF/HARTLIB/MTL MTLWT4.M
98.03.20 16:57 B C:\MATLAB\HRTF\HARTLIB\MTL\REPAIR.M --> slowmo /extra/pentium/c/MATLAB/HRTF/HARTLIB/MTL REPAIR.M
98.03.20 16:57 B C:\MATLAB\HRTF\HARTLIB\MTL\RT3.M --> slowmo /extra/pentium/c/MATLAB/HRTF/HARTLIB/MTL RT3.M
98.03.20 16:57 B C:\MATLAB\HRTF\HARTLIB\MTL\S2M.M --> slowmo /extra/pentium/c/MATLAB/HRTF/HARTLIB/MTL S2M.M
98.03.20 16:57 B C:\MATLAB\HRTF\HARTLIB\MTL\SC2MOD.M --> slowmo /extra/pentium/c/MATLAB/HRTF/HARTLIB/MTL SC2MOD.M
98.03.20 16:57 B C:\MATLAB\HRTF\HARTLIB\MTL\WRMAP.M --> slowmo /extra/pentium/c/MATLAB/HRTF/HARTLIB/MTL WRMAP.M
98.03.20 16:57 B C:\MATLAB\HRTF\HARTLIB\MTL\WRT_D.M --> slowmo /extra/pentium/c/MATLAB/HRTF/HARTLIB/MTL WRT_D.M
98.03.20 16:57 B C:\MATLAB\HRTF\HARTLIB\MTL\WS_FTP.LOG --> slowmo /extra/pentium/c/MATLAB/HRTF/HARTLIB/MTL WS_FTP.LOG
