98.02.22 12:34 B C:\MATLAB\HRTF\HARTLIB\SIGNAL\BPDESIGN.M --> alpha /home2/mlspezio/Matlab/HRTF/HARTLIB/SIGNAL BPDESIGN.M
98.02.22 12:34 B C:\MATLAB\HRTF\HARTLIB\SIGNAL\CLEANHRI.M --> alpha /home2/mlspezio/Matlab/HRTF/HARTLIB/SIGNAL CLEANHRI.M
98.02.22 12:34 B C:\MATLAB\HRTF\HARTLIB\SIGNAL\CONTENTS.M --> alpha /home2/mlspezio/Matlab/HRTF/HARTLIB/SIGNAL CONTENTS.M
98.02.22 12:34 B C:\MATLAB\HRTF\HARTLIB\SIGNAL\ENERGY.M --> alpha /home2/mlspezio/Matlab/HRTF/HARTLIB/SIGNAL ENERGY.M
98.02.22 12:34 B C:\MATLAB\HRTF\HARTLIB\SIGNAL\ENERGY2.M --> alpha /home2/mlspezio/Matlab/HRTF/HARTLIB/SIGNAL ENERGY2.M
98.02.22 12:34 B C:\MATLAB\HRTF\HARTLIB\SIGNAL\FADE.M --> alpha /home2/mlspezio/Matlab/HRTF/HARTLIB/SIGNAL FADE.M
98.02.22 12:34 B C:\MATLAB\HRTF\HARTLIB\SIGNAL\FRESAMPL.M --> alpha /home2/mlspezio/Matlab/HRTF/HARTLIB/SIGNAL FRESAMPL.M
98.02.22 12:34 B C:\MATLAB\HRTF\HARTLIB\SIGNAL\GENPINK.M --> alpha /home2/mlspezio/Matlab/HRTF/HARTLIB/SIGNAL GENPINK.M
98.02.22 12:34 B C:\MATLAB\HRTF\HARTLIB\SIGNAL\GENPULSE.M --> alpha /home2/mlspezio/Matlab/HRTF/HARTLIB/SIGNAL GENPULSE.M
98.02.22 12:34 B C:\MATLAB\HRTF\HARTLIB\SIGNAL\GENSTIM.M --> alpha /home2/mlspezio/Matlab/HRTF/HARTLIB/SIGNAL GENSTIM.M
98.02.22 12:34 B C:\MATLAB\HRTF\HARTLIB\SIGNAL\H_MAX_EN.M --> alpha /home2/mlspezio/Matlab/HRTF/HARTLIB/SIGNAL H_MAX_EN.M
98.02.22 12:34 B C:\MATLAB\HRTF\HARTLIB\SIGNAL\LP_FILT.M --> alpha /home2/mlspezio/Matlab/HRTF/HARTLIB/SIGNAL LP_FILT.M
98.02.22 12:34 B C:\MATLAB\HRTF\HARTLIB\SIGNAL\LUXUSFFT.M --> alpha /home2/mlspezio/Matlab/HRTF/HARTLIB/SIGNAL LUXUSFFT.M
98.02.22 12:34 B C:\MATLAB\HRTF\HARTLIB\SIGNAL\MAKESIG.M --> alpha /home2/mlspezio/Matlab/HRTF/HARTLIB/SIGNAL MAKESIG.M
98.02.22 12:34 B C:\MATLAB\HRTF\HARTLIB\SIGNAL\MAX_ENV.M --> alpha /home2/mlspezio/Matlab/HRTF/HARTLIB/SIGNAL MAX_ENV.M
98.02.22 12:34 B C:\MATLAB\HRTF\HARTLIB\SIGNAL\MINPHASE.M --> alpha /home2/mlspezio/Matlab/HRTF/HARTLIB/SIGNAL MINPHASE.M
98.02.22 12:34 B C:\MATLAB\HRTF\HARTLIB\SIGNAL\REMDEMO.M --> alpha /home2/mlspezio/Matlab/HRTF/HARTLIB/SIGNAL REMDEMO.M
98.02.22 12:34 B C:\MATLAB\HRTF\HARTLIB\SIGNAL\RFFT.M --> alpha /home2/mlspezio/Matlab/HRTF/HARTLIB/SIGNAL RFFT.M
98.02.22 12:34 B C:\MATLAB\HRTF\HARTLIB\SIGNAL\RIFFT.M --> alpha /home2/mlspezio/Matlab/HRTF/HARTLIB/SIGNAL RIFFT.M
98.02.22 12:35 B C:\MATLAB\HRTF\HARTLIB\SIGNAL\SHIFT.M --> alpha /home2/mlspezio/Matlab/HRTF/HARTLIB/SIGNAL SHIFT.M
98.02.22 12:35 B C:\MATLAB\HRTF\HARTLIB\SIGNAL\WINENERG.M --> alpha /home2/mlspezio/Matlab/HRTF/HARTLIB/SIGNAL WINENERG.M
98.03.20 16:57 B C:\MATLAB\HRTF\HARTLIB\SIGNAL\BPDESIGN.M --> slowmo /extra/pentium/c/MATLAB/HRTF/HARTLIB/SIGNAL BPDESIGN.M
98.03.20 16:57 B C:\MATLAB\HRTF\HARTLIB\SIGNAL\CLEANHRI.M --> slowmo /extra/pentium/c/MATLAB/HRTF/HARTLIB/SIGNAL CLEANHRI.M
98.03.20 16:57 B C:\MATLAB\HRTF\HARTLIB\SIGNAL\CONTENTS.M --> slowmo /extra/pentium/c/MATLAB/HRTF/HARTLIB/SIGNAL CONTENTS.M
98.03.20 16:57 B C:\MATLAB\HRTF\HARTLIB\SIGNAL\ENERGY.M --> slowmo /extra/pentium/c/MATLAB/HRTF/HARTLIB/SIGNAL ENERGY.M
98.03.20 16:57 B C:\MATLAB\HRTF\HARTLIB\SIGNAL\ENERGY2.M --> slowmo /extra/pentium/c/MATLAB/HRTF/HARTLIB/SIGNAL ENERGY2.M
98.03.20 16:57 B C:\MATLAB\HRTF\HARTLIB\SIGNAL\FADE.M --> slowmo /extra/pentium/c/MATLAB/HRTF/HARTLIB/SIGNAL FADE.M
98.03.20 16:57 B C:\MATLAB\HRTF\HARTLIB\SIGNAL\FRESAMPL.M --> slowmo /extra/pentium/c/MATLAB/HRTF/HARTLIB/SIGNAL FRESAMPL.M
98.03.20 16:57 B C:\MATLAB\HRTF\HARTLIB\SIGNAL\GENPINK.M --> slowmo /extra/pentium/c/MATLAB/HRTF/HARTLIB/SIGNAL GENPINK.M
98.03.20 16:57 B C:\MATLAB\HRTF\HARTLIB\SIGNAL\GENPULSE.M --> slowmo /extra/pentium/c/MATLAB/HRTF/HARTLIB/SIGNAL GENPULSE.M
98.03.20 16:57 B C:\MATLAB\HRTF\HARTLIB\SIGNAL\GENSTIM.M --> slowmo /extra/pentium/c/MATLAB/HRTF/HARTLIB/SIGNAL GENSTIM.M
98.03.20 16:57 B C:\MATLAB\HRTF\HARTLIB\SIGNAL\H_MAX_EN.M --> slowmo /extra/pentium/c/MATLAB/HRTF/HARTLIB/SIGNAL H_MAX_EN.M
98.03.20 16:57 B C:\MATLAB\HRTF\HARTLIB\SIGNAL\LP_FILT.M --> slowmo /extra/pentium/c/MATLAB/HRTF/HARTLIB/SIGNAL LP_FILT.M
98.03.20 16:57 B C:\MATLAB\HRTF\HARTLIB\SIGNAL\LUXUSFFT.M --> slowmo /extra/pentium/c/MATLAB/HRTF/HARTLIB/SIGNAL LUXUSFFT.M
98.03.20 16:57 B C:\MATLAB\HRTF\HARTLIB\SIGNAL\MAKESIG.M --> slowmo /extra/pentium/c/MATLAB/HRTF/HARTLIB/SIGNAL MAKESIG.M
98.03.20 16:57 B C:\MATLAB\HRTF\HARTLIB\SIGNAL\MAX_ENV.M --> slowmo /extra/pentium/c/MATLAB/HRTF/HARTLIB/SIGNAL MAX_ENV.M
98.03.20 16:57 B C:\MATLAB\HRTF\HARTLIB\SIGNAL\MINPHASE.M --> slowmo /extra/pentium/c/MATLAB/HRTF/HARTLIB/SIGNAL MINPHASE.M
98.03.20 16:57 B C:\MATLAB\HRTF\HARTLIB\SIGNAL\REMDEMO.M --> slowmo /extra/pentium/c/MATLAB/HRTF/HARTLIB/SIGNAL REMDEMO.M
98.03.20 16:57 B C:\MATLAB\HRTF\HARTLIB\SIGNAL\RFFT.M --> slowmo /extra/pentium/c/MATLAB/HRTF/HARTLIB/SIGNAL RFFT.M
98.03.20 16:57 B C:\MATLAB\HRTF\HARTLIB\SIGNAL\RIFFT.M --> slowmo /extra/pentium/c/MATLAB/HRTF/HARTLIB/SIGNAL RIFFT.M
98.03.20 16:57 B C:\MATLAB\HRTF\HARTLIB\SIGNAL\SHIFT.M --> slowmo /extra/pentium/c/MATLAB/HRTF/HARTLIB/SIGNAL SHIFT.M
98.03.20 16:57 B C:\MATLAB\HRTF\HARTLIB\SIGNAL\WINENERG.M --> slowmo /extra/pentium/c/MATLAB/HRTF/HARTLIB/SIGNAL WINENERG.M
98.03.20 16:57 B C:\MATLAB\HRTF\HARTLIB\SIGNAL\WS_FTP.LOG --> slowmo /extra/pentium/c/MATLAB/HRTF/HARTLIB/SIGNAL WS_FTP.LOG
