98.02.22 12:26 B C:\MATLAB\HRTF\HARTLIB\GRAFIC\CONTENTS.M --> alpha /home2/mlspezio/Matlab/HRTF/HARTLIB/GRAFIC CONTENTS.M
98.02.22 12:26 B C:\MATLAB\HRTF\HARTLIB\GRAFIC\DISPDATA.M --> alpha /home2/mlspezio/Matlab/HRTF/HARTLIB/GRAFIC DISPDATA.M
98.02.22 12:26 B C:\MATLAB\HRTF\HARTLIB\GRAFIC\DISPWIND.M --> alpha /home2/mlspezio/Matlab/HRTF/HARTLIB/GRAFIC DISPWIND.M
98.02.22 12:26 B C:\MATLAB\HRTF\HARTLIB\GRAFIC\ETCPLOT.M --> alpha /home2/mlspezio/Matlab/HRTF/HARTLIB/GRAFIC ETCPLOT.M
98.02.22 12:27 B C:\MATLAB\HRTF\HARTLIB\GRAFIC\FLATPLOT.M --> alpha /home2/mlspezio/Matlab/HRTF/HARTLIB/GRAFIC FLATPLOT.M
98.02.22 12:27 B C:\MATLAB\HRTF\HARTLIB\GRAFIC\HRTFPLOT.M --> alpha /home2/mlspezio/Matlab/HRTF/HARTLIB/GRAFIC HRTFPLOT.M
98.02.22 12:27 B C:\MATLAB\HRTF\HARTLIB\GRAFIC\IAPLOT.M --> alpha /home2/mlspezio/Matlab/HRTF/HARTLIB/GRAFIC IAPLOT.M
98.02.22 12:27 B C:\MATLAB\HRTF\HARTLIB\GRAFIC\LOGPLOT.M --> alpha /home2/mlspezio/Matlab/HRTF/HARTLIB/GRAFIC LOGPLOT.M
98.02.22 12:27 B C:\MATLAB\HRTF\HARTLIB\GRAFIC\LSPLOT.M --> alpha /home2/mlspezio/Matlab/HRTF/HARTLIB/GRAFIC LSPLOT.M
98.02.22 12:27 B C:\MATLAB\HRTF\HARTLIB\GRAFIC\MAG3DPLO.M --> alpha /home2/mlspezio/Matlab/HRTF/HARTLIB/GRAFIC MAG3DPLO.M
98.02.22 12:27 B C:\MATLAB\HRTF\HARTLIB\GRAFIC\MAGPLOT.M --> alpha /home2/mlspezio/Matlab/HRTF/HARTLIB/GRAFIC MAGPLOT.M
98.02.22 12:27 B C:\MATLAB\HRTF\HARTLIB\GRAFIC\MESEMLOG.M --> alpha /home2/mlspezio/Matlab/HRTF/HARTLIB/GRAFIC MESEMLOG.M
98.02.22 12:27 B C:\MATLAB\HRTF\HARTLIB\GRAFIC\OPTIMAGP.M --> alpha /home2/mlspezio/Matlab/HRTF/HARTLIB/GRAFIC OPTIMAGP.M
98.02.22 12:27 B C:\MATLAB\HRTF\HARTLIB\GRAFIC\PHASPLOT.M --> alpha /home2/mlspezio/Matlab/HRTF/HARTLIB/GRAFIC PHASPLOT.M
98.02.22 12:27 B C:\MATLAB\HRTF\HARTLIB\GRAFIC\PHDEPLOT.M --> alpha /home2/mlspezio/Matlab/HRTF/HARTLIB/GRAFIC PHDEPLOT.M
98.02.22 12:27 B C:\MATLAB\HRTF\HARTLIB\GRAFIC\POLARNET.M~ --> alpha /home2/mlspezio/Matlab/HRTF/HARTLIB/GRAFIC POLARNET.M~
98.02.22 12:27 B C:\MATLAB\HRTF\HARTLIB\GRAFIC\SEMLOGX2.M --> alpha /home2/mlspezio/Matlab/HRTF/HARTLIB/GRAFIC SEMLOGX2.M
98.02.22 12:27 B C:\MATLAB\HRTF\HARTLIB\GRAFIC\SETXR.M --> alpha /home2/mlspezio/Matlab/HRTF/HARTLIB/GRAFIC SETXR.M
98.02.22 12:27 B C:\MATLAB\HRTF\HARTLIB\GRAFIC\SPHEREIN.M --> alpha /home2/mlspezio/Matlab/HRTF/HARTLIB/GRAFIC SPHEREIN.M
98.02.22 12:27 B C:\MATLAB\HRTF\HARTLIB\GRAFIC\SPHEREPL.M --> alpha /home2/mlspezio/Matlab/HRTF/HARTLIB/GRAFIC SPHEREPL.M
98.02.22 12:27 B C:\MATLAB\HRTF\HARTLIB\GRAFIC\SPPLOT.M --> alpha /home2/mlspezio/Matlab/HRTF/HARTLIB/GRAFIC SPPLOT.M
98.02.22 12:27 B C:\MATLAB\HRTF\HARTLIB\GRAFIC\TGP3DPLO.M --> alpha /home2/mlspezio/Matlab/HRTF/HARTLIB/GRAFIC TGP3DPLO.M
98.03.20 16:56 B C:\MATLAB\HRTF\HARTLIB\GRAFIC\CONTENTS.M --> slowmo /extra/pentium/c/MATLAB/HRTF/HARTLIB/GRAFIC CONTENTS.M
98.03.20 16:56 B C:\MATLAB\HRTF\HARTLIB\GRAFIC\DISPDATA.M --> slowmo /extra/pentium/c/MATLAB/HRTF/HARTLIB/GRAFIC DISPDATA.M
98.03.20 16:56 B C:\MATLAB\HRTF\HARTLIB\GRAFIC\DISPWIND.M --> slowmo /extra/pentium/c/MATLAB/HRTF/HARTLIB/GRAFIC DISPWIND.M
98.03.20 16:56 B C:\MATLAB\HRTF\HARTLIB\GRAFIC\ETCPLOT.M --> slowmo /extra/pentium/c/MATLAB/HRTF/HARTLIB/GRAFIC ETCPLOT.M
98.03.20 16:56 B C:\MATLAB\HRTF\HARTLIB\GRAFIC\FLATPLOT.M --> slowmo /extra/pentium/c/MATLAB/HRTF/HARTLIB/GRAFIC FLATPLOT.M
98.03.20 16:56 B C:\MATLAB\HRTF\HARTLIB\GRAFIC\HRTFPLOT.M --> slowmo /extra/pentium/c/MATLAB/HRTF/HARTLIB/GRAFIC HRTFPLOT.M
98.03.20 16:56 B C:\MATLAB\HRTF\HARTLIB\GRAFIC\IAPLOT.M --> slowmo /extra/pentium/c/MATLAB/HRTF/HARTLIB/GRAFIC IAPLOT.M
98.03.20 16:56 B C:\MATLAB\HRTF\HARTLIB\GRAFIC\LOGPLOT.M --> slowmo /extra/pentium/c/MATLAB/HRTF/HARTLIB/GRAFIC LOGPLOT.M
98.03.20 16:56 B C:\MATLAB\HRTF\HARTLIB\GRAFIC\LSPLOT.M --> slowmo /extra/pentium/c/MATLAB/HRTF/HARTLIB/GRAFIC LSPLOT.M
98.03.20 16:56 B C:\MATLAB\HRTF\HARTLIB\GRAFIC\MAG3DPLO.M --> slowmo /extra/pentium/c/MATLAB/HRTF/HARTLIB/GRAFIC MAG3DPLO.M
98.03.20 16:56 B C:\MATLAB\HRTF\HARTLIB\GRAFIC\MAGPLOT.M --> slowmo /extra/pentium/c/MATLAB/HRTF/HARTLIB/GRAFIC MAGPLOT.M
98.03.20 16:56 B C:\MATLAB\HRTF\HARTLIB\GRAFIC\MESEMLOG.M --> slowmo /extra/pentium/c/MATLAB/HRTF/HARTLIB/GRAFIC MESEMLOG.M
98.03.20 16:56 B C:\MATLAB\HRTF\HARTLIB\GRAFIC\OPTIMAGP.M --> slowmo /extra/pentium/c/MATLAB/HRTF/HARTLIB/GRAFIC OPTIMAGP.M
98.03.20 16:56 B C:\MATLAB\HRTF\HARTLIB\GRAFIC\PHASPLOT.M --> slowmo /extra/pentium/c/MATLAB/HRTF/HARTLIB/GRAFIC PHASPLOT.M
98.03.20 16:56 B C:\MATLAB\HRTF\HARTLIB\GRAFIC\PHDEPLOT.M --> slowmo /extra/pentium/c/MATLAB/HRTF/HARTLIB/GRAFIC PHDEPLOT.M
98.03.20 16:56 B C:\MATLAB\HRTF\HARTLIB\GRAFIC\POLARNET.M~ --> slowmo /extra/pentium/c/MATLAB/HRTF/HARTLIB/GRAFIC POLARNET.M~
98.03.20 16:56 B C:\MATLAB\HRTF\HARTLIB\GRAFIC\SEMLOGX2.M --> slowmo /extra/pentium/c/MATLAB/HRTF/HARTLIB/GRAFIC SEMLOGX2.M
98.03.20 16:56 B C:\MATLAB\HRTF\HARTLIB\GRAFIC\SETXR.M --> slowmo /extra/pentium/c/MATLAB/HRTF/HARTLIB/GRAFIC SETXR.M
98.03.20 16:56 B C:\MATLAB\HRTF\HARTLIB\GRAFIC\SPHEREIN.M --> slowmo /extra/pentium/c/MATLAB/HRTF/HARTLIB/GRAFIC SPHEREIN.M
98.03.20 16:56 B C:\MATLAB\HRTF\HARTLIB\GRAFIC\SPHEREPL.M --> slowmo /extra/pentium/c/MATLAB/HRTF/HARTLIB/GRAFIC SPHEREPL.M
98.03.20 16:56 B C:\MATLAB\HRTF\HARTLIB\GRAFIC\SPPLOT.M --> slowmo /extra/pentium/c/MATLAB/HRTF/HARTLIB/GRAFIC SPPLOT.M
98.03.20 16:56 B C:\MATLAB\HRTF\HARTLIB\GRAFIC\TGP3DPLO.M --> slowmo /extra/pentium/c/MATLAB/HRTF/HARTLIB/GRAFIC TGP3DPLO.M
98.03.20 16:56 B C:\MATLAB\HRTF\HARTLIB\GRAFIC\WS_FTP.LOG --> slowmo /extra/pentium/c/MATLAB/HRTF/HARTLIB/GRAFIC WS_FTP.LOG
