100.06.27 11:39 B D:\mlspezio\MATLAB\SCRIPTS\physiol_analysis\newmodel\errfun_specint1.m <-- darkwing /home5/mlspezio/newmodel errfun_specint1.m
100.06.27 11:39 B D:\mlspezio\MATLAB\SCRIPTS\physiol_analysis\newmodel\errfun_specint2.m <-- darkwing /home5/mlspezio/newmodel errfun_specint2.m
100.06.27 11:39 B D:\mlspezio\MATLAB\SCRIPTS\physiol_analysis\newmodel\errorfun_spectralintegration1.m <-- darkwing /home5/mlspezio/newmodel errorfun_spectralintegration1.m
100.06.27 11:39 B D:\mlspezio\MATLAB\SCRIPTS\physiol_analysis\newmodel\errorfun_spectralintegration10.m <-- darkwing /home5/mlspezio/newmodel errorfun_spectralintegration10.m
100.06.27 11:39 B D:\mlspezio\MATLAB\SCRIPTS\physiol_analysis\newmodel\errorfun_spectralintegration11.m <-- darkwing /home5/mlspezio/newmodel errorfun_spectralintegration11.m
100.06.27 11:39 B D:\mlspezio\MATLAB\SCRIPTS\physiol_analysis\newmodel\errorfun_spectralintegration12.m <-- darkwing /home5/mlspezio/newmodel errorfun_spectralintegration12.m
100.06.27 11:39 B D:\mlspezio\MATLAB\SCRIPTS\physiol_analysis\newmodel\errorfun_spectralintegration13.m <-- darkwing /home5/mlspezio/newmodel errorfun_spectralintegration13.m
100.06.27 11:39 B D:\mlspezio\MATLAB\SCRIPTS\physiol_analysis\newmodel\errorfun_spectralintegration14.m <-- darkwing /home5/mlspezio/newmodel errorfun_spectralintegration14.m
100.06.27 11:39 B D:\mlspezio\MATLAB\SCRIPTS\physiol_analysis\newmodel\errorfun_spectralintegration2.m <-- darkwing /home5/mlspezio/newmodel errorfun_spectralintegration2.m
100.06.27 11:39 B D:\mlspezio\MATLAB\SCRIPTS\physiol_analysis\newmodel\errorfun_spectralintegration3.m <-- darkwing /home5/mlspezio/newmodel errorfun_spectralintegration3.m
100.06.27 11:39 B D:\mlspezio\MATLAB\SCRIPTS\physiol_analysis\newmodel\errorfun_spectralintegration4.m <-- darkwing /home5/mlspezio/newmodel errorfun_spectralintegration4.m
100.06.27 11:39 B D:\mlspezio\MATLAB\SCRIPTS\physiol_analysis\newmodel\errorfun_spectralintegration5.m <-- darkwing /home5/mlspezio/newmodel errorfun_spectralintegration5.m
100.06.27 11:39 B D:\mlspezio\MATLAB\SCRIPTS\physiol_analysis\newmodel\errorfun_spectralintegration6.m <-- darkwing /home5/mlspezio/newmodel errorfun_spectralintegration6.m
100.06.27 11:39 B D:\mlspezio\MATLAB\SCRIPTS\physiol_analysis\newmodel\errorfun_spectralintegration7.m <-- darkwing /home5/mlspezio/newmodel errorfun_spectralintegration7.m
100.06.27 11:39 B D:\mlspezio\MATLAB\SCRIPTS\physiol_analysis\newmodel\errorfun_spectralintegration8.m <-- darkwing /home5/mlspezio/newmodel errorfun_spectralintegration8.m
100.06.27 11:39 B D:\mlspezio\MATLAB\SCRIPTS\physiol_analysis\newmodel\errorfun_spectralintegration9.m <-- darkwing /home5/mlspezio/newmodel errorfun_spectralintegration9.m
100.06.27 11:39 B D:\mlspezio\MATLAB\SCRIPTS\physiol_analysis\newmodel\Linmodel1.m <-- darkwing /home5/mlspezio/newmodel Linmodel1.m
100.06.27 11:39 B D:\mlspezio\MATLAB\SCRIPTS\physiol_analysis\newmodel\Linmodel10.m <-- darkwing /home5/mlspezio/newmodel Linmodel10.m
100.06.27 11:39 B D:\mlspezio\MATLAB\SCRIPTS\physiol_analysis\newmodel\Linmodel2.m <-- darkwing /home5/mlspezio/newmodel Linmodel2.m
100.06.27 11:39 B D:\mlspezio\MATLAB\SCRIPTS\physiol_analysis\newmodel\Linmodel3.m <-- darkwing /home5/mlspezio/newmodel Linmodel3.m
100.06.27 11:39 B D:\mlspezio\MATLAB\SCRIPTS\physiol_analysis\newmodel\Linmodel4.m <-- darkwing /home5/mlspezio/newmodel Linmodel4.m
100.06.27 11:39 B D:\mlspezio\MATLAB\SCRIPTS\physiol_analysis\newmodel\Linmodel5.m <-- darkwing /home5/mlspezio/newmodel Linmodel5.m
100.06.27 11:39 B D:\mlspezio\MATLAB\SCRIPTS\physiol_analysis\newmodel\Linmodel6.m <-- darkwing /home5/mlspezio/newmodel Linmodel6.m
100.06.27 11:39 B D:\mlspezio\MATLAB\SCRIPTS\physiol_analysis\newmodel\Linmodel7.m <-- darkwing /home5/mlspezio/newmodel Linmodel7.m
100.06.27 11:39 B D:\mlspezio\MATLAB\SCRIPTS\physiol_analysis\newmodel\Linmodel8.m <-- darkwing /home5/mlspezio/newmodel Linmodel8.m
100.06.27 11:39 B D:\mlspezio\MATLAB\SCRIPTS\physiol_analysis\newmodel\Linmodel9.m <-- darkwing /home5/mlspezio/newmodel Linmodel9.m
100.06.27 11:39 B D:\mlspezio\MATLAB\SCRIPTS\physiol_analysis\newmodel\Nonlinmodel1.m <-- darkwing /home5/mlspezio/newmodel Nonlinmodel1.m
100.06.27 11:39 B D:\mlspezio\MATLAB\SCRIPTS\physiol_analysis\newmodel\specint_model1.m <-- darkwing /home5/mlspezio/newmodel specint_model1.m
100.06.27 11:39 B D:\mlspezio\MATLAB\SCRIPTS\physiol_analysis\newmodel\specint_model2.m <-- darkwing /home5/mlspezio/newmodel specint_model2.m
100.06.27 11:39 B D:\mlspezio\MATLAB\SCRIPTS\physiol_analysis\newmodel\specint_model3.m <-- darkwing /home5/mlspezio/newmodel specint_model3.m
100.06.27 11:39 B D:\mlspezio\MATLAB\SCRIPTS\physiol_analysis\newmodel\Testhyp1.m <-- darkwing /home5/mlspezio/newmodel Testhyp1.m
