98.02.22 12:33 B C:\MATLAB\HRTF\HARTLIB\NEUROMOD\ANARAD.M --> alpha /home2/mlspezio/Matlab/HRTF/HARTLIB/NEUROMOD ANARAD.M
98.02.22 12:33 B C:\MATLAB\HRTF\HARTLIB\NEUROMOD\ANARES2.M --> alpha /home2/mlspezio/Matlab/HRTF/HARTLIB/NEUROMOD ANARES2.M
98.02.22 12:33 B C:\MATLAB\HRTF\HARTLIB\NEUROMOD\ANARESP.M --> alpha /home2/mlspezio/Matlab/HRTF/HARTLIB/NEUROMOD ANARESP.M
98.02.22 12:33 B C:\MATLAB\HRTF\HARTLIB\NEUROMOD\ANAWDH.M --> alpha /home2/mlspezio/Matlab/HRTF/HARTLIB/NEUROMOD ANAWDH.M
98.02.22 12:33 B C:\MATLAB\HRTF\HARTLIB\NEUROMOD\CONTENTS.M --> alpha /home2/mlspezio/Matlab/HRTF/HARTLIB/NEUROMOD CONTENTS.M
98.02.22 12:33 B C:\MATLAB\HRTF\HARTLIB\NEUROMOD\READSMR.M --> alpha /home2/mlspezio/Matlab/HRTF/HARTLIB/NEUROMOD READSMR.M
98.02.22 12:33 B C:\MATLAB\HRTF\HARTLIB\NEUROMOD\RESP_BA.M --> alpha /home2/mlspezio/Matlab/HRTF/HARTLIB/NEUROMOD RESP_BA.M
98.02.22 12:33 B C:\MATLAB\HRTF\HARTLIB\NEUROMOD\RESPBA2.M --> alpha /home2/mlspezio/Matlab/HRTF/HARTLIB/NEUROMOD RESPBA2.M
98.02.22 12:34 B C:\MATLAB\HRTF\HARTLIB\NEUROMOD\RESPBA3.M --> alpha /home2/mlspezio/Matlab/HRTF/HARTLIB/NEUROMOD RESPBA3.M
98.02.22 12:34 B C:\MATLAB\HRTF\HARTLIB\NEUROMOD\VALUE2PL.M --> alpha /home2/mlspezio/Matlab/HRTF/HARTLIB/NEUROMOD VALUE2PL.M
98.03.20 16:57 B C:\MATLAB\HRTF\HARTLIB\NEUROMOD\ANARAD.M --> slowmo /extra/pentium/c/MATLAB/HRTF/HARTLIB/NEUROMOD ANARAD.M
98.03.20 16:57 B C:\MATLAB\HRTF\HARTLIB\NEUROMOD\ANARES2.M --> slowmo /extra/pentium/c/MATLAB/HRTF/HARTLIB/NEUROMOD ANARES2.M
98.03.20 16:57 B C:\MATLAB\HRTF\HARTLIB\NEUROMOD\ANARESP.M --> slowmo /extra/pentium/c/MATLAB/HRTF/HARTLIB/NEUROMOD ANARESP.M
98.03.20 16:57 B C:\MATLAB\HRTF\HARTLIB\NEUROMOD\ANAWDH.M --> slowmo /extra/pentium/c/MATLAB/HRTF/HARTLIB/NEUROMOD ANAWDH.M
98.03.20 16:57 B C:\MATLAB\HRTF\HARTLIB\NEUROMOD\CONTENTS.M --> slowmo /extra/pentium/c/MATLAB/HRTF/HARTLIB/NEUROMOD CONTENTS.M
98.03.20 16:57 B C:\MATLAB\HRTF\HARTLIB\NEUROMOD\READSMR.M --> slowmo /extra/pentium/c/MATLAB/HRTF/HARTLIB/NEUROMOD READSMR.M
98.03.20 16:57 B C:\MATLAB\HRTF\HARTLIB\NEUROMOD\RESP_BA.M --> slowmo /extra/pentium/c/MATLAB/HRTF/HARTLIB/NEUROMOD RESP_BA.M
98.03.20 16:57 B C:\MATLAB\HRTF\HARTLIB\NEUROMOD\RESPBA2.M --> slowmo /extra/pentium/c/MATLAB/HRTF/HARTLIB/NEUROMOD RESPBA2.M
98.03.20 16:57 B C:\MATLAB\HRTF\HARTLIB\NEUROMOD\RESPBA3.M --> slowmo /extra/pentium/c/MATLAB/HRTF/HARTLIB/NEUROMOD RESPBA3.M
98.03.20 16:57 B C:\MATLAB\HRTF\HARTLIB\NEUROMOD\VALUE2PL.M --> slowmo /extra/pentium/c/MATLAB/HRTF/HARTLIB/NEUROMOD VALUE2PL.M
98.03.20 16:57 B C:\MATLAB\HRTF\HARTLIB\NEUROMOD\WS_FTP.LOG --> slowmo /extra/pentium/c/MATLAB/HRTF/HARTLIB/NEUROMOD WS_FTP.LOG
