98.02.22 11:57 B C:\MATLAB\TOOLBOX\HRTF\ABS2DB.M --> downpour.uoregon.edu /home2/mlspezio/Matlab/HRTF ABS2DB.M
98.02.22 11:57 B C:\MATLAB\TOOLBOX\HRTF\ANALYSE.M --> downpour.uoregon.edu /home2/mlspezio/Matlab/HRTF ANALYSE.M
98.02.22 11:57 B C:\MATLAB\TOOLBOX\HRTF\ANALYSE.M% --> downpour.uoregon.edu /home2/mlspezio/Matlab/HRTF ANALYSE.M%
98.02.22 11:59 B C:\MATLAB\TOOLBOX\HRTF\ABS2DB.M --> alpha /home2/mlspezio/Matlab/hrtf ABS2DB.M
98.02.22 11:59 B C:\MATLAB\TOOLBOX\HRTF\ANALYSE.M --> alpha /home2/mlspezio/Matlab/hrtf ANALYSE.M
98.02.22 11:59 B C:\MATLAB\TOOLBOX\HRTF\ANALYSE.M% --> alpha /home2/mlspezio/Matlab/hrtf ANALYSE.M%
98.02.22 12:00 B C:\MATLAB\TOOLBOX\HRTF\APPLDOCV.ICO --> alpha /home2/mlspezio/Matlab/hrtf APPLDOCV.ICO
98.02.22 12:00 B C:\MATLAB\TOOLBOX\HRTF\APXPREV.CPP --> alpha /home2/mlspezio/Matlab/hrtf APXPREV.CPP
98.02.22 12:01 B C:\MATLAB\TOOLBOX\HRTF\APXPREV.H --> alpha /home2/mlspezio/Matlab/hrtf APXPREV.H
98.02.22 12:01 B C:\MATLAB\TOOLBOX\HRTF\APXPRINT.CPP --> alpha /home2/mlspezio/Matlab/hrtf APXPRINT.CPP
98.02.22 12:01 B C:\MATLAB\TOOLBOX\HRTF\APXPRINT.H --> alpha /home2/mlspezio/Matlab/hrtf APXPRINT.H
98.02.22 12:01 B C:\MATLAB\TOOLBOX\HRTF\BARK2HZ.M --> alpha /home2/mlspezio/Matlab/hrtf BARK2HZ.M
98.02.22 12:01 B C:\MATLAB\TOOLBOX\HRTF\CHECKFFT.M --> alpha /home2/mlspezio/Matlab/hrtf CHECKFFT.M
98.02.22 12:01 B C:\MATLAB\TOOLBOX\HRTF\CHECKFFT.M~ --> alpha /home2/mlspezio/Matlab/hrtf CHECKFFT.M~
98.02.22 12:01 B C:\MATLAB\TOOLBOX\HRTF\CNTAXES.M --> alpha /home2/mlspezio/Matlab/hrtf CNTAXES.M
98.02.22 12:01 B C:\MATLAB\TOOLBOX\HRTF\CNTLINES.M --> alpha /home2/mlspezio/Matlab/hrtf CNTLINES.M
98.02.22 12:01 B C:\MATLAB\TOOLBOX\HRTF\CNTUICTL.M --> alpha /home2/mlspezio/Matlab/hrtf CNTUICTL.M
98.02.22 12:01 B C:\MATLAB\TOOLBOX\HRTF\CONT_ING.M --> alpha /home2/mlspezio/Matlab/hrtf CONT_ING.M
98.02.22 12:01 B C:\MATLAB\TOOLBOX\HRTF\CONTENTS.M --> alpha /home2/mlspezio/Matlab/hrtf CONTENTS.M
98.02.22 12:01 B C:\MATLAB\TOOLBOX\HRTF\CONTPLOT.M --> alpha /home2/mlspezio/Matlab/hrtf CONTPLOT.M
98.02.22 12:01 B C:\MATLAB\TOOLBOX\HRTF\COPY.BMP --> alpha /home2/mlspezio/Matlab/hrtf COPY.BMP
98.02.22 12:01 B C:\MATLAB\TOOLBOX\HRTF\CRACK.EXE --> alpha /home2/mlspezio/Matlab/hrtf CRACK.EXE
98.02.22 12:01 B C:\MATLAB\TOOLBOX\HRTF\CRSRDEL.M --> alpha /home2/mlspezio/Matlab/hrtf CRSRDEL.M
98.02.22 12:02 B C:\MATLAB\TOOLBOX\HRTF\CRSRLOC.M --> alpha /home2/mlspezio/Matlab/hrtf CRSRLOC.M
98.02.22 12:02 B C:\MATLAB\TOOLBOX\HRTF\CRSRMAKE.M --> alpha /home2/mlspezio/Matlab/hrtf CRSRMAKE.M
98.02.22 12:02 B C:\MATLAB\TOOLBOX\HRTF\CRSRMOVE.M --> alpha /home2/mlspezio/Matlab/hrtf CRSRMOVE.M
98.02.22 12:02 B C:\MATLAB\TOOLBOX\HRTF\CRSROFF.M --> alpha /home2/mlspezio/Matlab/hrtf CRSROFF.M
98.02.22 12:02 B C:\MATLAB\TOOLBOX\HRTF\CRSRON.M --> alpha /home2/mlspezio/Matlab/hrtf CRSRON.M
98.02.22 12:02 B C:\MATLAB\TOOLBOX\HRTF\CUT.BMP --> alpha /home2/mlspezio/Matlab/hrtf CUT.BMP
98.02.22 12:02 B C:\MATLAB\TOOLBOX\HRTF\CUT_SIG.M --> alpha /home2/mlspezio/Matlab/hrtf CUT_SIG.M
98.02.22 12:02 B C:\MATLAB\TOOLBOX\HRTF\DELAY.M --> alpha /home2/mlspezio/Matlab/hrtf DELAY.M
98.02.22 12:02 B C:\MATLAB\TOOLBOX\HRTF\DELAYLOG.M --> alpha /home2/mlspezio/Matlab/hrtf DELAYLOG.M
98.02.22 12:02 B C:\MATLAB\TOOLBOX\HRTF\DELAYOUT.M --> alpha /home2/mlspezio/Matlab/hrtf DELAYOUT.M
98.02.22 12:02 B C:\MATLAB\TOOLBOX\HRTF\DERIVE.M --> alpha /home2/mlspezio/Matlab/hrtf DERIVE.M
98.02.22 12:02 B C:\MATLAB\TOOLBOX\HRTF\DINPUT.M --> alpha /home2/mlspezio/Matlab/hrtf DINPUT.M
98.02.22 12:02 B C:\MATLAB\TOOLBOX\HRTF\DIRLABEL.M --> alpha /home2/mlspezio/Matlab/hrtf DIRLABEL.M
98.02.22 12:02 B C:\MATLAB\TOOLBOX\HRTF\DISPDATA.M --> alpha /home2/mlspezio/Matlab/hrtf DISPDATA.M
98.02.22 12:02 B C:\MATLAB\TOOLBOX\HRTF\DISPWIND.M --> alpha /home2/mlspezio/Matlab/hrtf DISPWIND.M
98.02.22 12:02 B C:\MATLAB\TOOLBOX\HRTF\DISPWIND.M~ --> alpha /home2/mlspezio/Matlab/hrtf DISPWIND.M~
98.02.22 12:02 B C:\MATLAB\TOOLBOX\HRTF\EARFILT.M --> alpha /home2/mlspezio/Matlab/hrtf EARFILT.M
98.02.22 12:02 B C:\MATLAB\TOOLBOX\HRTF\ENERGY.M --> alpha /home2/mlspezio/Matlab/hrtf ENERGY.M
98.02.22 12:02 B C:\MATLAB\TOOLBOX\HRTF\ETC.M --> alpha /home2/mlspezio/Matlab/hrtf ETC.M
98.02.22 12:02 B C:\MATLAB\TOOLBOX\HRTF\FADE.M --> alpha /home2/mlspezio/Matlab/hrtf FADE.M
98.02.22 12:03 B C:\MATLAB\TOOLBOX\HRTF\Fade2.m --> alpha /home2/mlspezio/Matlab/hrtf Fade2.m
98.02.22 12:03 B C:\MATLAB\TOOLBOX\HRTF\FG_CNTRL.M --> alpha /home2/mlspezio/Matlab/hrtf FG_CNTRL.M
98.02.22 12:03 B C:\MATLAB\TOOLBOX\HRTF\FIND.BMP --> alpha /home2/mlspezio/Matlab/hrtf FIND.BMP
98.02.22 12:03 B C:\MATLAB\TOOLBOX\HRTF\FINDAX.M --> alpha /home2/mlspezio/Matlab/hrtf FINDAX.M
98.02.22 12:03 B C:\MATLAB\TOOLBOX\HRTF\FINDAXES.M --> alpha /home2/mlspezio/Matlab/hrtf FINDAXES.M
98.02.22 12:03 B C:\MATLAB\TOOLBOX\HRTF\FINDCHKB.M --> alpha /home2/mlspezio/Matlab/hrtf FINDCHKB.M
98.02.22 12:03 B C:\MATLAB\TOOLBOX\HRTF\FINDEDIT.M --> alpha /home2/mlspezio/Matlab/hrtf FINDEDIT.M
98.02.22 12:03 B C:\MATLAB\TOOLBOX\HRTF\FINDFRAM.M --> alpha /home2/mlspezio/Matlab/hrtf FINDFRAM.M
98.02.22 12:04 B C:\MATLAB\TOOLBOX\HRTF\FINDLINE.M --> alpha /home2/mlspezio/Matlab/hrtf FINDLINE.M
98.02.22 12:04 B C:\MATLAB\TOOLBOX\HRTF\FINDMENU.M --> alpha /home2/mlspezio/Matlab/hrtf FINDMENU.M
98.02.22 12:04 B C:\MATLAB\TOOLBOX\HRTF\FINDNEXT.BMP --> alpha /home2/mlspezio/Matlab/hrtf FINDNEXT.BMP
98.02.22 12:04 B C:\MATLAB\TOOLBOX\HRTF\FINDPOPU.M --> alpha /home2/mlspezio/Matlab/hrtf FINDPOPU.M
98.02.22 12:04 B C:\MATLAB\TOOLBOX\HRTF\FINDPUSH.M --> alpha /home2/mlspezio/Matlab/hrtf FINDPUSH.M
98.02.22 12:04 B C:\MATLAB\TOOLBOX\HRTF\FINDRDIO.M --> alpha /home2/mlspezio/Matlab/hrtf FINDRDIO.M
98.02.22 12:04 B C:\MATLAB\TOOLBOX\HRTF\FINDSLID.M --> alpha /home2/mlspezio/Matlab/hrtf FINDSLID.M
98.02.22 12:04 B C:\MATLAB\TOOLBOX\HRTF\FINDTEXT.M --> alpha /home2/mlspezio/Matlab/hrtf FINDTEXT.M
98.02.22 12:04 B C:\MATLAB\TOOLBOX\HRTF\FINDUITX.M --> alpha /home2/mlspezio/Matlab/hrtf FINDUITX.M
98.02.22 12:04 B C:\MATLAB\TOOLBOX\HRTF\FREQGRP.M --> alpha /home2/mlspezio/Matlab/hrtf FREQGRP.M
98.02.22 12:04 B C:\MATLAB\TOOLBOX\HRTF\FRQCNTRL.M --> alpha /home2/mlspezio/Matlab/hrtf FRQCNTRL.M
98.02.22 12:04 B C:\MATLAB\TOOLBOX\HRTF\FRQSCALE.M --> alpha /home2/mlspezio/Matlab/hrtf FRQSCALE.M
98.02.22 12:04 B C:\MATLAB\TOOLBOX\HRTF\FSMOOTH.M --> alpha /home2/mlspezio/Matlab/hrtf FSMOOTH.M
98.02.22 12:04 B C:\MATLAB\TOOLBOX\HRTF\FSMOOTH2.M --> alpha /home2/mlspezio/Matlab/hrtf FSMOOTH2.M
98.02.22 12:04 B C:\MATLAB\TOOLBOX\HRTF\GAUSS.M --> alpha /home2/mlspezio/Matlab/hrtf GAUSS.M
98.02.22 12:04 B C:\MATLAB\TOOLBOX\HRTF\GETPOPST.M --> alpha /home2/mlspezio/Matlab/hrtf GETPOPST.M
98.02.22 12:04 B C:\MATLAB\TOOLBOX\HRTF\GETPOPVL.M --> alpha /home2/mlspezio/Matlab/hrtf GETPOPVL.M
98.02.22 12:04 B C:\MATLAB\TOOLBOX\HRTF\GETSAMPL.M --> alpha /home2/mlspezio/Matlab/hrtf GETSAMPL.M
98.02.22 12:04 B C:\MATLAB\TOOLBOX\HRTF\GRCNTRL.M --> alpha /home2/mlspezio/Matlab/hrtf GRCNTRL.M
98.02.22 12:04 B C:\MATLAB\TOOLBOX\HRTF\GRCNTRL.M~ --> alpha /home2/mlspezio/Matlab/hrtf GRCNTRL.M~
98.02.22 12:04 B C:\MATLAB\TOOLBOX\HRTF\GRCNTRL_.M --> alpha /home2/mlspezio/Matlab/hrtf GRCNTRL_.M
98.02.22 12:04 B C:\MATLAB\TOOLBOX\HRTF\GRCNTRL_.M~ --> alpha /home2/mlspezio/Matlab/hrtf GRCNTRL_.M~
98.02.22 12:04 B C:\MATLAB\TOOLBOX\HRTF\H_MAX_EN.M --> alpha /home2/mlspezio/Matlab/hrtf H_MAX_EN.M
98.02.22 12:04 B C:\MATLAB\TOOLBOX\HRTF\HZ2BARK.M --> alpha /home2/mlspezio/Matlab/hrtf HZ2BARK.M
98.02.22 12:04 B C:\MATLAB\TOOLBOX\HRTF\IA_CNTRL.M --> alpha /home2/mlspezio/Matlab/hrtf IA_CNTRL.M
98.02.22 12:04 B C:\MATLAB\TOOLBOX\HRTF\IA_DIR.M --> alpha /home2/mlspezio/Matlab/hrtf IA_DIR.M
98.02.22 12:04 B C:\MATLAB\TOOLBOX\HRTF\IA_EVAL1.M --> alpha /home2/mlspezio/Matlab/hrtf IA_EVAL1.M
98.02.22 12:04 B C:\MATLAB\TOOLBOX\HRTF\IA_EVALX.M --> alpha /home2/mlspezio/Matlab/hrtf IA_EVALX.M
98.02.22 12:04 B C:\MATLAB\TOOLBOX\HRTF\IA_FIT.M --> alpha /home2/mlspezio/Matlab/hrtf IA_FIT.M
98.02.22 12:04 B C:\MATLAB\TOOLBOX\HRTF\IA_FIT.M% --> alpha /home2/mlspezio/Matlab/hrtf IA_FIT.M%
98.02.22 12:05 B C:\MATLAB\TOOLBOX\HRTF\IA_GLOBE.M --> alpha /home2/mlspezio/Matlab/hrtf IA_GLOBE.M
98.02.22 12:05 B C:\MATLAB\TOOLBOX\HRTF\IA_LYSE.M --> alpha /home2/mlspezio/Matlab/hrtf IA_LYSE.M
98.02.22 12:05 B C:\MATLAB\TOOLBOX\HRTF\IA_LYSE.M% --> alpha /home2/mlspezio/Matlab/hrtf IA_LYSE.M%
98.02.22 12:05 B C:\MATLAB\TOOLBOX\HRTF\IA_PLOT.M --> alpha /home2/mlspezio/Matlab/hrtf IA_PLOT.M
98.02.22 12:05 B C:\MATLAB\TOOLBOX\HRTF\IA_PLOT1.M --> alpha /home2/mlspezio/Matlab/hrtf IA_PLOT1.M
98.02.22 12:05 B C:\MATLAB\TOOLBOX\HRTF\IA_PLOT2.M --> alpha /home2/mlspezio/Matlab/hrtf IA_PLOT2.M
98.02.22 12:06 B C:\MATLAB\TOOLBOX\HRTF\IA_S_FRQ.M --> alpha /home2/mlspezio/Matlab/hrtf IA_S_FRQ.M
98.02.22 12:06 B C:\MATLAB\TOOLBOX\HRTF\IA_SAVE.M --> alpha /home2/mlspezio/Matlab/hrtf IA_SAVE.M
98.02.22 12:06 B C:\MATLAB\TOOLBOX\HRTF\IA_SAVE.M% --> alpha /home2/mlspezio/Matlab/hrtf IA_SAVE.M%
98.02.22 12:06 B C:\MATLAB\TOOLBOX\HRTF\IDAXES.M --> alpha /home2/mlspezio/Matlab/hrtf IDAXES.M
98.02.22 12:06 B C:\MATLAB\TOOLBOX\HRTF\IRPLOT.M --> alpha /home2/mlspezio/Matlab/hrtf IRPLOT.M
98.02.22 12:06 B C:\MATLAB\TOOLBOX\HRTF\ISEVEN.M --> alpha /home2/mlspezio/Matlab/hrtf ISEVEN.M
98.02.22 12:06 B C:\MATLAB\TOOLBOX\HRTF\ISO_FIT.M --> alpha /home2/mlspezio/Matlab/hrtf ISO_FIT.M
98.02.22 12:06 B C:\MATLAB\TOOLBOX\HRTF\ISO_FIT.M% --> alpha /home2/mlspezio/Matlab/hrtf ISO_FIT.M%
98.02.22 12:07 B C:\MATLAB\TOOLBOX\HRTF\ISO_MESH.M --> alpha /home2/mlspezio/Matlab/hrtf ISO_MESH.M
98.02.22 12:07 B C:\MATLAB\TOOLBOX\HRTF\ISO_PH.M --> alpha /home2/mlspezio/Matlab/hrtf ISO_PH.M
98.02.22 12:07 B C:\MATLAB\TOOLBOX\HRTF\ISOGLOBE.M --> alpha /home2/mlspezio/Matlab/hrtf ISOGLOBE.M
98.02.22 12:07 B C:\MATLAB\TOOLBOX\HRTF\ISOLYSE.M --> alpha /home2/mlspezio/Matlab/hrtf ISOLYSE.M
98.02.22 12:07 B C:\MATLAB\TOOLBOX\HRTF\ISOLYSE.M% --> alpha /home2/mlspezio/Matlab/hrtf ISOLYSE.M%
98.02.22 12:07 B C:\MATLAB\TOOLBOX\HRTF\ISOPLOT.M --> alpha /home2/mlspezio/Matlab/hrtf ISOPLOT.M
98.02.22 12:07 B C:\MATLAB\TOOLBOX\HRTF\ISOPLOT.M% --> alpha /home2/mlspezio/Matlab/hrtf ISOPLOT.M%
98.02.22 12:08 B C:\MATLAB\TOOLBOX\HRTF\ISSTABLE.M --> alpha /home2/mlspezio/Matlab/hrtf ISSTABLE.M
98.02.22 12:08 B C:\MATLAB\TOOLBOX\HRTF\JOB.M --> alpha /home2/mlspezio/Matlab/hrtf JOB.M
98.02.22 12:08 B C:\MATLAB\TOOLBOX\HRTF\L_CONTR.M --> alpha /home2/mlspezio/Matlab/hrtf L_CONTR.M
98.02.22 12:08 B C:\MATLAB\TOOLBOX\HRTF\LATTICE.M --> alpha /home2/mlspezio/Matlab/hrtf LATTICE.M
98.02.22 12:08 B C:\MATLAB\TOOLBOX\HRTF\LEGEND.M --> alpha /home2/mlspezio/Matlab/hrtf LEGEND.M
98.02.22 12:08 B C:\MATLAB\TOOLBOX\HRTF\LEVELDIF.M --> alpha /home2/mlspezio/Matlab/hrtf LEVELDIF.M
98.02.22 12:08 B C:\MATLAB\TOOLBOX\HRTF\LINES.M --> alpha /home2/mlspezio/Matlab/hrtf LINES.M
98.02.22 12:08 B C:\MATLAB\TOOLBOX\HRTF\LINETEST.M --> alpha /home2/mlspezio/Matlab/hrtf LINETEST.M
98.02.22 12:09 B C:\MATLAB\TOOLBOX\HRTF\LSEQUAL2.M --> alpha /home2/mlspezio/Matlab/hrtf LSEQUAL2.M
98.02.22 12:09 B C:\MATLAB\TOOLBOX\HRTF\LSQINV.M --> alpha /home2/mlspezio/Matlab/hrtf LSQINV.M
98.02.22 12:09 B C:\MATLAB\TOOLBOX\HRTF\LSQINV2.M --> alpha /home2/mlspezio/Matlab/hrtf LSQINV2.M
98.02.22 12:09 B C:\MATLAB\TOOLBOX\HRTF\LSQINV3.M --> alpha /home2/mlspezio/Matlab/hrtf LSQINV3.M
98.02.22 12:09 B C:\MATLAB\TOOLBOX\HRTF\LUXUSFFT.M --> alpha /home2/mlspezio/Matlab/hrtf LUXUSFFT.M
98.02.22 12:09 B C:\MATLAB\TOOLBOX\HRTF\M_CATLOG --> alpha /home2/mlspezio/Matlab/hrtf M_CATLOG
98.02.22 12:09 B C:\MATLAB\TOOLBOX\HRTF\M_CATLOG.X --> alpha /home2/mlspezio/Matlab/hrtf M_CATLOG.X
98.02.22 12:09 B C:\MATLAB\TOOLBOX\HRTF\M_LAYOUT.M --> alpha /home2/mlspezio/Matlab/hrtf M_LAYOUT.M
98.02.22 12:09 B C:\MATLAB\TOOLBOX\HRTF\MAGN_LOG.M --> alpha /home2/mlspezio/Matlab/hrtf MAGN_LOG.M
98.02.22 12:09 B C:\MATLAB\TOOLBOX\HRTF\MAGNPLOT.M --> alpha /home2/mlspezio/Matlab/hrtf MAGNPLOT.M
98.02.22 12:09 B C:\MATLAB\TOOLBOX\HRTF\MAGPLOT.M --> alpha /home2/mlspezio/Matlab/hrtf MAGPLOT.M
98.02.22 12:09 B C:\MATLAB\TOOLBOX\HRTF\MDICHILD.ICO --> alpha /home2/mlspezio/Matlab/hrtf MDICHILD.ICO
98.02.22 12:09 B C:\MATLAB\TOOLBOX\HRTF\MEANTF.M --> alpha /home2/mlspezio/Matlab/hrtf MEANTF.M
98.02.22 12:09 B C:\MATLAB\TOOLBOX\HRTF\MENU.EXE --> alpha /home2/mlspezio/Matlab/hrtf MENU.EXE
98.02.22 12:09 B C:\MATLAB\TOOLBOX\HRTF\MESH_LAY.M --> alpha /home2/mlspezio/Matlab/hrtf MESH_LAY.M
98.02.22 12:09 B C:\MATLAB\TOOLBOX\HRTF\MESHING.M --> alpha /home2/mlspezio/Matlab/hrtf MESHING.M
98.02.22 12:10 B C:\MATLAB\TOOLBOX\HRTF\MESHPLOT.M --> alpha /home2/mlspezio/Matlab/hrtf MESHPLOT.M
98.02.22 12:10 B C:\MATLAB\TOOLBOX\HRTF\MIRROR.M --> alpha /home2/mlspezio/Matlab/hrtf MIRROR.M
98.02.22 12:10 B C:\MATLAB\TOOLBOX\HRTF\MIXRAND.M --> alpha /home2/mlspezio/Matlab/hrtf MIXRAND.M
98.02.22 12:10 B C:\MATLAB\TOOLBOX\HRTF\MKLSDATA.M --> alpha /home2/mlspezio/Matlab/hrtf MKLSDATA.M
98.02.22 12:10 B C:\MATLAB\TOOLBOX\HRTF\MKLSRDAT.M --> alpha /home2/mlspezio/Matlab/hrtf MKLSRDAT.M
98.02.22 12:10 B C:\MATLAB\TOOLBOX\HRTF\MKSAMPLE.M --> alpha /home2/mlspezio/Matlab/hrtf MKSAMPLE.M
98.02.22 12:10 B C:\MATLAB\TOOLBOX\HRTF\MKSINSI1.M --> alpha /home2/mlspezio/Matlab/hrtf MKSINSI1.M
98.02.22 12:10 B C:\MATLAB\TOOLBOX\HRTF\MMSAMPLE.M --> alpha /home2/mlspezio/Matlab/hrtf MMSAMPLE.M
98.02.22 12:10 B C:\MATLAB\TOOLBOX\HRTF\MO_CNTRL.M --> alpha /home2/mlspezio/Matlab/hrtf MO_CNTRL.M
98.02.22 12:10 B C:\MATLAB\TOOLBOX\HRTF\MO_SPEED.M --> alpha /home2/mlspezio/Matlab/hrtf MO_SPEED.M
98.02.22 12:10 B C:\MATLAB\TOOLBOX\HRTF\MOTION.M --> alpha /home2/mlspezio/Matlab/hrtf MOTION.M
98.02.22 12:10 B C:\MATLAB\TOOLBOX\HRTF\MTLBP.M --> alpha /home2/mlspezio/Matlab/hrtf MTLBP.M
98.02.22 12:10 B C:\MATLAB\TOOLBOX\HRTF\MTLCONT.M --> alpha /home2/mlspezio/Matlab/hrtf MTLCONT.M
98.02.22 12:10 B C:\MATLAB\TOOLBOX\HRTF\MTLCORHE.M --> alpha /home2/mlspezio/Matlab/hrtf MTLCORHE.M
98.02.22 12:10 B C:\MATLAB\TOOLBOX\HRTF\MTLCUT.M --> alpha /home2/mlspezio/Matlab/hrtf MTLCUT.M
98.02.22 12:10 B C:\MATLAB\TOOLBOX\HRTF\MTLCUT.M~ --> alpha /home2/mlspezio/Matlab/hrtf MTLCUT.M~
98.02.22 12:11 B C:\MATLAB\TOOLBOX\HRTF\MTLCUT.XXX --> alpha /home2/mlspezio/Matlab/hrtf MTLCUT.XXX
98.02.22 12:11 B C:\MATLAB\TOOLBOX\HRTF\MTLDIV.M --> alpha /home2/mlspezio/Matlab/hrtf MTLDIV.M
98.02.22 12:11 B C:\MATLAB\TOOLBOX\HRTF\MTLFADE.M --> alpha /home2/mlspezio/Matlab/hrtf MTLFADE.M
98.02.22 12:11 B C:\MATLAB\TOOLBOX\HRTF\MTLFADE.M~ --> alpha /home2/mlspezio/Matlab/hrtf MTLFADE.M~
98.02.22 12:11 B C:\MATLAB\TOOLBOX\HRTF\MTLFD.M --> alpha /home2/mlspezio/Matlab/hrtf MTLFD.M
98.02.22 12:11 B C:\MATLAB\TOOLBOX\HRTF\MTLFFT.M --> alpha /home2/mlspezio/Matlab/hrtf MTLFFT.M
98.02.22 12:11 B C:\MATLAB\TOOLBOX\HRTF\MTLIA.M --> alpha /home2/mlspezio/Matlab/hrtf MTLIA.M
98.02.22 12:11 B C:\MATLAB\TOOLBOX\HRTF\MTLIFFT.M --> alpha /home2/mlspezio/Matlab/hrtf MTLIFFT.M
98.02.22 12:11 B C:\MATLAB\TOOLBOX\HRTF\MTLINV.M --> alpha /home2/mlspezio/Matlab/hrtf MTLINV.M
98.02.22 12:11 B C:\MATLAB\TOOLBOX\HRTF\MTLLOW.M --> alpha /home2/mlspezio/Matlab/hrtf MTLLOW.M
98.02.22 12:11 B C:\MATLAB\TOOLBOX\HRTF\MTLMEAN.M --> alpha /home2/mlspezio/Matlab/hrtf MTLMEAN.M
98.02.22 12:11 B C:\MATLAB\TOOLBOX\HRTF\MTLMERGE.M --> alpha /home2/mlspezio/Matlab/hrtf MTLMERGE.M
98.02.22 12:11 B C:\MATLAB\TOOLBOX\HRTF\MTLMERGE.M~ --> alpha /home2/mlspezio/Matlab/hrtf MTLMERGE.M~
98.02.22 12:11 B C:\MATLAB\TOOLBOX\HRTF\MTLMULT.M --> alpha /home2/mlspezio/Matlab/hrtf MTLMULT.M
98.02.22 12:11 B C:\MATLAB\TOOLBOX\HRTF\MTLMULT.M~ --> alpha /home2/mlspezio/Matlab/hrtf MTLMULT.M~
98.02.22 12:12 B C:\MATLAB\TOOLBOX\HRTF\MTLPLOT.M --> alpha /home2/mlspezio/Matlab/hrtf MTLPLOT.M
98.02.22 12:12 B C:\MATLAB\TOOLBOX\HRTF\MTLPLOT.MM --> alpha /home2/mlspezio/Matlab/hrtf MTLPLOT.MM
98.02.22 12:12 B C:\MATLAB\TOOLBOX\HRTF\MTLPROC.M --> alpha /home2/mlspezio/Matlab/hrtf MTLPROC.M
98.02.22 12:12 B C:\MATLAB\TOOLBOX\HRTF\MTLRCH.APX --> alpha /home2/mlspezio/Matlab/hrtf MTLRCH.APX
98.02.22 12:12 B C:\MATLAB\TOOLBOX\HRTF\MTLRCH.CC --> alpha /home2/mlspezio/Matlab/hrtf MTLRCH.CC
98.02.22 12:12 B C:\MATLAB\TOOLBOX\HRTF\MTLRCH.CPP --> alpha /home2/mlspezio/Matlab/hrtf MTLRCH.CPP
98.02.22 12:12 B C:\MATLAB\TOOLBOX\HRTF\MTLRCH.DSW --> alpha /home2/mlspezio/Matlab/hrtf MTLRCH.DSW
98.02.22 12:12 B C:\MATLAB\TOOLBOX\HRTF\MTLRCH.IDE --> alpha /home2/mlspezio/Matlab/hrtf MTLRCH.IDE
98.02.22 12:12 B C:\MATLAB\TOOLBOX\HRTF\MTLRCH.M --> alpha /home2/mlspezio/Matlab/hrtf MTLRCH.M
98.02.22 12:12 B C:\MATLAB\TOOLBOX\HRTF\MTLRCH.M~ --> alpha /home2/mlspezio/Matlab/hrtf MTLRCH.M~
98.02.22 12:12 B C:\MATLAB\TOOLBOX\HRTF\MTLRCH.~DE --> alpha /home2/mlspezio/Matlab/hrtf MTLRCH.~DE
98.02.22 12:12 B C:\MATLAB\TOOLBOX\HRTF\MTLRCHAD.CPP --> alpha /home2/mlspezio/Matlab/hrtf MTLRCHAD.CPP
98.02.22 12:12 B C:\MATLAB\TOOLBOX\HRTF\MTLRCHAD.H --> alpha /home2/mlspezio/Matlab/hrtf MTLRCHAD.H
98.02.22 12:12 B C:\MATLAB\TOOLBOX\HRTF\MTLRCHAP.CPP --> alpha /home2/mlspezio/Matlab/hrtf MTLRCHAP.CPP
98.02.22 12:12 B C:\MATLAB\TOOLBOX\HRTF\MTLRCHAP.DEF --> alpha /home2/mlspezio/Matlab/hrtf MTLRCHAP.DEF
98.02.22 12:12 B C:\MATLAB\TOOLBOX\HRTF\MTLRCHAP.H --> alpha /home2/mlspezio/Matlab/hrtf MTLRCHAP.H
98.02.22 12:13 B C:\MATLAB\TOOLBOX\HRTF\MTLRCHAP.RC --> alpha /home2/mlspezio/Matlab/hrtf MTLRCHAP.RC
98.02.22 12:13 B C:\MATLAB\TOOLBOX\HRTF\MTLRCHAP.RH --> alpha /home2/mlspezio/Matlab/hrtf MTLRCHAP.RH
98.02.22 12:13 B C:\MATLAB\TOOLBOX\HRTF\MTLRDEL.M --> alpha /home2/mlspezio/Matlab/hrtf MTLRDEL.M
98.02.22 12:13 B C:\MATLAB\TOOLBOX\HRTF\MTLRDEL.M~ --> alpha /home2/mlspezio/Matlab/hrtf MTLRDEL.M~
98.02.22 12:13 B C:\MATLAB\TOOLBOX\HRTF\MTLRDIR.M --> alpha /home2/mlspezio/Matlab/hrtf MTLRDIR.M
98.02.22 12:13 B C:\MATLAB\TOOLBOX\HRTF\MTLRDIR.M~ --> alpha /home2/mlspezio/Matlab/hrtf MTLRDIR.M~
98.02.22 12:13 B C:\MATLAB\TOOLBOX\HRTF\MTLRFRQ.M --> alpha /home2/mlspezio/Matlab/hrtf MTLRFRQ.M
98.02.22 12:13 B C:\MATLAB\TOOLBOX\HRTF\MTLRH.M --> alpha /home2/mlspezio/Matlab/hrtf MTLRH.M
98.02.22 12:13 B C:\MATLAB\TOOLBOX\HRTF\MTLRH.M~ --> alpha /home2/mlspezio/Matlab/hrtf MTLRH.M~
98.02.22 12:13 B C:\MATLAB\TOOLBOX\HRTF\MTLRMDI1.CPP --> alpha /home2/mlspezio/Matlab/hrtf MTLRMDI1.CPP
98.02.22 12:13 B C:\MATLAB\TOOLBOX\HRTF\MTLRMDI1.H --> alpha /home2/mlspezio/Matlab/hrtf MTLRMDI1.H
98.02.22 12:13 B C:\MATLAB\TOOLBOX\HRTF\MTLRMDIC.CPP --> alpha /home2/mlspezio/Matlab/hrtf MTLRMDIC.CPP
98.02.22 12:13 B C:\MATLAB\TOOLBOX\HRTF\MTLRMDIC.H --> alpha /home2/mlspezio/Matlab/hrtf MTLRMDIC.H
98.02.22 12:14 B C:\MATLAB\TOOLBOX\HRTF\MTLSCALE.M --> alpha /home2/mlspezio/Matlab/hrtf MTLSCALE.M
98.02.22 12:14 B C:\MATLAB\TOOLBOX\HRTF\MTLSEEK.M --> alpha /home2/mlspezio/Matlab/hrtf MTLSEEK.M
98.02.22 12:14 B C:\MATLAB\TOOLBOX\HRTF\MTLSEEK.M~ --> alpha /home2/mlspezio/Matlab/hrtf MTLSEEK.M~
98.02.22 12:14 B C:\MATLAB\TOOLBOX\HRTF\MTLSF.M --> alpha /home2/mlspezio/Matlab/hrtf MTLSF.M
98.02.22 12:14 B C:\MATLAB\TOOLBOX\HRTF\MTLSF.M~ --> alpha /home2/mlspezio/Matlab/hrtf MTLSF.M~
98.02.22 12:14 B C:\MATLAB\TOOLBOX\HRTF\MTLTYPE.M --> alpha /home2/mlspezio/Matlab/hrtf MTLTYPE.M
98.02.22 12:14 B C:\MATLAB\TOOLBOX\HRTF\MTLWCH.CC --> alpha /home2/mlspezio/Matlab/hrtf MTLWCH.CC
98.02.22 12:14 B C:\MATLAB\TOOLBOX\HRTF\mtlwch.m --> alpha /home2/mlspezio/Matlab/hrtf mtlwch.m
98.02.22 12:14 B C:\MATLAB\TOOLBOX\HRTF\MTLWDEL.M --> alpha /home2/mlspezio/Matlab/hrtf MTLWDEL.M
98.02.22 12:14 B C:\MATLAB\TOOLBOX\HRTF\MTLWDEL2.M --> alpha /home2/mlspezio/Matlab/hrtf MTLWDEL2.M
98.02.22 12:14 B C:\MATLAB\TOOLBOX\HRTF\MTLWDIR.M --> alpha /home2/mlspezio/Matlab/hrtf MTLWDIR.M
98.02.22 12:14 B C:\MATLAB\TOOLBOX\HRTF\MTLWDIR.M~ --> alpha /home2/mlspezio/Matlab/hrtf MTLWDIR.M~
98.02.22 12:14 B C:\MATLAB\TOOLBOX\HRTF\MTLWH.M --> alpha /home2/mlspezio/Matlab/hrtf MTLWH.M
98.02.22 12:14 B C:\MATLAB\TOOLBOX\HRTF\MTLWH.M~ --> alpha /home2/mlspezio/Matlab/hrtf MTLWH.M~
98.02.22 12:15 B C:\MATLAB\TOOLBOX\HRTF\NEW.BMP --> alpha /home2/mlspezio/Matlab/hrtf NEW.BMP
98.02.22 12:15 B C:\MATLAB\TOOLBOX\HRTF\NEXT.BMP --> alpha /home2/mlspezio/Matlab/hrtf NEXT.BMP
98.02.22 12:15 B C:\MATLAB\TOOLBOX\HRTF\OPEN.BMP --> alpha /home2/mlspezio/Matlab/hrtf OPEN.BMP
98.02.22 12:15 B C:\MATLAB\TOOLBOX\HRTF\P_LAYOUT.M --> alpha /home2/mlspezio/Matlab/hrtf P_LAYOUT.M
98.02.22 12:15 B C:\MATLAB\TOOLBOX\HRTF\PASTE.BMP --> alpha /home2/mlspezio/Matlab/hrtf PASTE.BMP
98.02.22 12:15 B C:\MATLAB\TOOLBOX\HRTF\PH_LOG.M --> alpha /home2/mlspezio/Matlab/hrtf PH_LOG.M
98.02.22 12:15 B C:\MATLAB\TOOLBOX\HRTF\PH_PLOT.M --> alpha /home2/mlspezio/Matlab/hrtf PH_PLOT.M
98.02.22 12:15 B C:\MATLAB\TOOLBOX\HRTF\PHASPLOT.M --> alpha /home2/mlspezio/Matlab/hrtf PHASPLOT.M
98.02.22 12:15 B C:\MATLAB\TOOLBOX\HRTF\PHASPLOT.M~ --> alpha /home2/mlspezio/Matlab/hrtf PHASPLOT.M~
98.02.22 12:15 B C:\MATLAB\TOOLBOX\HRTF\PHASPLOT.M~~ --> alpha /home2/mlspezio/Matlab/hrtf PHASPLOT.M~~
98.02.22 12:15 B C:\MATLAB\TOOLBOX\HRTF\PLANEDCT.M --> alpha /home2/mlspezio/Matlab/hrtf PLANEDCT.M
98.02.22 12:15 B C:\MATLAB\TOOLBOX\HRTF\PLTSTYLE.M --> alpha /home2/mlspezio/Matlab/hrtf PLTSTYLE.M
98.02.22 12:15 B C:\MATLAB\TOOLBOX\HRTF\POLARNET.M --> alpha /home2/mlspezio/Matlab/hrtf POLARNET.M
98.02.22 12:15 B C:\MATLAB\TOOLBOX\HRTF\POPHITE.M --> alpha /home2/mlspezio/Matlab/hrtf POPHITE.M
98.02.22 12:15 B C:\MATLAB\TOOLBOX\HRTF\PRCNTRL.M --> alpha /home2/mlspezio/Matlab/hrtf PRCNTRL.M
98.02.22 12:15 B C:\MATLAB\TOOLBOX\HRTF\PRCNTRL_.M --> alpha /home2/mlspezio/Matlab/hrtf PRCNTRL_.M
98.02.22 12:16 B C:\MATLAB\TOOLBOX\HRTF\PREVIEW.BMP --> alpha /home2/mlspezio/Matlab/hrtf PREVIEW.BMP
98.02.22 12:16 B C:\MATLAB\TOOLBOX\HRTF\PREVIEW1.BMP --> alpha /home2/mlspezio/Matlab/hrtf PREVIEW1.BMP
98.02.22 12:16 B C:\MATLAB\TOOLBOX\HRTF\PREVIEW2.BMP --> alpha /home2/mlspezio/Matlab/hrtf PREVIEW2.BMP
98.02.22 12:16 B C:\MATLAB\TOOLBOX\HRTF\PREVIOUS.BMP --> alpha /home2/mlspezio/Matlab/hrtf PREVIOUS.BMP
98.02.22 12:16 B C:\MATLAB\TOOLBOX\HRTF\PRINT.BMP --> alpha /home2/mlspezio/Matlab/hrtf PRINT.BMP
98.02.22 12:16 B C:\MATLAB\TOOLBOX\HRTF\PROGTEST.M --> alpha /home2/mlspezio/Matlab/hrtf PROGTEST.M
98.02.22 12:16 B C:\MATLAB\TOOLBOX\HRTF\PSC_CONT.M --> alpha /home2/mlspezio/Matlab/hrtf PSC_CONT.M
98.02.22 12:16 B C:\MATLAB\TOOLBOX\HRTF\PSC_ING.M --> alpha /home2/mlspezio/Matlab/hrtf PSC_ING.M
98.02.22 12:16 B C:\MATLAB\TOOLBOX\HRTF\R_FRQ.M --> alpha /home2/mlspezio/Matlab/hrtf R_FRQ.M
98.02.22 12:16 B C:\MATLAB\TOOLBOX\HRTF\R_FRQ.M% --> alpha /home2/mlspezio/Matlab/hrtf R_FRQ.M%
98.02.22 12:16 B C:\MATLAB\TOOLBOX\HRTF\R_TIME.M --> alpha /home2/mlspezio/Matlab/hrtf R_TIME.M
98.02.22 12:16 B C:\MATLAB\TOOLBOX\HRTF\READ.M --> alpha /home2/mlspezio/Matlab/hrtf READ.M
98.02.22 12:17 B C:\MATLAB\TOOLBOX\HRTF\READ_DIR.M --> alpha /home2/mlspezio/Matlab/hrtf READ_DIR.M
98.02.22 12:17 B C:\MATLAB\TOOLBOX\HRTF\READ_ISO.M --> alpha /home2/mlspezio/Matlab/hrtf READ_ISO.M
98.02.22 12:17 B C:\MATLAB\TOOLBOX\HRTF\READDATA.M --> alpha /home2/mlspezio/Matlab/hrtf READDATA.M
98.02.22 12:17 B C:\MATLAB\TOOLBOX\HRTF\READDEL.M --> alpha /home2/mlspezio/Matlab/hrtf READDEL.M
98.02.22 12:17 B C:\MATLAB\TOOLBOX\HRTF\READDIRS.M --> alpha /home2/mlspezio/Matlab/hrtf READDIRS.M
98.02.22 12:17 B C:\MATLAB\TOOLBOX\HRTF\READH.M --> alpha /home2/mlspezio/Matlab/hrtf READH.M
98.02.22 12:17 B C:\MATLAB\TOOLBOX\HRTF\READHP.M --> alpha /home2/mlspezio/Matlab/hrtf READHP.M
98.02.22 12:17 B C:\MATLAB\TOOLBOX\HRTF\READLIST.M --> alpha /home2/mlspezio/Matlab/hrtf READLIST.M
98.02.22 12:17 B C:\MATLAB\TOOLBOX\HRTF\READLS.M --> alpha /home2/mlspezio/Matlab/hrtf READLS.M
98.02.22 12:17 B C:\MATLAB\TOOLBOX\HRTF\READSC2.M --> alpha /home2/mlspezio/Matlab/hrtf READSC2.M
98.02.22 12:17 B C:\MATLAB\TOOLBOX\HRTF\READSI1.M --> alpha /home2/mlspezio/Matlab/hrtf READSI1.M
98.02.22 12:17 B C:\MATLAB\TOOLBOX\HRTF\READSIG2.M --> alpha /home2/mlspezio/Matlab/hrtf READSIG2.M
98.02.22 12:17 B C:\MATLAB\TOOLBOX\HRTF\READSR1.M --> alpha /home2/mlspezio/Matlab/hrtf READSR1.M
98.02.22 12:17 B C:\MATLAB\TOOLBOX\HRTF\READSR2.M --> alpha /home2/mlspezio/Matlab/hrtf READSR2.M
98.02.22 12:18 B C:\MATLAB\TOOLBOX\HRTF\RFFT.M --> alpha /home2/mlspezio/Matlab/hrtf RFFT.M
98.02.22 12:18 B C:\MATLAB\TOOLBOX\HRTF\RIFFT.M --> alpha /home2/mlspezio/Matlab/hrtf RIFFT.M
98.02.22 12:18 B C:\MATLAB\TOOLBOX\HRTF\SAMPLFRQ.M --> alpha /home2/mlspezio/Matlab/hrtf SAMPLFRQ.M
98.02.22 12:18 B C:\MATLAB\TOOLBOX\HRTF\SAVE.BMP --> alpha /home2/mlspezio/Matlab/hrtf SAVE.BMP
98.02.22 12:18 B C:\MATLAB\TOOLBOX\HRTF\SELDIRS.M --> alpha /home2/mlspezio/Matlab/hrtf SELDIRS.M
98.02.22 12:18 B C:\MATLAB\TOOLBOX\HRTF\SIZEOFFI.M --> alpha /home2/mlspezio/Matlab/hrtf SIZEOFFI.M
98.02.22 12:18 B C:\MATLAB\TOOLBOX\HRTF\SMOOTH.M --> alpha /home2/mlspezio/Matlab/hrtf SMOOTH.M
98.02.22 12:18 B C:\MATLAB\TOOLBOX\HRTF\SPH_CONT.M --> alpha /home2/mlspezio/Matlab/hrtf SPH_CONT.M
98.02.22 12:18 B C:\MATLAB\TOOLBOX\HRTF\SPHDIST.M --> alpha /home2/mlspezio/Matlab/hrtf SPHDIST.M
98.02.22 12:18 B C:\MATLAB\TOOLBOX\HRTF\SQRPLOT.M --> alpha /home2/mlspezio/Matlab/hrtf SQRPLOT.M
98.02.22 12:18 B C:\MATLAB\TOOLBOX\HRTF\T_LAYOUT.M --> alpha /home2/mlspezio/Matlab/hrtf T_LAYOUT.M
98.02.22 12:18 B C:\MATLAB\TOOLBOX\HRTF\TESTZOOM.M --> alpha /home2/mlspezio/Matlab/hrtf TESTZOOM.M
98.02.22 12:18 B C:\MATLAB\TOOLBOX\HRTF\TGROUP.M --> alpha /home2/mlspezio/Matlab/hrtf TGROUP.M
98.02.22 12:18 B C:\MATLAB\TOOLBOX\HRTF\TGRPPLOT.M --> alpha /home2/mlspezio/Matlab/hrtf TGRPPLOT.M
98.02.22 12:18 B C:\MATLAB\TOOLBOX\HRTF\TIMEDIFF.M --> alpha /home2/mlspezio/Matlab/hrtf TIMEDIFF.M
98.02.22 12:18 B C:\MATLAB\TOOLBOX\HRTF\TPHPLOT.M --> alpha /home2/mlspezio/Matlab/hrtf TPHPLOT.M
98.02.22 12:18 B C:\MATLAB\TOOLBOX\HRTF\U_SAMPLE.M --> alpha /home2/mlspezio/Matlab/hrtf U_SAMPLE.M
98.02.22 12:18 B C:\MATLAB\TOOLBOX\HRTF\UNDO.BMP --> alpha /home2/mlspezio/Matlab/hrtf UNDO.BMP
98.02.22 12:18 B C:\MATLAB\TOOLBOX\HRTF\USERGRID.M --> alpha /home2/mlspezio/Matlab/hrtf USERGRID.M
98.02.22 12:18 B C:\MATLAB\TOOLBOX\HRTF\V3DCNTRL.M --> alpha /home2/mlspezio/Matlab/hrtf V3DCNTRL.M
98.02.22 12:19 B C:\MATLAB\TOOLBOX\HRTF\V3DCNTRL.M% --> alpha /home2/mlspezio/Matlab/hrtf V3DCNTRL.M%
98.02.22 12:19 B C:\MATLAB\TOOLBOX\HRTF\V3DTOOL.M --> alpha /home2/mlspezio/Matlab/hrtf V3DTOOL.M
98.02.22 12:19 B C:\MATLAB\TOOLBOX\HRTF\WINENERG.M --> alpha /home2/mlspezio/Matlab/hrtf WINENERG.M
98.02.22 12:19 B C:\MATLAB\TOOLBOX\HRTF\WRHEAD.EXE --> alpha /home2/mlspezio/Matlab/hrtf WRHEAD.EXE
98.02.22 12:19 B C:\MATLAB\TOOLBOX\HRTF\WRITEH.M --> alpha /home2/mlspezio/Matlab/hrtf WRITEH.M
98.02.22 12:19 B C:\MATLAB\TOOLBOX\HRTF\WRITESI1.M --> alpha /home2/mlspezio/Matlab/hrtf WRITESI1.M
98.02.22 12:19 B C:\MATLAB\TOOLBOX\HRTF\WRITESR2.M --> alpha /home2/mlspezio/Matlab/hrtf WRITESR2.M
98.02.22 12:19 B C:\MATLAB\TOOLBOX\HRTF\WRITETXT.M --> alpha /home2/mlspezio/Matlab/hrtf WRITETXT.M
98.02.22 12:19 B C:\MATLAB\TOOLBOX\HRTF\WRT_D.M --> alpha /home2/mlspezio/Matlab/hrtf WRT_D.M
98.02.22 12:19 B C:\MATLAB\TOOLBOX\HRTF\WS_FTP.LOG --> alpha /home2/mlspezio/Matlab/hrtf WS_FTP.LOG
98.02.22 12:20 B C:\MATLAB\TOOLBOX\HRTF\Y_AXIS.M --> alpha /home2/mlspezio/Matlab/hrtf Y_AXIS.M
98.02.22 12:20 B C:\MATLAB\TOOLBOX\HRTF\ZOOM1.M --> alpha /home2/mlspezio/Matlab/hrtf ZOOM1.M
98.02.22 12:20 B C:\MATLAB\TOOLBOX\HRTF\ZOOM1.M% --> alpha /home2/mlspezio/Matlab/hrtf ZOOM1.M%
98.02.22 12:20 B C:\MATLAB\TOOLBOX\HRTF\ZOOM1_.M --> alpha /home2/mlspezio/Matlab/hrtf ZOOM1_.M
98.02.22 12:20 B C:\MATLAB\TOOLBOX\HRTF\ZOOM_.M --> alpha /home2/mlspezio/Matlab/hrtf ZOOM_.M
98.02.22 12:20 B C:\MATLAB\TOOLBOX\HRTF\ZOOM_SUB.M --> alpha /home2/mlspezio/Matlab/hrtf ZOOM_SUB.M
98.02.22 12:20 B C:\MATLAB\TOOLBOX\HRTF\ZOOM_SUB.M% --> alpha /home2/mlspezio/Matlab/hrtf ZOOM_SUB.M%
98.02.22 12:21 B C:\MATLAB\TOOLBOX\HRTF\ZOOMCLR.M --> alpha /home2/mlspezio/Matlab/hrtf ZOOMCLR.M
98.02.22 12:21 B C:\MATLAB\TOOLBOX\HRTF\ZOOMDOWN.M --> alpha /home2/mlspezio/Matlab/hrtf ZOOMDOWN.M
98.02.22 12:21 B C:\MATLAB\TOOLBOX\HRTF\ZOOMLEFT.M --> alpha /home2/mlspezio/Matlab/hrtf ZOOMLEFT.M
98.02.22 12:21 B C:\MATLAB\TOOLBOX\HRTF\ZOOMMOVE.M --> alpha /home2/mlspezio/Matlab/hrtf ZOOMMOVE.M
98.02.22 12:21 B C:\MATLAB\TOOLBOX\HRTF\ZOOMPKLF.M --> alpha /home2/mlspezio/Matlab/hrtf ZOOMPKLF.M
98.02.22 12:21 B C:\MATLAB\TOOLBOX\HRTF\ZOOMPKRT.M --> alpha /home2/mlspezio/Matlab/hrtf ZOOMPKRT.M
98.02.22 12:21 B C:\MATLAB\TOOLBOX\HRTF\ZOOMRGHT.M --> alpha /home2/mlspezio/Matlab/hrtf ZOOMRGHT.M
98.02.22 12:21 B C:\MATLAB\TOOLBOX\HRTF\ZOOMSET.M --> alpha /home2/mlspezio/Matlab/hrtf ZOOMSET.M
98.02.22 12:21 B C:\MATLAB\TOOLBOX\HRTF\ZOOMTGGL.M --> alpha /home2/mlspezio/Matlab/hrtf ZOOMTGGL.M
98.02.22 12:21 B C:\MATLAB\TOOLBOX\HRTF\ZOOMTOOL.M --> alpha /home2/mlspezio/Matlab/hrtf ZOOMTOOL.M
98.02.22 12:21 B C:\MATLAB\TOOLBOX\HRTF\ZOOMTOOL.TXT --> alpha /home2/mlspezio/Matlab/hrtf ZOOMTOOL.TXT
98.02.22 12:21 B C:\MATLAB\TOOLBOX\HRTF\ZOOMUP.M --> alpha /home2/mlspezio/Matlab/hrtf ZOOMUP.M
98.02.22 12:22 B C:\MATLAB\TOOLBOX\HRTF\ZOOMXFUL.M --> alpha /home2/mlspezio/Matlab/hrtf ZOOMXFUL.M
98.02.22 12:22 B C:\MATLAB\TOOLBOX\HRTF\ZOOMXIN.M --> alpha /home2/mlspezio/Matlab/hrtf ZOOMXIN.M
98.02.22 12:22 B C:\MATLAB\TOOLBOX\HRTF\ZOOMXOUT.M --> alpha /home2/mlspezio/Matlab/hrtf ZOOMXOUT.M
98.02.22 12:22 B C:\MATLAB\TOOLBOX\HRTF\ZOOMYFUL.M --> alpha /home2/mlspezio/Matlab/hrtf ZOOMYFUL.M
98.02.22 12:22 B C:\MATLAB\TOOLBOX\HRTF\ZOOMYIN.M --> alpha /home2/mlspezio/Matlab/hrtf ZOOMYIN.M
98.02.22 12:22 B C:\MATLAB\TOOLBOX\HRTF\ZOOMYOUT.M --> alpha /home2/mlspezio/Matlab/hrtf ZOOMYOUT.M
98.03.20 17:02 B C:\MATLAB\TOOLBOX\HRTF\ABS2DB.M --> slowmo /extra/pentium/c/MATLAB/TOOLBOX/HRTF ABS2DB.M
98.03.20 17:02 B C:\MATLAB\TOOLBOX\HRTF\ANALYSE.M --> slowmo /extra/pentium/c/MATLAB/TOOLBOX/HRTF ANALYSE.M
98.03.20 17:02 B C:\MATLAB\TOOLBOX\HRTF\ANALYSE.M% --> slowmo /extra/pentium/c/MATLAB/TOOLBOX/HRTF ANALYSE.M%
98.03.20 17:02 B C:\MATLAB\TOOLBOX\HRTF\APPLDOCV.ICO --> slowmo /extra/pentium/c/MATLAB/TOOLBOX/HRTF APPLDOCV.ICO
98.03.20 17:02 B C:\MATLAB\TOOLBOX\HRTF\APXPREV.CPP --> slowmo /extra/pentium/c/MATLAB/TOOLBOX/HRTF APXPREV.CPP
98.03.20 17:02 B C:\MATLAB\TOOLBOX\HRTF\APXPREV.H --> slowmo /extra/pentium/c/MATLAB/TOOLBOX/HRTF APXPREV.H
98.03.20 17:02 B C:\MATLAB\TOOLBOX\HRTF\APXPRINT.CPP --> slowmo /extra/pentium/c/MATLAB/TOOLBOX/HRTF APXPRINT.CPP
98.03.20 17:02 B C:\MATLAB\TOOLBOX\HRTF\APXPRINT.H --> slowmo /extra/pentium/c/MATLAB/TOOLBOX/HRTF APXPRINT.H
98.03.20 17:02 B C:\MATLAB\TOOLBOX\HRTF\BARK2HZ.M --> slowmo /extra/pentium/c/MATLAB/TOOLBOX/HRTF BARK2HZ.M
98.03.20 17:02 B C:\MATLAB\TOOLBOX\HRTF\CHECKFFT.M --> slowmo /extra/pentium/c/MATLAB/TOOLBOX/HRTF CHECKFFT.M
98.03.20 17:02 B C:\MATLAB\TOOLBOX\HRTF\CHECKFFT.M~ --> slowmo /extra/pentium/c/MATLAB/TOOLBOX/HRTF CHECKFFT.M~
98.03.20 17:02 B C:\MATLAB\TOOLBOX\HRTF\CNTAXES.M --> slowmo /extra/pentium/c/MATLAB/TOOLBOX/HRTF CNTAXES.M
98.03.20 17:02 B C:\MATLAB\TOOLBOX\HRTF\CNTLINES.M --> slowmo /extra/pentium/c/MATLAB/TOOLBOX/HRTF CNTLINES.M
98.03.20 17:02 B C:\MATLAB\TOOLBOX\HRTF\CNTUICTL.M --> slowmo /extra/pentium/c/MATLAB/TOOLBOX/HRTF CNTUICTL.M
98.03.20 17:02 B C:\MATLAB\TOOLBOX\HRTF\CONT_ING.M --> slowmo /extra/pentium/c/MATLAB/TOOLBOX/HRTF CONT_ING.M
98.03.20 17:02 B C:\MATLAB\TOOLBOX\HRTF\CONTENTS.M --> slowmo /extra/pentium/c/MATLAB/TOOLBOX/HRTF CONTENTS.M
98.03.20 17:02 B C:\MATLAB\TOOLBOX\HRTF\CONTPLOT.M --> slowmo /extra/pentium/c/MATLAB/TOOLBOX/HRTF CONTPLOT.M
98.03.20 17:02 B C:\MATLAB\TOOLBOX\HRTF\COPY.BMP --> slowmo /extra/pentium/c/MATLAB/TOOLBOX/HRTF COPY.BMP
98.03.20 17:02 B C:\MATLAB\TOOLBOX\HRTF\CRACK.EXE --> slowmo /extra/pentium/c/MATLAB/TOOLBOX/HRTF CRACK.EXE
98.03.20 17:02 B C:\MATLAB\TOOLBOX\HRTF\CRSRDEL.M --> slowmo /extra/pentium/c/MATLAB/TOOLBOX/HRTF CRSRDEL.M
98.03.20 17:02 B C:\MATLAB\TOOLBOX\HRTF\CRSRLOC.M --> slowmo /extra/pentium/c/MATLAB/TOOLBOX/HRTF CRSRLOC.M
98.03.20 17:02 B C:\MATLAB\TOOLBOX\HRTF\CRSRMAKE.M --> slowmo /extra/pentium/c/MATLAB/TOOLBOX/HRTF CRSRMAKE.M
98.03.20 17:02 B C:\MATLAB\TOOLBOX\HRTF\CRSRMOVE.M --> slowmo /extra/pentium/c/MATLAB/TOOLBOX/HRTF CRSRMOVE.M
98.03.20 17:02 B C:\MATLAB\TOOLBOX\HRTF\CRSROFF.M --> slowmo /extra/pentium/c/MATLAB/TOOLBOX/HRTF CRSROFF.M
98.03.20 17:02 B C:\MATLAB\TOOLBOX\HRTF\CRSRON.M --> slowmo /extra/pentium/c/MATLAB/TOOLBOX/HRTF CRSRON.M
98.03.20 17:02 B C:\MATLAB\TOOLBOX\HRTF\CUT.BMP --> slowmo /extra/pentium/c/MATLAB/TOOLBOX/HRTF CUT.BMP
98.03.20 17:02 B C:\MATLAB\TOOLBOX\HRTF\CUT_SIG.M --> slowmo /extra/pentium/c/MATLAB/TOOLBOX/HRTF CUT_SIG.M
98.03.20 17:02 B C:\MATLAB\TOOLBOX\HRTF\DELAY.M --> slowmo /extra/pentium/c/MATLAB/TOOLBOX/HRTF DELAY.M
98.03.20 17:02 B C:\MATLAB\TOOLBOX\HRTF\DELAYLOG.M --> slowmo /extra/pentium/c/MATLAB/TOOLBOX/HRTF DELAYLOG.M
98.03.20 17:02 B C:\MATLAB\TOOLBOX\HRTF\DELAYOUT.M --> slowmo /extra/pentium/c/MATLAB/TOOLBOX/HRTF DELAYOUT.M
98.03.20 17:02 B C:\MATLAB\TOOLBOX\HRTF\DERIVE.M --> slowmo /extra/pentium/c/MATLAB/TOOLBOX/HRTF DERIVE.M
98.03.20 17:02 B C:\MATLAB\TOOLBOX\HRTF\DINPUT.M --> slowmo /extra/pentium/c/MATLAB/TOOLBOX/HRTF DINPUT.M
98.03.20 17:02 B C:\MATLAB\TOOLBOX\HRTF\DIRLABEL.M --> slowmo /extra/pentium/c/MATLAB/TOOLBOX/HRTF DIRLABEL.M
98.03.20 17:02 B C:\MATLAB\TOOLBOX\HRTF\DISPDATA.M --> slowmo /extra/pentium/c/MATLAB/TOOLBOX/HRTF DISPDATA.M
98.03.20 17:02 B C:\MATLAB\TOOLBOX\HRTF\DISPWIND.M --> slowmo /extra/pentium/c/MATLAB/TOOLBOX/HRTF DISPWIND.M
98.03.20 17:02 B C:\MATLAB\TOOLBOX\HRTF\DISPWIND.M~ --> slowmo /extra/pentium/c/MATLAB/TOOLBOX/HRTF DISPWIND.M~
98.03.20 17:02 B C:\MATLAB\TOOLBOX\HRTF\EARFILT.M --> slowmo /extra/pentium/c/MATLAB/TOOLBOX/HRTF EARFILT.M
98.03.20 17:02 B C:\MATLAB\TOOLBOX\HRTF\ENERGY.M --> slowmo /extra/pentium/c/MATLAB/TOOLBOX/HRTF ENERGY.M
98.03.20 17:02 B C:\MATLAB\TOOLBOX\HRTF\ETC.M --> slowmo /extra/pentium/c/MATLAB/TOOLBOX/HRTF ETC.M
98.03.20 17:02 B C:\MATLAB\TOOLBOX\HRTF\FADE.M --> slowmo /extra/pentium/c/MATLAB/TOOLBOX/HRTF FADE.M
98.03.20 17:02 B C:\MATLAB\TOOLBOX\HRTF\Fade2.m --> slowmo /extra/pentium/c/MATLAB/TOOLBOX/HRTF Fade2.m
98.03.20 17:02 B C:\MATLAB\TOOLBOX\HRTF\FG_CNTRL.M --> slowmo /extra/pentium/c/MATLAB/TOOLBOX/HRTF FG_CNTRL.M
98.03.20 17:02 B C:\MATLAB\TOOLBOX\HRTF\FIND.BMP --> slowmo /extra/pentium/c/MATLAB/TOOLBOX/HRTF FIND.BMP
98.03.20 17:02 B C:\MATLAB\TOOLBOX\HRTF\FINDAX.M --> slowmo /extra/pentium/c/MATLAB/TOOLBOX/HRTF FINDAX.M
98.03.20 17:02 B C:\MATLAB\TOOLBOX\HRTF\FINDAXES.M --> slowmo /extra/pentium/c/MATLAB/TOOLBOX/HRTF FINDAXES.M
98.03.20 17:02 B C:\MATLAB\TOOLBOX\HRTF\FINDCHKB.M --> slowmo /extra/pentium/c/MATLAB/TOOLBOX/HRTF FINDCHKB.M
98.03.20 17:02 B C:\MATLAB\TOOLBOX\HRTF\FINDEDIT.M --> slowmo /extra/pentium/c/MATLAB/TOOLBOX/HRTF FINDEDIT.M
98.03.20 17:02 B C:\MATLAB\TOOLBOX\HRTF\FINDFRAM.M --> slowmo /extra/pentium/c/MATLAB/TOOLBOX/HRTF FINDFRAM.M
98.03.20 17:02 B C:\MATLAB\TOOLBOX\HRTF\FINDLINE.M --> slowmo /extra/pentium/c/MATLAB/TOOLBOX/HRTF FINDLINE.M
98.03.20 17:02 B C:\MATLAB\TOOLBOX\HRTF\FINDMENU.M --> slowmo /extra/pentium/c/MATLAB/TOOLBOX/HRTF FINDMENU.M
98.03.20 17:02 B C:\MATLAB\TOOLBOX\HRTF\FINDNEXT.BMP --> slowmo /extra/pentium/c/MATLAB/TOOLBOX/HRTF FINDNEXT.BMP
98.03.20 17:02 B C:\MATLAB\TOOLBOX\HRTF\FINDPOPU.M --> slowmo /extra/pentium/c/MATLAB/TOOLBOX/HRTF FINDPOPU.M
98.03.20 17:02 B C:\MATLAB\TOOLBOX\HRTF\FINDPUSH.M --> slowmo /extra/pentium/c/MATLAB/TOOLBOX/HRTF FINDPUSH.M
98.03.20 17:02 B C:\MATLAB\TOOLBOX\HRTF\FINDRDIO.M --> slowmo /extra/pentium/c/MATLAB/TOOLBOX/HRTF FINDRDIO.M
98.03.20 17:02 B C:\MATLAB\TOOLBOX\HRTF\FINDSLID.M --> slowmo /extra/pentium/c/MATLAB/TOOLBOX/HRTF FINDSLID.M
98.03.20 17:02 B C:\MATLAB\TOOLBOX\HRTF\FINDTEXT.M --> slowmo /extra/pentium/c/MATLAB/TOOLBOX/HRTF FINDTEXT.M
98.03.20 17:02 B C:\MATLAB\TOOLBOX\HRTF\FINDUITX.M --> slowmo /extra/pentium/c/MATLAB/TOOLBOX/HRTF FINDUITX.M
98.03.20 17:02 B C:\MATLAB\TOOLBOX\HRTF\FREQGRP.M --> slowmo /extra/pentium/c/MATLAB/TOOLBOX/HRTF FREQGRP.M
98.03.20 17:02 B C:\MATLAB\TOOLBOX\HRTF\FRQCNTRL.M --> slowmo /extra/pentium/c/MATLAB/TOOLBOX/HRTF FRQCNTRL.M
98.03.20 17:02 B C:\MATLAB\TOOLBOX\HRTF\FRQSCALE.M --> slowmo /extra/pentium/c/MATLAB/TOOLBOX/HRTF FRQSCALE.M
98.03.20 17:02 B C:\MATLAB\TOOLBOX\HRTF\FSMOOTH.M --> slowmo /extra/pentium/c/MATLAB/TOOLBOX/HRTF FSMOOTH.M
98.03.20 17:02 B C:\MATLAB\TOOLBOX\HRTF\FSMOOTH2.M --> slowmo /extra/pentium/c/MATLAB/TOOLBOX/HRTF FSMOOTH2.M
98.03.20 17:02 B C:\MATLAB\TOOLBOX\HRTF\GAUSS.M --> slowmo /extra/pentium/c/MATLAB/TOOLBOX/HRTF GAUSS.M
98.03.20 17:02 B C:\MATLAB\TOOLBOX\HRTF\GETPOPST.M --> slowmo /extra/pentium/c/MATLAB/TOOLBOX/HRTF GETPOPST.M
98.03.20 17:02 B C:\MATLAB\TOOLBOX\HRTF\GETPOPVL.M --> slowmo /extra/pentium/c/MATLAB/TOOLBOX/HRTF GETPOPVL.M
98.03.20 17:02 B C:\MATLAB\TOOLBOX\HRTF\GETSAMPL.M --> slowmo /extra/pentium/c/MATLAB/TOOLBOX/HRTF GETSAMPL.M
98.03.20 17:02 B C:\MATLAB\TOOLBOX\HRTF\GRCNTRL.M --> slowmo /extra/pentium/c/MATLAB/TOOLBOX/HRTF GRCNTRL.M
98.03.20 17:02 B C:\MATLAB\TOOLBOX\HRTF\GRCNTRL.M~ --> slowmo /extra/pentium/c/MATLAB/TOOLBOX/HRTF GRCNTRL.M~
98.03.20 17:02 B C:\MATLAB\TOOLBOX\HRTF\GRCNTRL_.M --> slowmo /extra/pentium/c/MATLAB/TOOLBOX/HRTF GRCNTRL_.M
98.03.20 17:02 B C:\MATLAB\TOOLBOX\HRTF\GRCNTRL_.M~ --> slowmo /extra/pentium/c/MATLAB/TOOLBOX/HRTF GRCNTRL_.M~
98.03.20 17:02 B C:\MATLAB\TOOLBOX\HRTF\H_MAX_EN.M --> slowmo /extra/pentium/c/MATLAB/TOOLBOX/HRTF H_MAX_EN.M
98.03.20 17:02 B C:\MATLAB\TOOLBOX\HRTF\HZ2BARK.M --> slowmo /extra/pentium/c/MATLAB/TOOLBOX/HRTF HZ2BARK.M
98.03.20 17:02 B C:\MATLAB\TOOLBOX\HRTF\IA_CNTRL.M --> slowmo /extra/pentium/c/MATLAB/TOOLBOX/HRTF IA_CNTRL.M
98.03.20 17:02 B C:\MATLAB\TOOLBOX\HRTF\IA_DIR.M --> slowmo /extra/pentium/c/MATLAB/TOOLBOX/HRTF IA_DIR.M
98.03.20 17:02 B C:\MATLAB\TOOLBOX\HRTF\IA_EVAL1.M --> slowmo /extra/pentium/c/MATLAB/TOOLBOX/HRTF IA_EVAL1.M
98.03.20 17:02 B C:\MATLAB\TOOLBOX\HRTF\IA_EVALX.M --> slowmo /extra/pentium/c/MATLAB/TOOLBOX/HRTF IA_EVALX.M
98.03.20 17:02 B C:\MATLAB\TOOLBOX\HRTF\IA_FIT.M --> slowmo /extra/pentium/c/MATLAB/TOOLBOX/HRTF IA_FIT.M
98.03.20 17:02 B C:\MATLAB\TOOLBOX\HRTF\IA_FIT.M% --> slowmo /extra/pentium/c/MATLAB/TOOLBOX/HRTF IA_FIT.M%
98.03.20 17:03 B C:\MATLAB\TOOLBOX\HRTF\IA_GLOBE.M --> slowmo /extra/pentium/c/MATLAB/TOOLBOX/HRTF IA_GLOBE.M
98.03.20 17:03 B C:\MATLAB\TOOLBOX\HRTF\IA_LYSE.M --> slowmo /extra/pentium/c/MATLAB/TOOLBOX/HRTF IA_LYSE.M
98.03.20 17:03 B C:\MATLAB\TOOLBOX\HRTF\IA_LYSE.M% --> slowmo /extra/pentium/c/MATLAB/TOOLBOX/HRTF IA_LYSE.M%
98.03.20 17:03 B C:\MATLAB\TOOLBOX\HRTF\IA_PLOT.M --> slowmo /extra/pentium/c/MATLAB/TOOLBOX/HRTF IA_PLOT.M
98.03.20 17:03 B C:\MATLAB\TOOLBOX\HRTF\IA_PLOT1.M --> slowmo /extra/pentium/c/MATLAB/TOOLBOX/HRTF IA_PLOT1.M
98.03.20 17:03 B C:\MATLAB\TOOLBOX\HRTF\IA_PLOT2.M --> slowmo /extra/pentium/c/MATLAB/TOOLBOX/HRTF IA_PLOT2.M
98.03.20 17:03 B C:\MATLAB\TOOLBOX\HRTF\IA_S_FRQ.M --> slowmo /extra/pentium/c/MATLAB/TOOLBOX/HRTF IA_S_FRQ.M
98.03.20 17:03 B C:\MATLAB\TOOLBOX\HRTF\IA_SAVE.M --> slowmo /extra/pentium/c/MATLAB/TOOLBOX/HRTF IA_SAVE.M
98.03.20 17:03 B C:\MATLAB\TOOLBOX\HRTF\IA_SAVE.M% --> slowmo /extra/pentium/c/MATLAB/TOOLBOX/HRTF IA_SAVE.M%
98.03.20 17:03 B C:\MATLAB\TOOLBOX\HRTF\IDAXES.M --> slowmo /extra/pentium/c/MATLAB/TOOLBOX/HRTF IDAXES.M
98.03.20 17:03 B C:\MATLAB\TOOLBOX\HRTF\IRPLOT.M --> slowmo /extra/pentium/c/MATLAB/TOOLBOX/HRTF IRPLOT.M
98.03.20 17:03 B C:\MATLAB\TOOLBOX\HRTF\ISEVEN.M --> slowmo /extra/pentium/c/MATLAB/TOOLBOX/HRTF ISEVEN.M
98.03.20 17:03 B C:\MATLAB\TOOLBOX\HRTF\ISO_FIT.M --> slowmo /extra/pentium/c/MATLAB/TOOLBOX/HRTF ISO_FIT.M
98.03.20 17:03 B C:\MATLAB\TOOLBOX\HRTF\ISO_FIT.M% --> slowmo /extra/pentium/c/MATLAB/TOOLBOX/HRTF ISO_FIT.M%
98.03.20 17:03 B C:\MATLAB\TOOLBOX\HRTF\ISO_MESH.M --> slowmo /extra/pentium/c/MATLAB/TOOLBOX/HRTF ISO_MESH.M
98.03.20 17:03 B C:\MATLAB\TOOLBOX\HRTF\ISO_PH.M --> slowmo /extra/pentium/c/MATLAB/TOOLBOX/HRTF ISO_PH.M
98.03.20 17:03 B C:\MATLAB\TOOLBOX\HRTF\ISOGLOBE.M --> slowmo /extra/pentium/c/MATLAB/TOOLBOX/HRTF ISOGLOBE.M
98.03.20 17:03 B C:\MATLAB\TOOLBOX\HRTF\ISOLYSE.M --> slowmo /extra/pentium/c/MATLAB/TOOLBOX/HRTF ISOLYSE.M
98.03.20 17:03 B C:\MATLAB\TOOLBOX\HRTF\ISOLYSE.M% --> slowmo /extra/pentium/c/MATLAB/TOOLBOX/HRTF ISOLYSE.M%
98.03.20 17:03 B C:\MATLAB\TOOLBOX\HRTF\ISOPLOT.M --> slowmo /extra/pentium/c/MATLAB/TOOLBOX/HRTF ISOPLOT.M
98.03.20 17:03 B C:\MATLAB\TOOLBOX\HRTF\ISOPLOT.M% --> slowmo /extra/pentium/c/MATLAB/TOOLBOX/HRTF ISOPLOT.M%
98.03.20 17:03 B C:\MATLAB\TOOLBOX\HRTF\ISSTABLE.M --> slowmo /extra/pentium/c/MATLAB/TOOLBOX/HRTF ISSTABLE.M
98.03.20 17:03 B C:\MATLAB\TOOLBOX\HRTF\JOB.M --> slowmo /extra/pentium/c/MATLAB/TOOLBOX/HRTF JOB.M
98.03.20 17:03 B C:\MATLAB\TOOLBOX\HRTF\L_CONTR.M --> slowmo /extra/pentium/c/MATLAB/TOOLBOX/HRTF L_CONTR.M
98.03.20 17:03 B C:\MATLAB\TOOLBOX\HRTF\LATTICE.M --> slowmo /extra/pentium/c/MATLAB/TOOLBOX/HRTF LATTICE.M
98.03.20 17:03 B C:\MATLAB\TOOLBOX\HRTF\LEGEND.M --> slowmo /extra/pentium/c/MATLAB/TOOLBOX/HRTF LEGEND.M
98.03.20 17:03 B C:\MATLAB\TOOLBOX\HRTF\LEVELDIF.M --> slowmo /extra/pentium/c/MATLAB/TOOLBOX/HRTF LEVELDIF.M
98.03.20 17:03 B C:\MATLAB\TOOLBOX\HRTF\LINES.M --> slowmo /extra/pentium/c/MATLAB/TOOLBOX/HRTF LINES.M
98.03.20 17:03 B C:\MATLAB\TOOLBOX\HRTF\LINETEST.M --> slowmo /extra/pentium/c/MATLAB/TOOLBOX/HRTF LINETEST.M
98.03.20 17:03 B C:\MATLAB\TOOLBOX\HRTF\LSEQUAL2.M --> slowmo /extra/pentium/c/MATLAB/TOOLBOX/HRTF LSEQUAL2.M
98.03.20 17:03 B C:\MATLAB\TOOLBOX\HRTF\LSQINV.M --> slowmo /extra/pentium/c/MATLAB/TOOLBOX/HRTF LSQINV.M
98.03.20 17:03 B C:\MATLAB\TOOLBOX\HRTF\LSQINV2.M --> slowmo /extra/pentium/c/MATLAB/TOOLBOX/HRTF LSQINV2.M
98.03.20 17:03 B C:\MATLAB\TOOLBOX\HRTF\LSQINV3.M --> slowmo /extra/pentium/c/MATLAB/TOOLBOX/HRTF LSQINV3.M
98.03.20 17:03 B C:\MATLAB\TOOLBOX\HRTF\LUXUSFFT.M --> slowmo /extra/pentium/c/MATLAB/TOOLBOX/HRTF LUXUSFFT.M
98.03.20 17:03 B C:\MATLAB\TOOLBOX\HRTF\M_CATLOG --> slowmo /extra/pentium/c/MATLAB/TOOLBOX/HRTF M_CATLOG
98.03.20 17:03 B C:\MATLAB\TOOLBOX\HRTF\M_CATLOG.X --> slowmo /extra/pentium/c/MATLAB/TOOLBOX/HRTF M_CATLOG.X
98.03.20 17:03 B C:\MATLAB\TOOLBOX\HRTF\M_LAYOUT.M --> slowmo /extra/pentium/c/MATLAB/TOOLBOX/HRTF M_LAYOUT.M
98.03.20 17:03 B C:\MATLAB\TOOLBOX\HRTF\MAGN_LOG.M --> slowmo /extra/pentium/c/MATLAB/TOOLBOX/HRTF MAGN_LOG.M
98.03.20 17:03 B C:\MATLAB\TOOLBOX\HRTF\MAGNPLOT.M --> slowmo /extra/pentium/c/MATLAB/TOOLBOX/HRTF MAGNPLOT.M
98.03.20 17:03 B C:\MATLAB\TOOLBOX\HRTF\MAGPLOT.M --> slowmo /extra/pentium/c/MATLAB/TOOLBOX/HRTF MAGPLOT.M
98.03.20 17:03 B C:\MATLAB\TOOLBOX\HRTF\MDICHILD.ICO --> slowmo /extra/pentium/c/MATLAB/TOOLBOX/HRTF MDICHILD.ICO
98.03.20 17:03 B C:\MATLAB\TOOLBOX\HRTF\MEANTF.M --> slowmo /extra/pentium/c/MATLAB/TOOLBOX/HRTF MEANTF.M
98.03.20 17:03 B C:\MATLAB\TOOLBOX\HRTF\MENU.EXE --> slowmo /extra/pentium/c/MATLAB/TOOLBOX/HRTF MENU.EXE
98.03.20 17:03 B C:\MATLAB\TOOLBOX\HRTF\MESH_LAY.M --> slowmo /extra/pentium/c/MATLAB/TOOLBOX/HRTF MESH_LAY.M
98.03.20 17:03 B C:\MATLAB\TOOLBOX\HRTF\MESHING.M --> slowmo /extra/pentium/c/MATLAB/TOOLBOX/HRTF MESHING.M
98.03.20 17:03 B C:\MATLAB\TOOLBOX\HRTF\MESHPLOT.M --> slowmo /extra/pentium/c/MATLAB/TOOLBOX/HRTF MESHPLOT.M
98.03.20 17:03 B C:\MATLAB\TOOLBOX\HRTF\MIRROR.M --> slowmo /extra/pentium/c/MATLAB/TOOLBOX/HRTF MIRROR.M
98.03.20 17:03 B C:\MATLAB\TOOLBOX\HRTF\MIXRAND.M --> slowmo /extra/pentium/c/MATLAB/TOOLBOX/HRTF MIXRAND.M
98.03.20 17:03 B C:\MATLAB\TOOLBOX\HRTF\MKLSDATA.M --> slowmo /extra/pentium/c/MATLAB/TOOLBOX/HRTF MKLSDATA.M
98.03.20 17:03 B C:\MATLAB\TOOLBOX\HRTF\MKLSRDAT.M --> slowmo /extra/pentium/c/MATLAB/TOOLBOX/HRTF MKLSRDAT.M
98.03.20 17:03 B C:\MATLAB\TOOLBOX\HRTF\MKSAMPLE.M --> slowmo /extra/pentium/c/MATLAB/TOOLBOX/HRTF MKSAMPLE.M
98.03.20 17:03 B C:\MATLAB\TOOLBOX\HRTF\MKSINSI1.M --> slowmo /extra/pentium/c/MATLAB/TOOLBOX/HRTF MKSINSI1.M
98.03.20 17:03 B C:\MATLAB\TOOLBOX\HRTF\MMSAMPLE.M --> slowmo /extra/pentium/c/MATLAB/TOOLBOX/HRTF MMSAMPLE.M
98.03.20 17:03 B C:\MATLAB\TOOLBOX\HRTF\MO_CNTRL.M --> slowmo /extra/pentium/c/MATLAB/TOOLBOX/HRTF MO_CNTRL.M
98.03.20 17:03 B C:\MATLAB\TOOLBOX\HRTF\MO_SPEED.M --> slowmo /extra/pentium/c/MATLAB/TOOLBOX/HRTF MO_SPEED.M
98.03.20 17:03 B C:\MATLAB\TOOLBOX\HRTF\MOTION.M --> slowmo /extra/pentium/c/MATLAB/TOOLBOX/HRTF MOTION.M
98.03.20 17:03 B C:\MATLAB\TOOLBOX\HRTF\MTLBP.M --> slowmo /extra/pentium/c/MATLAB/TOOLBOX/HRTF MTLBP.M
98.03.20 17:03 B C:\MATLAB\TOOLBOX\HRTF\MTLCONT.M --> slowmo /extra/pentium/c/MATLAB/TOOLBOX/HRTF MTLCONT.M
98.03.20 17:03 B C:\MATLAB\TOOLBOX\HRTF\MTLCORHE.M --> slowmo /extra/pentium/c/MATLAB/TOOLBOX/HRTF MTLCORHE.M
98.03.20 17:03 B C:\MATLAB\TOOLBOX\HRTF\MTLCUT.M --> slowmo /extra/pentium/c/MATLAB/TOOLBOX/HRTF MTLCUT.M
98.03.20 17:03 B C:\MATLAB\TOOLBOX\HRTF\MTLCUT.M~ --> slowmo /extra/pentium/c/MATLAB/TOOLBOX/HRTF MTLCUT.M~
98.03.20 17:03 B C:\MATLAB\TOOLBOX\HRTF\MTLCUT.XXX --> slowmo /extra/pentium/c/MATLAB/TOOLBOX/HRTF MTLCUT.XXX
98.03.20 17:03 B C:\MATLAB\TOOLBOX\HRTF\MTLDIV.M --> slowmo /extra/pentium/c/MATLAB/TOOLBOX/HRTF MTLDIV.M
98.03.20 17:03 B C:\MATLAB\TOOLBOX\HRTF\MTLFADE.M --> slowmo /extra/pentium/c/MATLAB/TOOLBOX/HRTF MTLFADE.M
98.03.20 17:03 B C:\MATLAB\TOOLBOX\HRTF\MTLFADE.M~ --> slowmo /extra/pentium/c/MATLAB/TOOLBOX/HRTF MTLFADE.M~
98.03.20 17:03 B C:\MATLAB\TOOLBOX\HRTF\MTLFD.M --> slowmo /extra/pentium/c/MATLAB/TOOLBOX/HRTF MTLFD.M
98.03.20 17:03 B C:\MATLAB\TOOLBOX\HRTF\MTLFFT.M --> slowmo /extra/pentium/c/MATLAB/TOOLBOX/HRTF MTLFFT.M
98.03.20 17:03 B C:\MATLAB\TOOLBOX\HRTF\MTLIA.M --> slowmo /extra/pentium/c/MATLAB/TOOLBOX/HRTF MTLIA.M
98.03.20 17:03 B C:\MATLAB\TOOLBOX\HRTF\MTLIFFT.M --> slowmo /extra/pentium/c/MATLAB/TOOLBOX/HRTF MTLIFFT.M
98.03.20 17:03 B C:\MATLAB\TOOLBOX\HRTF\MTLINV.M --> slowmo /extra/pentium/c/MATLAB/TOOLBOX/HRTF MTLINV.M
98.03.20 17:03 B C:\MATLAB\TOOLBOX\HRTF\MTLLOW.M --> slowmo /extra/pentium/c/MATLAB/TOOLBOX/HRTF MTLLOW.M
98.03.20 17:03 B C:\MATLAB\TOOLBOX\HRTF\MTLMEAN.M --> slowmo /extra/pentium/c/MATLAB/TOOLBOX/HRTF MTLMEAN.M
98.03.20 17:03 B C:\MATLAB\TOOLBOX\HRTF\MTLMERGE.M --> slowmo /extra/pentium/c/MATLAB/TOOLBOX/HRTF MTLMERGE.M
98.03.20 17:03 B C:\MATLAB\TOOLBOX\HRTF\MTLMERGE.M~ --> slowmo /extra/pentium/c/MATLAB/TOOLBOX/HRTF MTLMERGE.M~
98.03.20 17:03 B C:\MATLAB\TOOLBOX\HRTF\MTLMULT.M --> slowmo /extra/pentium/c/MATLAB/TOOLBOX/HRTF MTLMULT.M
98.03.20 17:03 B C:\MATLAB\TOOLBOX\HRTF\MTLMULT.M~ --> slowmo /extra/pentium/c/MATLAB/TOOLBOX/HRTF MTLMULT.M~
98.03.20 17:03 B C:\MATLAB\TOOLBOX\HRTF\MTLPLOT.M --> slowmo /extra/pentium/c/MATLAB/TOOLBOX/HRTF MTLPLOT.M
98.03.20 17:03 B C:\MATLAB\TOOLBOX\HRTF\MTLPLOT.MM --> slowmo /extra/pentium/c/MATLAB/TOOLBOX/HRTF MTLPLOT.MM
98.03.20 17:03 B C:\MATLAB\TOOLBOX\HRTF\MTLPROC.M --> slowmo /extra/pentium/c/MATLAB/TOOLBOX/HRTF MTLPROC.M
98.03.20 17:03 B C:\MATLAB\TOOLBOX\HRTF\MTLRCH.APX --> slowmo /extra/pentium/c/MATLAB/TOOLBOX/HRTF MTLRCH.APX
98.03.20 17:03 B C:\MATLAB\TOOLBOX\HRTF\MTLRCH.CC --> slowmo /extra/pentium/c/MATLAB/TOOLBOX/HRTF MTLRCH.CC
98.03.20 17:03 B C:\MATLAB\TOOLBOX\HRTF\MTLRCH.CPP --> slowmo /extra/pentium/c/MATLAB/TOOLBOX/HRTF MTLRCH.CPP
98.03.20 17:03 B C:\MATLAB\TOOLBOX\HRTF\MTLRCH.DSW --> slowmo /extra/pentium/c/MATLAB/TOOLBOX/HRTF MTLRCH.DSW
98.03.20 17:03 B C:\MATLAB\TOOLBOX\HRTF\MTLRCH.IDE --> slowmo /extra/pentium/c/MATLAB/TOOLBOX/HRTF MTLRCH.IDE
98.03.20 17:03 B C:\MATLAB\TOOLBOX\HRTF\MTLRCH.M --> slowmo /extra/pentium/c/MATLAB/TOOLBOX/HRTF MTLRCH.M
98.03.20 17:03 B C:\MATLAB\TOOLBOX\HRTF\MTLRCH.M~ --> slowmo /extra/pentium/c/MATLAB/TOOLBOX/HRTF MTLRCH.M~
98.03.20 17:03 B C:\MATLAB\TOOLBOX\HRTF\MTLRCH.~DE --> slowmo /extra/pentium/c/MATLAB/TOOLBOX/HRTF MTLRCH.~DE
98.03.20 17:03 B C:\MATLAB\TOOLBOX\HRTF\MTLRCHAD.CPP --> slowmo /extra/pentium/c/MATLAB/TOOLBOX/HRTF MTLRCHAD.CPP
98.03.20 17:03 B C:\MATLAB\TOOLBOX\HRTF\MTLRCHAD.H --> slowmo /extra/pentium/c/MATLAB/TOOLBOX/HRTF MTLRCHAD.H
98.03.20 17:03 B C:\MATLAB\TOOLBOX\HRTF\MTLRCHAP.CPP --> slowmo /extra/pentium/c/MATLAB/TOOLBOX/HRTF MTLRCHAP.CPP
98.03.20 17:03 B C:\MATLAB\TOOLBOX\HRTF\MTLRCHAP.DEF --> slowmo /extra/pentium/c/MATLAB/TOOLBOX/HRTF MTLRCHAP.DEF
98.03.20 17:03 B C:\MATLAB\TOOLBOX\HRTF\MTLRCHAP.H --> slowmo /extra/pentium/c/MATLAB/TOOLBOX/HRTF MTLRCHAP.H
98.03.20 17:03 B C:\MATLAB\TOOLBOX\HRTF\MTLRCHAP.RC --> slowmo /extra/pentium/c/MATLAB/TOOLBOX/HRTF MTLRCHAP.RC
98.03.20 17:03 B C:\MATLAB\TOOLBOX\HRTF\MTLRCHAP.RH --> slowmo /extra/pentium/c/MATLAB/TOOLBOX/HRTF MTLRCHAP.RH
98.03.20 17:03 B C:\MATLAB\TOOLBOX\HRTF\MTLRDEL.M --> slowmo /extra/pentium/c/MATLAB/TOOLBOX/HRTF MTLRDEL.M
98.03.20 17:03 B C:\MATLAB\TOOLBOX\HRTF\MTLRDEL.M~ --> slowmo /extra/pentium/c/MATLAB/TOOLBOX/HRTF MTLRDEL.M~
98.03.20 17:03 B C:\MATLAB\TOOLBOX\HRTF\MTLRDIR.M --> slowmo /extra/pentium/c/MATLAB/TOOLBOX/HRTF MTLRDIR.M
98.03.20 17:03 B C:\MATLAB\TOOLBOX\HRTF\MTLRDIR.M~ --> slowmo /extra/pentium/c/MATLAB/TOOLBOX/HRTF MTLRDIR.M~
98.03.20 17:03 B C:\MATLAB\TOOLBOX\HRTF\MTLRFRQ.M --> slowmo /extra/pentium/c/MATLAB/TOOLBOX/HRTF MTLRFRQ.M
98.03.20 17:03 B C:\MATLAB\TOOLBOX\HRTF\MTLRH.M --> slowmo /extra/pentium/c/MATLAB/TOOLBOX/HRTF MTLRH.M
98.03.20 17:03 B C:\MATLAB\TOOLBOX\HRTF\MTLRH.M~ --> slowmo /extra/pentium/c/MATLAB/TOOLBOX/HRTF MTLRH.M~
98.03.20 17:03 B C:\MATLAB\TOOLBOX\HRTF\MTLRMDI1.CPP --> slowmo /extra/pentium/c/MATLAB/TOOLBOX/HRTF MTLRMDI1.CPP
98.03.20 17:03 B C:\MATLAB\TOOLBOX\HRTF\MTLRMDI1.H --> slowmo /extra/pentium/c/MATLAB/TOOLBOX/HRTF MTLRMDI1.H
98.03.20 17:03 B C:\MATLAB\TOOLBOX\HRTF\MTLRMDIC.CPP --> slowmo /extra/pentium/c/MATLAB/TOOLBOX/HRTF MTLRMDIC.CPP
98.03.20 17:03 B C:\MATLAB\TOOLBOX\HRTF\MTLRMDIC.H --> slowmo /extra/pentium/c/MATLAB/TOOLBOX/HRTF MTLRMDIC.H
98.03.20 17:03 B C:\MATLAB\TOOLBOX\HRTF\MTLSCALE.M --> slowmo /extra/pentium/c/MATLAB/TOOLBOX/HRTF MTLSCALE.M
98.03.20 17:03 B C:\MATLAB\TOOLBOX\HRTF\MTLSEEK.M --> slowmo /extra/pentium/c/MATLAB/TOOLBOX/HRTF MTLSEEK.M
98.03.20 17:03 B C:\MATLAB\TOOLBOX\HRTF\MTLSEEK.M~ --> slowmo /extra/pentium/c/MATLAB/TOOLBOX/HRTF MTLSEEK.M~
98.03.20 17:03 B C:\MATLAB\TOOLBOX\HRTF\MTLSF.M --> slowmo /extra/pentium/c/MATLAB/TOOLBOX/HRTF MTLSF.M
98.03.20 17:03 B C:\MATLAB\TOOLBOX\HRTF\MTLSF.M~ --> slowmo /extra/pentium/c/MATLAB/TOOLBOX/HRTF MTLSF.M~
98.03.20 17:03 B C:\MATLAB\TOOLBOX\HRTF\MTLTYPE.M --> slowmo /extra/pentium/c/MATLAB/TOOLBOX/HRTF MTLTYPE.M
98.03.20 17:03 B C:\MATLAB\TOOLBOX\HRTF\MTLWCH.CC --> slowmo /extra/pentium/c/MATLAB/TOOLBOX/HRTF MTLWCH.CC
98.03.20 17:03 B C:\MATLAB\TOOLBOX\HRTF\mtlwch.m --> slowmo /extra/pentium/c/MATLAB/TOOLBOX/HRTF mtlwch.m
98.03.20 17:03 B C:\MATLAB\TOOLBOX\HRTF\MTLWDEL.M --> slowmo /extra/pentium/c/MATLAB/TOOLBOX/HRTF MTLWDEL.M
98.03.20 17:03 B C:\MATLAB\TOOLBOX\HRTF\MTLWDEL2.M --> slowmo /extra/pentium/c/MATLAB/TOOLBOX/HRTF MTLWDEL2.M
98.03.20 17:03 B C:\MATLAB\TOOLBOX\HRTF\MTLWDIR.M --> slowmo /extra/pentium/c/MATLAB/TOOLBOX/HRTF MTLWDIR.M
98.03.20 17:03 B C:\MATLAB\TOOLBOX\HRTF\MTLWDIR.M~ --> slowmo /extra/pentium/c/MATLAB/TOOLBOX/HRTF MTLWDIR.M~
98.03.20 17:03 B C:\MATLAB\TOOLBOX\HRTF\MTLWH.M --> slowmo /extra/pentium/c/MATLAB/TOOLBOX/HRTF MTLWH.M
98.03.20 17:03 B C:\MATLAB\TOOLBOX\HRTF\MTLWH.M~ --> slowmo /extra/pentium/c/MATLAB/TOOLBOX/HRTF MTLWH.M~
98.03.20 17:03 B C:\MATLAB\TOOLBOX\HRTF\NEW.BMP --> slowmo /extra/pentium/c/MATLAB/TOOLBOX/HRTF NEW.BMP
98.03.20 17:03 B C:\MATLAB\TOOLBOX\HRTF\NEXT.BMP --> slowmo /extra/pentium/c/MATLAB/TOOLBOX/HRTF NEXT.BMP
98.03.20 17:03 B C:\MATLAB\TOOLBOX\HRTF\OPEN.BMP --> slowmo /extra/pentium/c/MATLAB/TOOLBOX/HRTF OPEN.BMP
98.03.20 17:03 B C:\MATLAB\TOOLBOX\HRTF\P_LAYOUT.M --> slowmo /extra/pentium/c/MATLAB/TOOLBOX/HRTF P_LAYOUT.M
98.03.20 17:03 B C:\MATLAB\TOOLBOX\HRTF\PASTE.BMP --> slowmo /extra/pentium/c/MATLAB/TOOLBOX/HRTF PASTE.BMP
98.03.20 17:03 B C:\MATLAB\TOOLBOX\HRTF\PH_LOG.M --> slowmo /extra/pentium/c/MATLAB/TOOLBOX/HRTF PH_LOG.M
98.03.20 17:03 B C:\MATLAB\TOOLBOX\HRTF\PH_PLOT.M --> slowmo /extra/pentium/c/MATLAB/TOOLBOX/HRTF PH_PLOT.M
98.03.20 17:03 B C:\MATLAB\TOOLBOX\HRTF\PHASPLOT.M --> slowmo /extra/pentium/c/MATLAB/TOOLBOX/HRTF PHASPLOT.M
98.03.20 17:03 B C:\MATLAB\TOOLBOX\HRTF\PHASPLOT.M~ --> slowmo /extra/pentium/c/MATLAB/TOOLBOX/HRTF PHASPLOT.M~
98.03.20 17:03 B C:\MATLAB\TOOLBOX\HRTF\PHASPLOT.M~~ --> slowmo /extra/pentium/c/MATLAB/TOOLBOX/HRTF PHASPLOT.M~~
98.03.20 17:03 B C:\MATLAB\TOOLBOX\HRTF\PLANEDCT.M --> slowmo /extra/pentium/c/MATLAB/TOOLBOX/HRTF PLANEDCT.M
98.03.20 17:03 B C:\MATLAB\TOOLBOX\HRTF\PLTSTYLE.M --> slowmo /extra/pentium/c/MATLAB/TOOLBOX/HRTF PLTSTYLE.M
98.03.20 17:03 B C:\MATLAB\TOOLBOX\HRTF\POLARNET.M --> slowmo /extra/pentium/c/MATLAB/TOOLBOX/HRTF POLARNET.M
98.03.20 17:03 B C:\MATLAB\TOOLBOX\HRTF\POPHITE.M --> slowmo /extra/pentium/c/MATLAB/TOOLBOX/HRTF POPHITE.M
98.03.20 17:03 B C:\MATLAB\TOOLBOX\HRTF\PRCNTRL.M --> slowmo /extra/pentium/c/MATLAB/TOOLBOX/HRTF PRCNTRL.M
98.03.20 17:03 B C:\MATLAB\TOOLBOX\HRTF\PRCNTRL_.M --> slowmo /extra/pentium/c/MATLAB/TOOLBOX/HRTF PRCNTRL_.M
98.03.20 17:03 B C:\MATLAB\TOOLBOX\HRTF\PREVIEW.BMP --> slowmo /extra/pentium/c/MATLAB/TOOLBOX/HRTF PREVIEW.BMP
98.03.20 17:03 B C:\MATLAB\TOOLBOX\HRTF\PREVIEW1.BMP --> slowmo /extra/pentium/c/MATLAB/TOOLBOX/HRTF PREVIEW1.BMP
98.03.20 17:03 B C:\MATLAB\TOOLBOX\HRTF\PREVIEW2.BMP --> slowmo /extra/pentium/c/MATLAB/TOOLBOX/HRTF PREVIEW2.BMP
98.03.20 17:03 B C:\MATLAB\TOOLBOX\HRTF\PREVIOUS.BMP --> slowmo /extra/pentium/c/MATLAB/TOOLBOX/HRTF PREVIOUS.BMP
98.03.20 17:03 B C:\MATLAB\TOOLBOX\HRTF\PRINT.BMP --> slowmo /extra/pentium/c/MATLAB/TOOLBOX/HRTF PRINT.BMP
98.03.20 17:03 B C:\MATLAB\TOOLBOX\HRTF\PROGTEST.M --> slowmo /extra/pentium/c/MATLAB/TOOLBOX/HRTF PROGTEST.M
98.03.20 17:03 B C:\MATLAB\TOOLBOX\HRTF\PSC_CONT.M --> slowmo /extra/pentium/c/MATLAB/TOOLBOX/HRTF PSC_CONT.M
98.03.20 17:03 B C:\MATLAB\TOOLBOX\HRTF\PSC_ING.M --> slowmo /extra/pentium/c/MATLAB/TOOLBOX/HRTF PSC_ING.M
98.03.20 17:03 B C:\MATLAB\TOOLBOX\HRTF\R_FRQ.M --> slowmo /extra/pentium/c/MATLAB/TOOLBOX/HRTF R_FRQ.M
98.03.20 17:03 B C:\MATLAB\TOOLBOX\HRTF\R_FRQ.M% --> slowmo /extra/pentium/c/MATLAB/TOOLBOX/HRTF R_FRQ.M%
98.03.20 17:03 B C:\MATLAB\TOOLBOX\HRTF\R_TIME.M --> slowmo /extra/pentium/c/MATLAB/TOOLBOX/HRTF R_TIME.M
98.03.20 17:03 B C:\MATLAB\TOOLBOX\HRTF\READ.M --> slowmo /extra/pentium/c/MATLAB/TOOLBOX/HRTF READ.M
98.03.20 17:03 B C:\MATLAB\TOOLBOX\HRTF\READ_DIR.M --> slowmo /extra/pentium/c/MATLAB/TOOLBOX/HRTF READ_DIR.M
98.03.20 17:03 B C:\MATLAB\TOOLBOX\HRTF\READ_ISO.M --> slowmo /extra/pentium/c/MATLAB/TOOLBOX/HRTF READ_ISO.M
98.03.20 17:03 B C:\MATLAB\TOOLBOX\HRTF\READDATA.M --> slowmo /extra/pentium/c/MATLAB/TOOLBOX/HRTF READDATA.M
98.03.20 17:03 B C:\MATLAB\TOOLBOX\HRTF\READDEL.M --> slowmo /extra/pentium/c/MATLAB/TOOLBOX/HRTF READDEL.M
98.03.20 17:03 B C:\MATLAB\TOOLBOX\HRTF\READDIRS.M --> slowmo /extra/pentium/c/MATLAB/TOOLBOX/HRTF READDIRS.M
98.03.20 17:03 B C:\MATLAB\TOOLBOX\HRTF\READH.M --> slowmo /extra/pentium/c/MATLAB/TOOLBOX/HRTF READH.M
98.03.20 17:03 B C:\MATLAB\TOOLBOX\HRTF\READHP.M --> slowmo /extra/pentium/c/MATLAB/TOOLBOX/HRTF READHP.M
98.03.20 17:03 B C:\MATLAB\TOOLBOX\HRTF\READLIST.M --> slowmo /extra/pentium/c/MATLAB/TOOLBOX/HRTF READLIST.M
98.03.20 17:03 B C:\MATLAB\TOOLBOX\HRTF\READLS.M --> slowmo /extra/pentium/c/MATLAB/TOOLBOX/HRTF READLS.M
98.03.20 17:03 B C:\MATLAB\TOOLBOX\HRTF\READSC2.M --> slowmo /extra/pentium/c/MATLAB/TOOLBOX/HRTF READSC2.M
98.03.20 17:03 B C:\MATLAB\TOOLBOX\HRTF\READSI1.M --> slowmo /extra/pentium/c/MATLAB/TOOLBOX/HRTF READSI1.M
98.03.20 17:03 B C:\MATLAB\TOOLBOX\HRTF\READSIG2.M --> slowmo /extra/pentium/c/MATLAB/TOOLBOX/HRTF READSIG2.M
98.03.20 17:03 B C:\MATLAB\TOOLBOX\HRTF\READSR1.M --> slowmo /extra/pentium/c/MATLAB/TOOLBOX/HRTF READSR1.M
98.03.20 17:03 B C:\MATLAB\TOOLBOX\HRTF\READSR2.M --> slowmo /extra/pentium/c/MATLAB/TOOLBOX/HRTF READSR2.M
98.03.20 17:03 B C:\MATLAB\TOOLBOX\HRTF\RFFT.M --> slowmo /extra/pentium/c/MATLAB/TOOLBOX/HRTF RFFT.M
98.03.20 17:03 B C:\MATLAB\TOOLBOX\HRTF\RIFFT.M --> slowmo /extra/pentium/c/MATLAB/TOOLBOX/HRTF RIFFT.M
98.03.20 17:03 B C:\MATLAB\TOOLBOX\HRTF\SAMPLFRQ.M --> slowmo /extra/pentium/c/MATLAB/TOOLBOX/HRTF SAMPLFRQ.M
98.03.20 17:03 B C:\MATLAB\TOOLBOX\HRTF\SAVE.BMP --> slowmo /extra/pentium/c/MATLAB/TOOLBOX/HRTF SAVE.BMP
98.03.20 17:03 B C:\MATLAB\TOOLBOX\HRTF\SELDIRS.M --> slowmo /extra/pentium/c/MATLAB/TOOLBOX/HRTF SELDIRS.M
98.03.20 17:03 B C:\MATLAB\TOOLBOX\HRTF\SIZEOFFI.M --> slowmo /extra/pentium/c/MATLAB/TOOLBOX/HRTF SIZEOFFI.M
98.03.20 17:03 B C:\MATLAB\TOOLBOX\HRTF\SMOOTH.M --> slowmo /extra/pentium/c/MATLAB/TOOLBOX/HRTF SMOOTH.M
98.03.20 17:03 B C:\MATLAB\TOOLBOX\HRTF\SPH_CONT.M --> slowmo /extra/pentium/c/MATLAB/TOOLBOX/HRTF SPH_CONT.M
98.03.20 17:03 B C:\MATLAB\TOOLBOX\HRTF\SPHDIST.M --> slowmo /extra/pentium/c/MATLAB/TOOLBOX/HRTF SPHDIST.M
98.03.20 17:03 B C:\MATLAB\TOOLBOX\HRTF\SQRPLOT.M --> slowmo /extra/pentium/c/MATLAB/TOOLBOX/HRTF SQRPLOT.M
98.03.20 17:03 B C:\MATLAB\TOOLBOX\HRTF\T_LAYOUT.M --> slowmo /extra/pentium/c/MATLAB/TOOLBOX/HRTF T_LAYOUT.M
98.03.20 17:03 B C:\MATLAB\TOOLBOX\HRTF\TESTZOOM.M --> slowmo /extra/pentium/c/MATLAB/TOOLBOX/HRTF TESTZOOM.M
98.03.20 17:03 B C:\MATLAB\TOOLBOX\HRTF\TGROUP.M --> slowmo /extra/pentium/c/MATLAB/TOOLBOX/HRTF TGROUP.M
98.03.20 17:03 B C:\MATLAB\TOOLBOX\HRTF\TGRPPLOT.M --> slowmo /extra/pentium/c/MATLAB/TOOLBOX/HRTF TGRPPLOT.M
98.03.20 17:03 B C:\MATLAB\TOOLBOX\HRTF\TIMEDIFF.M --> slowmo /extra/pentium/c/MATLAB/TOOLBOX/HRTF TIMEDIFF.M
98.03.20 17:03 B C:\MATLAB\TOOLBOX\HRTF\TPHPLOT.M --> slowmo /extra/pentium/c/MATLAB/TOOLBOX/HRTF TPHPLOT.M
98.03.20 17:03 B C:\MATLAB\TOOLBOX\HRTF\U_SAMPLE.M --> slowmo /extra/pentium/c/MATLAB/TOOLBOX/HRTF U_SAMPLE.M
98.03.20 17:03 B C:\MATLAB\TOOLBOX\HRTF\UNDO.BMP --> slowmo /extra/pentium/c/MATLAB/TOOLBOX/HRTF UNDO.BMP
98.03.20 17:03 B C:\MATLAB\TOOLBOX\HRTF\USERGRID.M --> slowmo /extra/pentium/c/MATLAB/TOOLBOX/HRTF USERGRID.M
98.03.20 17:03 B C:\MATLAB\TOOLBOX\HRTF\V3DCNTRL.M --> slowmo /extra/pentium/c/MATLAB/TOOLBOX/HRTF V3DCNTRL.M
98.03.20 17:03 B C:\MATLAB\TOOLBOX\HRTF\V3DCNTRL.M% --> slowmo /extra/pentium/c/MATLAB/TOOLBOX/HRTF V3DCNTRL.M%
98.03.20 17:03 B C:\MATLAB\TOOLBOX\HRTF\V3DTOOL.M --> slowmo /extra/pentium/c/MATLAB/TOOLBOX/HRTF V3DTOOL.M
98.03.20 17:03 B C:\MATLAB\TOOLBOX\HRTF\WINENERG.M --> slowmo /extra/pentium/c/MATLAB/TOOLBOX/HRTF WINENERG.M
98.03.20 17:03 B C:\MATLAB\TOOLBOX\HRTF\WRHEAD.EXE --> slowmo /extra/pentium/c/MATLAB/TOOLBOX/HRTF WRHEAD.EXE
98.03.20 17:03 B C:\MATLAB\TOOLBOX\HRTF\WRITEH.M --> slowmo /extra/pentium/c/MATLAB/TOOLBOX/HRTF WRITEH.M
98.03.20 17:03 B C:\MATLAB\TOOLBOX\HRTF\WRITESI1.M --> slowmo /extra/pentium/c/MATLAB/TOOLBOX/HRTF WRITESI1.M
98.03.20 17:03 B C:\MATLAB\TOOLBOX\HRTF\WRITESR2.M --> slowmo /extra/pentium/c/MATLAB/TOOLBOX/HRTF WRITESR2.M
98.03.20 17:03 B C:\MATLAB\TOOLBOX\HRTF\WRITETXT.M --> slowmo /extra/pentium/c/MATLAB/TOOLBOX/HRTF WRITETXT.M
98.03.20 17:03 B C:\MATLAB\TOOLBOX\HRTF\WRT_D.M --> slowmo /extra/pentium/c/MATLAB/TOOLBOX/HRTF WRT_D.M
98.03.20 17:03 B C:\MATLAB\TOOLBOX\HRTF\WS_FTP.LOG --> slowmo /extra/pentium/c/MATLAB/TOOLBOX/HRTF WS_FTP.LOG
98.03.20 17:03 B C:\MATLAB\TOOLBOX\HRTF\Y_AXIS.M --> slowmo /extra/pentium/c/MATLAB/TOOLBOX/HRTF Y_AXIS.M
98.03.20 17:03 B C:\MATLAB\TOOLBOX\HRTF\ZOOM1.M --> slowmo /extra/pentium/c/MATLAB/TOOLBOX/HRTF ZOOM1.M
98.03.20 17:03 B C:\MATLAB\TOOLBOX\HRTF\ZOOM1.M% --> slowmo /extra/pentium/c/MATLAB/TOOLBOX/HRTF ZOOM1.M%
98.03.20 17:03 B C:\MATLAB\TOOLBOX\HRTF\ZOOM1_.M --> slowmo /extra/pentium/c/MATLAB/TOOLBOX/HRTF ZOOM1_.M
98.03.20 17:03 B C:\MATLAB\TOOLBOX\HRTF\ZOOM_.M --> slowmo /extra/pentium/c/MATLAB/TOOLBOX/HRTF ZOOM_.M
98.03.20 17:03 B C:\MATLAB\TOOLBOX\HRTF\ZOOM_SUB.M --> slowmo /extra/pentium/c/MATLAB/TOOLBOX/HRTF ZOOM_SUB.M
98.03.20 17:03 B C:\MATLAB\TOOLBOX\HRTF\ZOOM_SUB.M% --> slowmo /extra/pentium/c/MATLAB/TOOLBOX/HRTF ZOOM_SUB.M%
98.03.20 17:03 B C:\MATLAB\TOOLBOX\HRTF\ZOOMCLR.M --> slowmo /extra/pentium/c/MATLAB/TOOLBOX/HRTF ZOOMCLR.M
98.03.20 17:03 B C:\MATLAB\TOOLBOX\HRTF\ZOOMDOWN.M --> slowmo /extra/pentium/c/MATLAB/TOOLBOX/HRTF ZOOMDOWN.M
98.03.20 17:03 B C:\MATLAB\TOOLBOX\HRTF\ZOOMLEFT.M --> slowmo /extra/pentium/c/MATLAB/TOOLBOX/HRTF ZOOMLEFT.M
98.03.20 17:03 B C:\MATLAB\TOOLBOX\HRTF\ZOOMMOVE.M --> slowmo /extra/pentium/c/MATLAB/TOOLBOX/HRTF ZOOMMOVE.M
98.03.20 17:03 B C:\MATLAB\TOOLBOX\HRTF\ZOOMPKLF.M --> slowmo /extra/pentium/c/MATLAB/TOOLBOX/HRTF ZOOMPKLF.M
98.03.20 17:03 B C:\MATLAB\TOOLBOX\HRTF\ZOOMPKRT.M --> slowmo /extra/pentium/c/MATLAB/TOOLBOX/HRTF ZOOMPKRT.M
98.03.20 17:03 B C:\MATLAB\TOOLBOX\HRTF\ZOOMRGHT.M --> slowmo /extra/pentium/c/MATLAB/TOOLBOX/HRTF ZOOMRGHT.M
98.03.20 17:03 B C:\MATLAB\TOOLBOX\HRTF\ZOOMSET.M --> slowmo /extra/pentium/c/MATLAB/TOOLBOX/HRTF ZOOMSET.M
98.03.20 17:03 B C:\MATLAB\TOOLBOX\HRTF\ZOOMTGGL.M --> slowmo /extra/pentium/c/MATLAB/TOOLBOX/HRTF ZOOMTGGL.M
98.03.20 17:03 B C:\MATLAB\TOOLBOX\HRTF\ZOOMTOOL.M --> slowmo /extra/pentium/c/MATLAB/TOOLBOX/HRTF ZOOMTOOL.M
98.03.20 17:03 B C:\MATLAB\TOOLBOX\HRTF\ZOOMTOOL.TXT --> slowmo /extra/pentium/c/MATLAB/TOOLBOX/HRTF ZOOMTOOL.TXT
98.03.20 17:03 B C:\MATLAB\TOOLBOX\HRTF\ZOOMUP.M --> slowmo /extra/pentium/c/MATLAB/TOOLBOX/HRTF ZOOMUP.M
98.03.20 17:03 B C:\MATLAB\TOOLBOX\HRTF\ZOOMXFUL.M --> slowmo /extra/pentium/c/MATLAB/TOOLBOX/HRTF ZOOMXFUL.M
98.03.20 17:03 B C:\MATLAB\TOOLBOX\HRTF\ZOOMXIN.M --> slowmo /extra/pentium/c/MATLAB/TOOLBOX/HRTF ZOOMXIN.M
98.03.20 17:03 B C:\MATLAB\TOOLBOX\HRTF\ZOOMXOUT.M --> slowmo /extra/pentium/c/MATLAB/TOOLBOX/HRTF ZOOMXOUT.M
98.03.20 17:03 B C:\MATLAB\TOOLBOX\HRTF\ZOOMYFUL.M --> slowmo /extra/pentium/c/MATLAB/TOOLBOX/HRTF ZOOMYFUL.M
98.03.20 17:03 B C:\MATLAB\TOOLBOX\HRTF\ZOOMYIN.M --> slowmo /extra/pentium/c/MATLAB/TOOLBOX/HRTF ZOOMYIN.M
98.03.20 17:03 B C:\MATLAB\TOOLBOX\HRTF\ZOOMYOUT.M --> slowmo /extra/pentium/c/MATLAB/TOOLBOX/HRTF ZOOMYOUT.M
