2000.03.28 16:56 B C:\MATLAB52\kip\DLLs\Delay_msec.c --> uoneuro.uoregon.edu /home/keller/streis/DLLs Delay_msec.c
2000.03.28 16:56 B C:\MATLAB52\kip\DLLs\Delay_msec.dll --> uoneuro.uoregon.edu /home/keller/streis/DLLs Delay_msec.dll
2000.03.28 16:56 B C:\MATLAB52\kip\DLLs\Delay_msec.m --> uoneuro.uoregon.edu /home/keller/streis/DLLs Delay_msec.m
2000.03.28 16:56 B C:\MATLAB52\kip\DLLs\hpSig.dll --> uoneuro.uoregon.edu /home/keller/streis/DLLs hpSig.dll
2000.03.28 16:56 B C:\MATLAB52\kip\DLLs\hpSig.m --> uoneuro.uoregon.edu /home/keller/streis/DLLs hpSig.m
2000.03.28 16:56 B C:\MATLAB52\kip\DLLs\M100X.DLL --> uoneuro.uoregon.edu /home/keller/streis/DLLs M100X.DLL
2000.03.28 16:56 B C:\MATLAB52\kip\DLLs\M100X.M --> uoneuro.uoregon.edu /home/keller/streis/DLLs M100X.M
2000.03.28 16:56 B C:\MATLAB52\kip\DLLs\M101X.DLL --> uoneuro.uoregon.edu /home/keller/streis/DLLs M101X.DLL
2000.03.28 16:56 B C:\MATLAB52\kip\DLLs\M101X.M --> uoneuro.uoregon.edu /home/keller/streis/DLLs M101X.M
2000.03.28 16:56 B C:\MATLAB52\kip\DLLs\M101XX.DLL --> uoneuro.uoregon.edu /home/keller/streis/DLLs M101XX.DLL
2000.03.28 16:56 B C:\MATLAB52\kip\DLLs\M101xx.m --> uoneuro.uoregon.edu /home/keller/streis/DLLs M101xx.m
2000.03.28 16:56 B C:\MATLAB52\kip\DLLs\M110DX.C --> uoneuro.uoregon.edu /home/keller/streis/DLLs M110DX.C
2000.03.28 16:56 B C:\MATLAB52\kip\DLLs\M110DX.DLL --> uoneuro.uoregon.edu /home/keller/streis/DLLs M110DX.DLL
2000.03.28 16:56 B C:\MATLAB52\kip\DLLs\M110DX.M --> uoneuro.uoregon.edu /home/keller/streis/DLLs M110DX.M
2000.03.28 16:56 B C:\MATLAB52\kip\DLLs\M110X.DLL --> uoneuro.uoregon.edu /home/keller/streis/DLLs M110X.DLL
2000.03.28 16:56 B C:\MATLAB52\kip\DLLs\M110X.M --> uoneuro.uoregon.edu /home/keller/streis/DLLs M110X.M
2000.03.28 16:56 B C:\MATLAB52\kip\DLLs\M202X.DLL --> uoneuro.uoregon.edu /home/keller/streis/DLLs M202X.DLL
2000.03.28 16:56 B C:\MATLAB52\kip\DLLs\M202X.M --> uoneuro.uoregon.edu /home/keller/streis/DLLs M202X.M
2000.03.28 16:56 B C:\MATLAB52\kip\DLLs\M210X.DLL --> uoneuro.uoregon.edu /home/keller/streis/DLLs M210X.DLL
2000.03.28 16:56 B C:\MATLAB52\kip\DLLs\M210X.M --> uoneuro.uoregon.edu /home/keller/streis/DLLs M210X.M
2000.03.28 16:56 B C:\MATLAB52\kip\DLLs\M214X.DLL --> uoneuro.uoregon.edu /home/keller/streis/DLLs M214X.DLL
2000.03.28 16:56 B C:\MATLAB52\kip\DLLs\M214X.M --> uoneuro.uoregon.edu /home/keller/streis/DLLs M214X.M
2000.03.28 16:56 B C:\MATLAB52\kip\DLLs\m300_228x.dll --> uoneuro.uoregon.edu /home/keller/streis/DLLs m300_228x.dll
2000.03.28 16:56 B C:\MATLAB52\kip\DLLs\M300X.DLL --> uoneuro.uoregon.edu /home/keller/streis/DLLs M300X.DLL
2000.03.28 16:56 B C:\MATLAB52\kip\DLLs\M300X.M --> uoneuro.uoregon.edu /home/keller/streis/DLLs M300X.M
2000.03.28 16:56 B C:\MATLAB52\kip\DLLs\M308x.dll --> uoneuro.uoregon.edu /home/keller/streis/DLLs M308x.dll
2000.03.28 16:56 B C:\MATLAB52\kip\DLLs\M308x.dll_old --> uoneuro.uoregon.edu /home/keller/streis/DLLs M308x.dll_old
2000.03.28 16:56 B C:\MATLAB52\kip\DLLs\M308X.M --> uoneuro.uoregon.edu /home/keller/streis/DLLs M308X.M
2000.03.28 16:56 B C:\MATLAB52\kip\DLLs\VCR.dll --> uoneuro.uoregon.edu /home/keller/streis/DLLs VCR.dll
2000.03.28 16:56 B C:\MATLAB52\kip\DLLs\VCR.m --> uoneuro.uoregon.edu /home/keller/streis/DLLs VCR.m
2000.05.10 07:58 B C:\matlab52\kip\DLLs\Delay_msec.c --> uoneuro.uoregon.edu /home/keller/streis/matlab/kip/DLLs Delay_msec.c
2000.05.10 07:58 B C:\matlab52\kip\DLLs\Delay_msec.dll --> uoneuro.uoregon.edu /home/keller/streis/matlab/kip/DLLs Delay_msec.dll
2000.05.10 07:58 B C:\matlab52\kip\DLLs\Delay_msec.m --> uoneuro.uoregon.edu /home/keller/streis/matlab/kip/DLLs Delay_msec.m
2000.05.10 07:58 B C:\matlab52\kip\DLLs\hpSig.dll --> uoneuro.uoregon.edu /home/keller/streis/matlab/kip/DLLs hpSig.dll
2000.05.10 07:58 B C:\matlab52\kip\DLLs\hpSig.m --> uoneuro.uoregon.edu /home/keller/streis/matlab/kip/DLLs hpSig.m
2000.05.10 07:58 B C:\matlab52\kip\DLLs\M100X.DLL --> uoneuro.uoregon.edu /home/keller/streis/matlab/kip/DLLs M100X.DLL
2000.05.10 07:58 B C:\matlab52\kip\DLLs\M100X.M --> uoneuro.uoregon.edu /home/keller/streis/matlab/kip/DLLs M100X.M
2000.05.10 07:58 B C:\matlab52\kip\DLLs\M101X.DLL --> uoneuro.uoregon.edu /home/keller/streis/matlab/kip/DLLs M101X.DLL
2000.05.10 07:58 B C:\matlab52\kip\DLLs\M101X.M --> uoneuro.uoregon.edu /home/keller/streis/matlab/kip/DLLs M101X.M
2000.05.10 07:58 B C:\matlab52\kip\DLLs\M101XX.DLL --> uoneuro.uoregon.edu /home/keller/streis/matlab/kip/DLLs M101XX.DLL
2000.05.10 07:58 B C:\matlab52\kip\DLLs\M101xx.m --> uoneuro.uoregon.edu /home/keller/streis/matlab/kip/DLLs M101xx.m
2000.05.10 07:58 B C:\matlab52\kip\DLLs\M110DX.C --> uoneuro.uoregon.edu /home/keller/streis/matlab/kip/DLLs M110DX.C
2000.05.10 07:58 B C:\matlab52\kip\DLLs\M110DX.DLL --> uoneuro.uoregon.edu /home/keller/streis/matlab/kip/DLLs M110DX.DLL
2000.05.10 07:58 B C:\matlab52\kip\DLLs\M110DX.M --> uoneuro.uoregon.edu /home/keller/streis/matlab/kip/DLLs M110DX.M
2000.05.10 07:58 B C:\matlab52\kip\DLLs\M110X.DLL --> uoneuro.uoregon.edu /home/keller/streis/matlab/kip/DLLs M110X.DLL
2000.05.10 07:58 B C:\matlab52\kip\DLLs\M110X.M --> uoneuro.uoregon.edu /home/keller/streis/matlab/kip/DLLs M110X.M
2000.05.10 07:58 B C:\matlab52\kip\DLLs\M202X.DLL --> uoneuro.uoregon.edu /home/keller/streis/matlab/kip/DLLs M202X.DLL
2000.05.10 07:58 B C:\matlab52\kip\DLLs\M202X.M --> uoneuro.uoregon.edu /home/keller/streis/matlab/kip/DLLs M202X.M
2000.05.10 07:58 B C:\matlab52\kip\DLLs\M210X.DLL --> uoneuro.uoregon.edu /home/keller/streis/matlab/kip/DLLs M210X.DLL
2000.05.10 07:58 B C:\matlab52\kip\DLLs\M210X.M --> uoneuro.uoregon.edu /home/keller/streis/matlab/kip/DLLs M210X.M
2000.05.10 07:58 B C:\matlab52\kip\DLLs\M214X.DLL --> uoneuro.uoregon.edu /home/keller/streis/matlab/kip/DLLs M214X.DLL
2000.05.10 07:58 B C:\matlab52\kip\DLLs\M214X.M --> uoneuro.uoregon.edu /home/keller/streis/matlab/kip/DLLs M214X.M
2000.05.10 07:58 B C:\matlab52\kip\DLLs\m300_228x.dll --> uoneuro.uoregon.edu /home/keller/streis/matlab/kip/DLLs m300_228x.dll
2000.05.10 07:58 B C:\matlab52\kip\DLLs\M300X.DLL --> uoneuro.uoregon.edu /home/keller/streis/matlab/kip/DLLs M300X.DLL
2000.05.10 07:58 B C:\matlab52\kip\DLLs\M300X.M --> uoneuro.uoregon.edu /home/keller/streis/matlab/kip/DLLs M300X.M
2000.05.10 07:58 B C:\matlab52\kip\DLLs\M308x.dll --> uoneuro.uoregon.edu /home/keller/streis/matlab/kip/DLLs M308x.dll
2000.05.10 07:58 B C:\matlab52\kip\DLLs\M308x.dll_old --> uoneuro.uoregon.edu /home/keller/streis/matlab/kip/DLLs M308x.dll_old
2000.05.10 07:58 B C:\matlab52\kip\DLLs\M308X.M --> uoneuro.uoregon.edu /home/keller/streis/matlab/kip/DLLs M308X.M
2000.05.10 07:58 B C:\matlab52\kip\DLLs\VCR.dll --> uoneuro.uoregon.edu /home/keller/streis/matlab/kip/DLLs VCR.dll
2000.05.10 07:58 B C:\matlab52\kip\DLLs\VCR.m --> uoneuro.uoregon.edu /home/keller/streis/matlab/kip/DLLs VCR.m
2000.05.10 07:58 B C:\matlab52\kip\DLLs\WS_FTP.LOG --> uoneuro.uoregon.edu /home/keller/streis/matlab/kip/DLLs WS_FTP.LOG
2000.05.17 11:21 B C:\MATLAB52\kip\DLLs\Delay_msec.c --> uoneuro.uoregon.edu /home/keller/tempStr/kip/DLLs Delay_msec.c
2000.05.17 11:21 B C:\MATLAB52\kip\DLLs\Delay_msec.dll --> uoneuro.uoregon.edu /home/keller/tempStr/kip/DLLs Delay_msec.dll
2000.05.17 11:21 B C:\MATLAB52\kip\DLLs\Delay_msec.m --> uoneuro.uoregon.edu /home/keller/tempStr/kip/DLLs Delay_msec.m
2000.05.17 11:21 B C:\MATLAB52\kip\DLLs\hpSig.dll --> uoneuro.uoregon.edu /home/keller/tempStr/kip/DLLs hpSig.dll
2000.05.17 11:21 B C:\MATLAB52\kip\DLLs\hpSig.m --> uoneuro.uoregon.edu /home/keller/tempStr/kip/DLLs hpSig.m
2000.05.17 11:21 B C:\MATLAB52\kip\DLLs\M100X.DLL --> uoneuro.uoregon.edu /home/keller/tempStr/kip/DLLs M100X.DLL
2000.05.17 11:21 B C:\MATLAB52\kip\DLLs\M100X.M --> uoneuro.uoregon.edu /home/keller/tempStr/kip/DLLs M100X.M
2000.05.17 11:21 B C:\MATLAB52\kip\DLLs\M101X.DLL --> uoneuro.uoregon.edu /home/keller/tempStr/kip/DLLs M101X.DLL
2000.05.17 11:21 B C:\MATLAB52\kip\DLLs\M101X.M --> uoneuro.uoregon.edu /home/keller/tempStr/kip/DLLs M101X.M
2000.05.17 11:21 B C:\MATLAB52\kip\DLLs\M101XX.DLL --> uoneuro.uoregon.edu /home/keller/tempStr/kip/DLLs M101XX.DLL
2000.05.17 11:21 B C:\MATLAB52\kip\DLLs\M101xx.m --> uoneuro.uoregon.edu /home/keller/tempStr/kip/DLLs M101xx.m
2000.05.17 11:21 B C:\MATLAB52\kip\DLLs\M110DX.C --> uoneuro.uoregon.edu /home/keller/tempStr/kip/DLLs M110DX.C
2000.05.17 11:21 B C:\MATLAB52\kip\DLLs\M110DX.DLL --> uoneuro.uoregon.edu /home/keller/tempStr/kip/DLLs M110DX.DLL
2000.05.17 11:21 B C:\MATLAB52\kip\DLLs\M110DX.M --> uoneuro.uoregon.edu /home/keller/tempStr/kip/DLLs M110DX.M
2000.05.17 11:21 B C:\MATLAB52\kip\DLLs\M110X.DLL --> uoneuro.uoregon.edu /home/keller/tempStr/kip/DLLs M110X.DLL
2000.05.17 11:21 B C:\MATLAB52\kip\DLLs\M110X.M --> uoneuro.uoregon.edu /home/keller/tempStr/kip/DLLs M110X.M
2000.05.17 11:21 B C:\MATLAB52\kip\DLLs\M202X.DLL --> uoneuro.uoregon.edu /home/keller/tempStr/kip/DLLs M202X.DLL
2000.05.17 11:21 B C:\MATLAB52\kip\DLLs\M202X.M --> uoneuro.uoregon.edu /home/keller/tempStr/kip/DLLs M202X.M
2000.05.17 11:21 B C:\MATLAB52\kip\DLLs\M210X.DLL --> uoneuro.uoregon.edu /home/keller/tempStr/kip/DLLs M210X.DLL
2000.05.17 11:21 B C:\MATLAB52\kip\DLLs\M210X.M --> uoneuro.uoregon.edu /home/keller/tempStr/kip/DLLs M210X.M
2000.05.17 11:21 B C:\MATLAB52\kip\DLLs\M214X.DLL --> uoneuro.uoregon.edu /home/keller/tempStr/kip/DLLs M214X.DLL
2000.05.17 11:21 B C:\MATLAB52\kip\DLLs\M214X.M --> uoneuro.uoregon.edu /home/keller/tempStr/kip/DLLs M214X.M
2000.05.17 11:21 B C:\MATLAB52\kip\DLLs\m300_228x.dll --> uoneuro.uoregon.edu /home/keller/tempStr/kip/DLLs m300_228x.dll
2000.05.17 11:21 B C:\MATLAB52\kip\DLLs\M300X.DLL --> uoneuro.uoregon.edu /home/keller/tempStr/kip/DLLs M300X.DLL
2000.05.17 11:21 B C:\MATLAB52\kip\DLLs\M300X.M --> uoneuro.uoregon.edu /home/keller/tempStr/kip/DLLs M300X.M
2000.05.17 11:21 B C:\MATLAB52\kip\DLLs\M308x.dll --> uoneuro.uoregon.edu /home/keller/tempStr/kip/DLLs M308x.dll
2000.05.17 11:21 B C:\MATLAB52\kip\DLLs\M308x.dll_old --> uoneuro.uoregon.edu /home/keller/tempStr/kip/DLLs M308x.dll_old
2000.05.17 11:21 B C:\MATLAB52\kip\DLLs\M308X.M --> uoneuro.uoregon.edu /home/keller/tempStr/kip/DLLs M308X.M
2000.05.17 11:21 B C:\MATLAB52\kip\DLLs\VCR.dll --> uoneuro.uoregon.edu /home/keller/tempStr/kip/DLLs VCR.dll
2000.05.17 11:21 B C:\MATLAB52\kip\DLLs\VCR.m --> uoneuro.uoregon.edu /home/keller/tempStr/kip/DLLs VCR.m
2000.05.17 11:21 B C:\MATLAB52\kip\DLLs\WS_FTP.LOG --> uoneuro.uoregon.edu /home/keller/tempStr/kip/DLLs WS_FTP.LOG
2000.08.16 10:49 B C:\MATLAB52\kip\DLLs\Delay_msec.c --> uoneuro.uoregon.edu /home/keller/backup/matlab/kip/DLLs Delay_msec.c
2000.08.16 10:49 B C:\MATLAB52\kip\DLLs\Delay_msec.dll --> uoneuro.uoregon.edu /home/keller/backup/matlab/kip/DLLs Delay_msec.dll
2000.08.16 10:49 B C:\MATLAB52\kip\DLLs\Delay_msec.m --> uoneuro.uoregon.edu /home/keller/backup/matlab/kip/DLLs Delay_msec.m
2000.08.16 10:49 B C:\MATLAB52\kip\DLLs\hpSig.dll --> uoneuro.uoregon.edu /home/keller/backup/matlab/kip/DLLs hpSig.dll
2000.08.16 10:50 B C:\MATLAB52\kip\DLLs\hpSig.m --> uoneuro.uoregon.edu /home/keller/backup/matlab/kip/DLLs hpSig.m
2000.08.16 10:50 B C:\MATLAB52\kip\DLLs\M100X.DLL --> uoneuro.uoregon.edu /home/keller/backup/matlab/kip/DLLs M100X.DLL
2000.08.16 10:50 B C:\MATLAB52\kip\DLLs\M100X.M --> uoneuro.uoregon.edu /home/keller/backup/matlab/kip/DLLs M100X.M
2000.08.16 10:50 B C:\MATLAB52\kip\DLLs\M101X.DLL --> uoneuro.uoregon.edu /home/keller/backup/matlab/kip/DLLs M101X.DLL
2000.08.16 10:50 B C:\MATLAB52\kip\DLLs\M101X.M --> uoneuro.uoregon.edu /home/keller/backup/matlab/kip/DLLs M101X.M
2000.08.16 10:50 B C:\MATLAB52\kip\DLLs\M101XX.DLL --> uoneuro.uoregon.edu /home/keller/backup/matlab/kip/DLLs M101XX.DLL
2000.08.16 10:50 B C:\MATLAB52\kip\DLLs\M101xx.m --> uoneuro.uoregon.edu /home/keller/backup/matlab/kip/DLLs M101xx.m
2000.08.16 10:50 B C:\MATLAB52\kip\DLLs\M110DX.C --> uoneuro.uoregon.edu /home/keller/backup/matlab/kip/DLLs M110DX.C
2000.08.16 10:50 B C:\MATLAB52\kip\DLLs\M110DX.DLL --> uoneuro.uoregon.edu /home/keller/backup/matlab/kip/DLLs M110DX.DLL
2000.08.16 10:50 B C:\MATLAB52\kip\DLLs\M110DX.M --> uoneuro.uoregon.edu /home/keller/backup/matlab/kip/DLLs M110DX.M
2000.08.16 10:50 B C:\MATLAB52\kip\DLLs\M110X.DLL --> uoneuro.uoregon.edu /home/keller/backup/matlab/kip/DLLs M110X.DLL
2000.08.16 10:50 B C:\MATLAB52\kip\DLLs\M110X.M --> uoneuro.uoregon.edu /home/keller/backup/matlab/kip/DLLs M110X.M
2000.08.16 10:50 B C:\MATLAB52\kip\DLLs\M202X.DLL --> uoneuro.uoregon.edu /home/keller/backup/matlab/kip/DLLs M202X.DLL
2000.08.16 10:50 B C:\MATLAB52\kip\DLLs\M202X.M --> uoneuro.uoregon.edu /home/keller/backup/matlab/kip/DLLs M202X.M
2000.08.16 10:50 B C:\MATLAB52\kip\DLLs\M210X.DLL --> uoneuro.uoregon.edu /home/keller/backup/matlab/kip/DLLs M210X.DLL
2000.08.16 10:50 B C:\MATLAB52\kip\DLLs\M210X.M --> uoneuro.uoregon.edu /home/keller/backup/matlab/kip/DLLs M210X.M
2000.08.16 10:50 B C:\MATLAB52\kip\DLLs\M214X.DLL --> uoneuro.uoregon.edu /home/keller/backup/matlab/kip/DLLs M214X.DLL
2000.08.16 10:50 B C:\MATLAB52\kip\DLLs\M214X.M --> uoneuro.uoregon.edu /home/keller/backup/matlab/kip/DLLs M214X.M
2000.08.16 10:50 B C:\MATLAB52\kip\DLLs\m300_228x.dll --> uoneuro.uoregon.edu /home/keller/backup/matlab/kip/DLLs m300_228x.dll
2000.08.16 10:50 B C:\MATLAB52\kip\DLLs\M300X.DLL --> uoneuro.uoregon.edu /home/keller/backup/matlab/kip/DLLs M300X.DLL
2000.08.16 10:50 B C:\MATLAB52\kip\DLLs\M300X.M --> uoneuro.uoregon.edu /home/keller/backup/matlab/kip/DLLs M300X.M
2000.08.16 10:50 B C:\MATLAB52\kip\DLLs\M308x.dll --> uoneuro.uoregon.edu /home/keller/backup/matlab/kip/DLLs M308x.dll
2000.08.16 10:50 B C:\MATLAB52\kip\DLLs\M308x.dll_old --> uoneuro.uoregon.edu /home/keller/backup/matlab/kip/DLLs M308x.dll_old
2000.08.16 10:50 B C:\MATLAB52\kip\DLLs\M308X.M --> uoneuro.uoregon.edu /home/keller/backup/matlab/kip/DLLs M308X.M
2000.08.16 10:50 B C:\MATLAB52\kip\DLLs\VCR.dll --> uoneuro.uoregon.edu /home/keller/backup/matlab/kip/DLLs VCR.dll
2000.08.16 10:50 B C:\MATLAB52\kip\DLLs\VCR.m --> uoneuro.uoregon.edu /home/keller/backup/matlab/kip/DLLs VCR.m
