98.02.22 12:28 B C:\MATLAB\HRTF\HARTLIB\HRTF\ADDLOW.M --> alpha /home2/mlspezio/Matlab/HRTF/HARTLIB/HRTF ADDLOW.M
98.02.22 12:28 B C:\MATLAB\HRTF\HARTLIB\HRTF\CONTENTS.M --> alpha /home2/mlspezio/Matlab/HRTF/HARTLIB/HRTF CONTENTS.M
98.02.22 12:28 B C:\MATLAB\HRTF\HARTLIB\HRTF\EQ_MIC.M --> alpha /home2/mlspezio/Matlab/HRTF/HARTLIB/HRTF EQ_MIC.M
98.02.22 12:28 B C:\MATLAB\HRTF\HARTLIB\HRTF\EQU.M --> alpha /home2/mlspezio/Matlab/HRTF/HARTLIB/HRTF EQU.M
98.02.22 12:28 B C:\MATLAB\HRTF\HARTLIB\HRTF\EQU2.M --> alpha /home2/mlspezio/Matlab/HRTF/HARTLIB/HRTF EQU2.M
98.02.22 12:28 B C:\MATLAB\HRTF\HARTLIB\HRTF\EQU_LS.M --> alpha /home2/mlspezio/Matlab/HRTF/HARTLIB/HRTF EQU_LS.M
98.02.22 12:28 B C:\MATLAB\HRTF\HARTLIB\HRTF\EQU_LS2.M --> alpha /home2/mlspezio/Matlab/HRTF/HARTLIB/HRTF EQU_LS2.M
98.02.22 12:28 B C:\MATLAB\HRTF\HARTLIB\HRTF\EQUALIZE.M --> alpha /home2/mlspezio/Matlab/HRTF/HARTLIB/HRTF EQUALIZE.M
98.02.22 12:28 B C:\MATLAB\HRTF\HARTLIB\HRTF\HEAD2MAT.M --> alpha /home2/mlspezio/Matlab/HRTF/HARTLIB/HRTF HEAD2MAT.M
98.02.22 12:28 B C:\MATLAB\HRTF\HARTLIB\HRTF\HORIZON.M --> alpha /home2/mlspezio/Matlab/HRTF/HARTLIB/HRTF HORIZON.M
98.02.22 12:28 B C:\MATLAB\HRTF\HARTLIB\HRTF\LSEQUAL2.M --> alpha /home2/mlspezio/Matlab/HRTF/HARTLIB/HRTF LSEQUAL2.M
98.02.22 12:28 B C:\MATLAB\HRTF\HARTLIB\HRTF\LSQFIRIN.M --> alpha /home2/mlspezio/Matlab/HRTF/HARTLIB/HRTF LSQFIRIN.M
98.02.22 12:28 B C:\MATLAB\HRTF\HARTLIB\HRTF\LSQINV2.M --> alpha /home2/mlspezio/Matlab/HRTF/HARTLIB/HRTF LSQINV2.M
98.02.22 12:28 B C:\MATLAB\HRTF\HARTLIB\HRTF\LSQINV3.M --> alpha /home2/mlspezio/Matlab/HRTF/HARTLIB/HRTF LSQINV3.M
98.02.22 12:28 B C:\MATLAB\HRTF\HARTLIB\HRTF\LSQINV4.M --> alpha /home2/mlspezio/Matlab/HRTF/HARTLIB/HRTF LSQINV4.M
98.02.22 12:28 B C:\MATLAB\HRTF\HARTLIB\HRTF\LSQINV5.M --> alpha /home2/mlspezio/Matlab/HRTF/HARTLIB/HRTF LSQINV5.M
98.02.22 12:28 B C:\MATLAB\HRTF\HARTLIB\HRTF\LSQINV6.M --> alpha /home2/mlspezio/Matlab/HRTF/HARTLIB/HRTF LSQINV6.M
98.02.22 12:28 B C:\MATLAB\HRTF\HARTLIB\HRTF\MAT2MTL.M --> alpha /home2/mlspezio/Matlab/HRTF/HARTLIB/HRTF MAT2MTL.M
98.02.22 12:28 B C:\MATLAB\HRTF\HARTLIB\HRTF\MEDIANP.M --> alpha /home2/mlspezio/Matlab/HRTF/HARTLIB/HRTF MEDIANP.M
98.02.22 12:28 B C:\MATLAB\HRTF\HARTLIB\HRTF\MTL2MAT.M --> alpha /home2/mlspezio/Matlab/HRTF/HARTLIB/HRTF MTL2MAT.M
98.02.22 12:28 B C:\MATLAB\HRTF\HARTLIB\HRTF\OPTIHRTF.M --> alpha /home2/mlspezio/Matlab/HRTF/HARTLIB/HRTF OPTIHRTF.M
98.02.22 12:28 B C:\MATLAB\HRTF\HARTLIB\HRTF\OPTWIN.M --> alpha /home2/mlspezio/Matlab/HRTF/HARTLIB/HRTF OPTWIN.M
98.02.22 12:28 B C:\MATLAB\HRTF\HARTLIB\HRTF\OPTWIN2.M --> alpha /home2/mlspezio/Matlab/HRTF/HARTLIB/HRTF OPTWIN2.M
98.02.22 12:28 B C:\MATLAB\HRTF\HARTLIB\HRTF\PREPLOW.M --> alpha /home2/mlspezio/Matlab/HRTF/HARTLIB/HRTF PREPLOW.M
98.02.22 12:29 B C:\MATLAB\HRTF\HARTLIB\HRTF\RAW2CLE1.M --> alpha /home2/mlspezio/Matlab/HRTF/HARTLIB/HRTF RAW2CLE1.M
98.02.22 12:29 B C:\MATLAB\HRTF\HARTLIB\HRTF\RAW2CLEA.M --> alpha /home2/mlspezio/Matlab/HRTF/HARTLIB/HRTF RAW2CLEA.M
98.02.22 12:29 B C:\MATLAB\HRTF\HARTLIB\HRTF\RAWHEAD2.M --> alpha /home2/mlspezio/Matlab/HRTF/HARTLIB/HRTF RAWHEAD2.M
98.02.22 12:29 B C:\MATLAB\HRTF\HARTLIB\HRTF\RAWHEAD3.M --> alpha /home2/mlspezio/Matlab/HRTF/HARTLIB/HRTF RAWHEAD3.M
98.02.22 12:29 B C:\MATLAB\HRTF\HARTLIB\HRTF\RAWLS2CL.M --> alpha /home2/mlspezio/Matlab/HRTF/HARTLIB/HRTF RAWLS2CL.M
98.02.22 12:29 B C:\MATLAB\HRTF\HARTLIB\HRTF\SC12MAT.M --> alpha /home2/mlspezio/Matlab/HRTF/HARTLIB/HRTF SC12MAT.M
98.02.22 12:29 B C:\MATLAB\HRTF\HARTLIB\HRTF\SC22MAT.M --> alpha /home2/mlspezio/Matlab/HRTF/HARTLIB/HRTF SC22MAT.M
98.02.22 12:29 B C:\MATLAB\HRTF\HARTLIB\HRTF\SELECT_D.M --> alpha /home2/mlspezio/Matlab/HRTF/HARTLIB/HRTF SELECT_D.M
98.02.22 12:29 B C:\MATLAB\HRTF\HARTLIB\HRTF\SPACEMAP.M --> alpha /home2/mlspezio/Matlab/HRTF/HARTLIB/HRTF SPACEMAP.M
98.02.22 12:29 B C:\MATLAB\HRTF\HARTLIB\HRTF\TF22MAT.M --> alpha /home2/mlspezio/Matlab/HRTF/HARTLIB/HRTF TF22MAT.M
98.03.20 16:56 B C:\MATLAB\HRTF\HARTLIB\HRTF\ADDLOW.M --> slowmo /extra/pentium/c/MATLAB/HRTF/HARTLIB/HRTF ADDLOW.M
98.03.20 16:56 B C:\MATLAB\HRTF\HARTLIB\HRTF\CONTENTS.M --> slowmo /extra/pentium/c/MATLAB/HRTF/HARTLIB/HRTF CONTENTS.M
98.03.20 16:56 B C:\MATLAB\HRTF\HARTLIB\HRTF\EQ_MIC.M --> slowmo /extra/pentium/c/MATLAB/HRTF/HARTLIB/HRTF EQ_MIC.M
98.03.20 16:56 B C:\MATLAB\HRTF\HARTLIB\HRTF\EQU.M --> slowmo /extra/pentium/c/MATLAB/HRTF/HARTLIB/HRTF EQU.M
98.03.20 16:56 B C:\MATLAB\HRTF\HARTLIB\HRTF\EQU2.M --> slowmo /extra/pentium/c/MATLAB/HRTF/HARTLIB/HRTF EQU2.M
98.03.20 16:56 B C:\MATLAB\HRTF\HARTLIB\HRTF\EQU_LS.M --> slowmo /extra/pentium/c/MATLAB/HRTF/HARTLIB/HRTF EQU_LS.M
98.03.20 16:56 B C:\MATLAB\HRTF\HARTLIB\HRTF\EQU_LS2.M --> slowmo /extra/pentium/c/MATLAB/HRTF/HARTLIB/HRTF EQU_LS2.M
98.03.20 16:56 B C:\MATLAB\HRTF\HARTLIB\HRTF\EQUALIZE.M --> slowmo /extra/pentium/c/MATLAB/HRTF/HARTLIB/HRTF EQUALIZE.M
98.03.20 16:56 B C:\MATLAB\HRTF\HARTLIB\HRTF\HEAD2MAT.M --> slowmo /extra/pentium/c/MATLAB/HRTF/HARTLIB/HRTF HEAD2MAT.M
98.03.20 16:56 B C:\MATLAB\HRTF\HARTLIB\HRTF\HORIZON.M --> slowmo /extra/pentium/c/MATLAB/HRTF/HARTLIB/HRTF HORIZON.M
98.03.20 16:56 B C:\MATLAB\HRTF\HARTLIB\HRTF\LSEQUAL2.M --> slowmo /extra/pentium/c/MATLAB/HRTF/HARTLIB/HRTF LSEQUAL2.M
98.03.20 16:56 B C:\MATLAB\HRTF\HARTLIB\HRTF\LSQFIRIN.M --> slowmo /extra/pentium/c/MATLAB/HRTF/HARTLIB/HRTF LSQFIRIN.M
98.03.20 16:56 B C:\MATLAB\HRTF\HARTLIB\HRTF\LSQINV2.M --> slowmo /extra/pentium/c/MATLAB/HRTF/HARTLIB/HRTF LSQINV2.M
98.03.20 16:57 B C:\MATLAB\HRTF\HARTLIB\HRTF\LSQINV3.M --> slowmo /extra/pentium/c/MATLAB/HRTF/HARTLIB/HRTF LSQINV3.M
98.03.20 16:57 B C:\MATLAB\HRTF\HARTLIB\HRTF\LSQINV4.M --> slowmo /extra/pentium/c/MATLAB/HRTF/HARTLIB/HRTF LSQINV4.M
98.03.20 16:57 B C:\MATLAB\HRTF\HARTLIB\HRTF\LSQINV5.M --> slowmo /extra/pentium/c/MATLAB/HRTF/HARTLIB/HRTF LSQINV5.M
98.03.20 16:57 B C:\MATLAB\HRTF\HARTLIB\HRTF\LSQINV6.M --> slowmo /extra/pentium/c/MATLAB/HRTF/HARTLIB/HRTF LSQINV6.M
98.03.20 16:57 B C:\MATLAB\HRTF\HARTLIB\HRTF\MAT2MTL.M --> slowmo /extra/pentium/c/MATLAB/HRTF/HARTLIB/HRTF MAT2MTL.M
98.03.20 16:57 B C:\MATLAB\HRTF\HARTLIB\HRTF\MEDIANP.M --> slowmo /extra/pentium/c/MATLAB/HRTF/HARTLIB/HRTF MEDIANP.M
98.03.20 16:57 B C:\MATLAB\HRTF\HARTLIB\HRTF\MTL2MAT.M --> slowmo /extra/pentium/c/MATLAB/HRTF/HARTLIB/HRTF MTL2MAT.M
98.03.20 16:57 B C:\MATLAB\HRTF\HARTLIB\HRTF\OPTIHRTF.M --> slowmo /extra/pentium/c/MATLAB/HRTF/HARTLIB/HRTF OPTIHRTF.M
98.03.20 16:57 B C:\MATLAB\HRTF\HARTLIB\HRTF\OPTWIN.M --> slowmo /extra/pentium/c/MATLAB/HRTF/HARTLIB/HRTF OPTWIN.M
98.03.20 16:57 B C:\MATLAB\HRTF\HARTLIB\HRTF\OPTWIN2.M --> slowmo /extra/pentium/c/MATLAB/HRTF/HARTLIB/HRTF OPTWIN2.M
98.03.20 16:57 B C:\MATLAB\HRTF\HARTLIB\HRTF\PREPLOW.M --> slowmo /extra/pentium/c/MATLAB/HRTF/HARTLIB/HRTF PREPLOW.M
98.03.20 16:57 B C:\MATLAB\HRTF\HARTLIB\HRTF\RAW2CLE1.M --> slowmo /extra/pentium/c/MATLAB/HRTF/HARTLIB/HRTF RAW2CLE1.M
98.03.20 16:57 B C:\MATLAB\HRTF\HARTLIB\HRTF\RAW2CLEA.M --> slowmo /extra/pentium/c/MATLAB/HRTF/HARTLIB/HRTF RAW2CLEA.M
98.03.20 16:57 B C:\MATLAB\HRTF\HARTLIB\HRTF\RAWHEAD2.M --> slowmo /extra/pentium/c/MATLAB/HRTF/HARTLIB/HRTF RAWHEAD2.M
98.03.20 16:57 B C:\MATLAB\HRTF\HARTLIB\HRTF\RAWHEAD3.M --> slowmo /extra/pentium/c/MATLAB/HRTF/HARTLIB/HRTF RAWHEAD3.M
98.03.20 16:57 B C:\MATLAB\HRTF\HARTLIB\HRTF\RAWLS2CL.M --> slowmo /extra/pentium/c/MATLAB/HRTF/HARTLIB/HRTF RAWLS2CL.M
98.03.20 16:57 B C:\MATLAB\HRTF\HARTLIB\HRTF\SC12MAT.M --> slowmo /extra/pentium/c/MATLAB/HRTF/HARTLIB/HRTF SC12MAT.M
98.03.20 16:57 B C:\MATLAB\HRTF\HARTLIB\HRTF\SC22MAT.M --> slowmo /extra/pentium/c/MATLAB/HRTF/HARTLIB/HRTF SC22MAT.M
98.03.20 16:57 B C:\MATLAB\HRTF\HARTLIB\HRTF\SELECT_D.M --> slowmo /extra/pentium/c/MATLAB/HRTF/HARTLIB/HRTF SELECT_D.M
98.03.20 16:57 B C:\MATLAB\HRTF\HARTLIB\HRTF\SPACEMAP.M --> slowmo /extra/pentium/c/MATLAB/HRTF/HARTLIB/HRTF SPACEMAP.M
98.03.20 16:57 B C:\MATLAB\HRTF\HARTLIB\HRTF\TF22MAT.M --> slowmo /extra/pentium/c/MATLAB/HRTF/HARTLIB/HRTF TF22MAT.M
98.03.20 16:57 B C:\MATLAB\HRTF\HARTLIB\HRTF\WS_FTP.LOG --> slowmo /extra/pentium/c/MATLAB/HRTF/HARTLIB/HRTF WS_FTP.LOG
