98.02.22 12:35 B C:\MATLAB\HRTF\HARTLIB\TOOLS\CONTENTS.M --> alpha /home2/mlspezio/Matlab/HRTF/HARTLIB/TOOLS CONTENTS.M
98.02.22 12:35 B C:\MATLAB\HRTF\HARTLIB\TOOLS\DAYOFDAT.M --> alpha /home2/mlspezio/Matlab/HRTF/HARTLIB/TOOLS DAYOFDAT.M
98.02.22 12:35 B C:\MATLAB\HRTF\HARTLIB\TOOLS\DB2ABS.M --> alpha /home2/mlspezio/Matlab/HRTF/HARTLIB/TOOLS DB2ABS.M
98.02.22 12:35 B C:\MATLAB\HRTF\HARTLIB\TOOLS\DIV.M --> alpha /home2/mlspezio/Matlab/HRTF/HARTLIB/TOOLS DIV.M
98.02.22 12:35 B C:\MATLAB\HRTF\HARTLIB\TOOLS\DOFDATE.M --> alpha /home2/mlspezio/Matlab/HRTF/HARTLIB/TOOLS DOFDATE.M
98.02.22 12:35 B C:\MATLAB\HRTF\HARTLIB\TOOLS\EVEN.M --> alpha /home2/mlspezio/Matlab/HRTF/HARTLIB/TOOLS EVEN.M
98.02.22 12:35 B C:\MATLAB\HRTF\HARTLIB\TOOLS\FAC.M --> alpha /home2/mlspezio/Matlab/HRTF/HARTLIB/TOOLS FAC.M
98.02.22 12:35 B C:\MATLAB\HRTF\HARTLIB\TOOLS\FEXIST.M --> alpha /home2/mlspezio/Matlab/HRTF/HARTLIB/TOOLS FEXIST.M
98.02.22 12:35 B C:\MATLAB\HRTF\HARTLIB\TOOLS\FTRAN.M --> alpha /home2/mlspezio/Matlab/HRTF/HARTLIB/TOOLS FTRAN.M
98.02.22 12:35 B C:\MATLAB\HRTF\HARTLIB\TOOLS\GAUSS.M --> alpha /home2/mlspezio/Matlab/HRTF/HARTLIB/TOOLS GAUSS.M
98.02.22 12:35 B C:\MATLAB\HRTF\HARTLIB\TOOLS\INT2STR_.M --> alpha /home2/mlspezio/Matlab/HRTF/HARTLIB/TOOLS INT2STR_.M
98.02.22 12:35 B C:\MATLAB\HRTF\HARTLIB\TOOLS\IRESPONS.M --> alpha /home2/mlspezio/Matlab/HRTF/HARTLIB/TOOLS IRESPONS.M
98.02.22 12:35 B C:\MATLAB\HRTF\HARTLIB\TOOLS\LIN2DB.M --> alpha /home2/mlspezio/Matlab/HRTF/HARTLIB/TOOLS LIN2DB.M
98.02.22 12:36 B C:\MATLAB\HRTF\HARTLIB\TOOLS\M_INTERP.M --> alpha /home2/mlspezio/Matlab/HRTF/HARTLIB/TOOLS M_INTERP.M
98.02.22 12:36 B C:\MATLAB\HRTF\HARTLIB\TOOLS\MIRROR.M --> alpha /home2/mlspezio/Matlab/HRTF/HARTLIB/TOOLS MIRROR.M
98.02.22 12:36 B C:\MATLAB\HRTF\HARTLIB\TOOLS\MOFDATE.M --> alpha /home2/mlspezio/Matlab/HRTF/HARTLIB/TOOLS MOFDATE.M
98.02.22 12:36 B C:\MATLAB\HRTF\HARTLIB\TOOLS\MULT.M --> alpha /home2/mlspezio/Matlab/HRTF/HARTLIB/TOOLS MULT.M
98.02.22 12:36 B C:\MATLAB\HRTF\HARTLIB\TOOLS\ODD.M --> alpha /home2/mlspezio/Matlab/HRTF/HARTLIB/TOOLS ODD.M
98.02.22 12:36 B C:\MATLAB\HRTF\HARTLIB\TOOLS\POWER.M --> alpha /home2/mlspezio/Matlab/HRTF/HARTLIB/TOOLS POWER.M
98.02.22 12:36 B C:\MATLAB\HRTF\HARTLIB\TOOLS\PRCNTRL_.M --> alpha /home2/mlspezio/Matlab/HRTF/HARTLIB/TOOLS PRCNTRL_.M
98.02.22 12:36 B C:\MATLAB\HRTF\HARTLIB\TOOLS\READLIST.M --> alpha /home2/mlspezio/Matlab/HRTF/HARTLIB/TOOLS READLIST.M
98.02.22 12:36 B C:\MATLAB\HRTF\HARTLIB\TOOLS\READSMR.M --> alpha /home2/mlspezio/Matlab/HRTF/HARTLIB/TOOLS READSMR.M
98.02.22 12:36 B C:\MATLAB\HRTF\HARTLIB\TOOLS\RENAME.M --> alpha /home2/mlspezio/Matlab/HRTF/HARTLIB/TOOLS RENAME.M
98.02.22 12:36 B C:\MATLAB\HRTF\HARTLIB\TOOLS\ROWNORM.M --> alpha /home2/mlspezio/Matlab/HRTF/HARTLIB/TOOLS ROWNORM.M
98.02.22 12:36 B C:\MATLAB\HRTF\HARTLIB\TOOLS\SHOW_HIS.M --> alpha /home2/mlspezio/Matlab/HRTF/HARTLIB/TOOLS SHOW_HIS.M
98.02.22 12:36 B C:\MATLAB\HRTF\HARTLIB\TOOLS\SIZEOFFI.M --> alpha /home2/mlspezio/Matlab/HRTF/HARTLIB/TOOLS SIZEOFFI.M
98.02.22 12:36 B C:\MATLAB\HRTF\HARTLIB\TOOLS\SPHSUR.M --> alpha /home2/mlspezio/Matlab/HRTF/HARTLIB/TOOLS SPHSUR.M
98.02.22 12:36 B C:\MATLAB\HRTF\HARTLIB\TOOLS\UP2LO.M --> alpha /home2/mlspezio/Matlab/HRTF/HARTLIB/TOOLS UP2LO.M
98.02.22 12:36 B C:\MATLAB\HRTF\HARTLIB\TOOLS\WRSTIM.M --> alpha /home2/mlspezio/Matlab/HRTF/HARTLIB/TOOLS WRSTIM.M
98.02.22 12:36 B C:\MATLAB\HRTF\HARTLIB\TOOLS\WS_FTP.LOG --> alpha /home2/mlspezio/Matlab/HRTF/HARTLIB/TOOLS WS_FTP.LOG
98.02.22 12:36 B C:\MATLAB\HRTF\HARTLIB\TOOLS\YOFDATE.M --> alpha /home2/mlspezio/Matlab/HRTF/HARTLIB/TOOLS YOFDATE.M
98.03.20 16:57 B C:\MATLAB\HRTF\HARTLIB\TOOLS\CONTENTS.M --> slowmo /extra/pentium/c/MATLAB/HRTF/HARTLIB/TOOLS CONTENTS.M
98.03.20 16:57 B C:\MATLAB\HRTF\HARTLIB\TOOLS\DAYOFDAT.M --> slowmo /extra/pentium/c/MATLAB/HRTF/HARTLIB/TOOLS DAYOFDAT.M
98.03.20 16:57 B C:\MATLAB\HRTF\HARTLIB\TOOLS\DB2ABS.M --> slowmo /extra/pentium/c/MATLAB/HRTF/HARTLIB/TOOLS DB2ABS.M
98.03.20 16:57 B C:\MATLAB\HRTF\HARTLIB\TOOLS\DIV.M --> slowmo /extra/pentium/c/MATLAB/HRTF/HARTLIB/TOOLS DIV.M
98.03.20 16:57 B C:\MATLAB\HRTF\HARTLIB\TOOLS\DOFDATE.M --> slowmo /extra/pentium/c/MATLAB/HRTF/HARTLIB/TOOLS DOFDATE.M
98.03.20 16:57 B C:\MATLAB\HRTF\HARTLIB\TOOLS\EVEN.M --> slowmo /extra/pentium/c/MATLAB/HRTF/HARTLIB/TOOLS EVEN.M
98.03.20 16:57 B C:\MATLAB\HRTF\HARTLIB\TOOLS\FAC.M --> slowmo /extra/pentium/c/MATLAB/HRTF/HARTLIB/TOOLS FAC.M
98.03.20 16:57 B C:\MATLAB\HRTF\HARTLIB\TOOLS\FEXIST.M --> slowmo /extra/pentium/c/MATLAB/HRTF/HARTLIB/TOOLS FEXIST.M
98.03.20 16:57 B C:\MATLAB\HRTF\HARTLIB\TOOLS\FTRAN.M --> slowmo /extra/pentium/c/MATLAB/HRTF/HARTLIB/TOOLS FTRAN.M
98.03.20 16:57 B C:\MATLAB\HRTF\HARTLIB\TOOLS\GAUSS.M --> slowmo /extra/pentium/c/MATLAB/HRTF/HARTLIB/TOOLS GAUSS.M
98.03.20 16:57 B C:\MATLAB\HRTF\HARTLIB\TOOLS\INT2STR_.M --> slowmo /extra/pentium/c/MATLAB/HRTF/HARTLIB/TOOLS INT2STR_.M
98.03.20 16:57 B C:\MATLAB\HRTF\HARTLIB\TOOLS\IRESPONS.M --> slowmo /extra/pentium/c/MATLAB/HRTF/HARTLIB/TOOLS IRESPONS.M
98.03.20 16:57 B C:\MATLAB\HRTF\HARTLIB\TOOLS\LIN2DB.M --> slowmo /extra/pentium/c/MATLAB/HRTF/HARTLIB/TOOLS LIN2DB.M
98.03.20 16:57 B C:\MATLAB\HRTF\HARTLIB\TOOLS\M_INTERP.M --> slowmo /extra/pentium/c/MATLAB/HRTF/HARTLIB/TOOLS M_INTERP.M
98.03.20 16:57 B C:\MATLAB\HRTF\HARTLIB\TOOLS\MIRROR.M --> slowmo /extra/pentium/c/MATLAB/HRTF/HARTLIB/TOOLS MIRROR.M
98.03.20 16:57 B C:\MATLAB\HRTF\HARTLIB\TOOLS\MOFDATE.M --> slowmo /extra/pentium/c/MATLAB/HRTF/HARTLIB/TOOLS MOFDATE.M
98.03.20 16:57 B C:\MATLAB\HRTF\HARTLIB\TOOLS\MULT.M --> slowmo /extra/pentium/c/MATLAB/HRTF/HARTLIB/TOOLS MULT.M
98.03.20 16:57 B C:\MATLAB\HRTF\HARTLIB\TOOLS\ODD.M --> slowmo /extra/pentium/c/MATLAB/HRTF/HARTLIB/TOOLS ODD.M
98.03.20 16:57 B C:\MATLAB\HRTF\HARTLIB\TOOLS\POWER.M --> slowmo /extra/pentium/c/MATLAB/HRTF/HARTLIB/TOOLS POWER.M
98.03.20 16:57 B C:\MATLAB\HRTF\HARTLIB\TOOLS\PRCNTRL_.M --> slowmo /extra/pentium/c/MATLAB/HRTF/HARTLIB/TOOLS PRCNTRL_.M
98.03.20 16:57 B C:\MATLAB\HRTF\HARTLIB\TOOLS\READLIST.M --> slowmo /extra/pentium/c/MATLAB/HRTF/HARTLIB/TOOLS READLIST.M
98.03.20 16:57 B C:\MATLAB\HRTF\HARTLIB\TOOLS\READSMR.M --> slowmo /extra/pentium/c/MATLAB/HRTF/HARTLIB/TOOLS READSMR.M
98.03.20 16:57 B C:\MATLAB\HRTF\HARTLIB\TOOLS\RENAME.M --> slowmo /extra/pentium/c/MATLAB/HRTF/HARTLIB/TOOLS RENAME.M
98.03.20 16:57 B C:\MATLAB\HRTF\HARTLIB\TOOLS\ROWNORM.M --> slowmo /extra/pentium/c/MATLAB/HRTF/HARTLIB/TOOLS ROWNORM.M
98.03.20 16:57 B C:\MATLAB\HRTF\HARTLIB\TOOLS\SHOW_HIS.M --> slowmo /extra/pentium/c/MATLAB/HRTF/HARTLIB/TOOLS SHOW_HIS.M
98.03.20 16:57 B C:\MATLAB\HRTF\HARTLIB\TOOLS\SIZEOFFI.M --> slowmo /extra/pentium/c/MATLAB/HRTF/HARTLIB/TOOLS SIZEOFFI.M
98.03.20 16:57 B C:\MATLAB\HRTF\HARTLIB\TOOLS\SPHSUR.M --> slowmo /extra/pentium/c/MATLAB/HRTF/HARTLIB/TOOLS SPHSUR.M
98.03.20 16:57 B C:\MATLAB\HRTF\HARTLIB\TOOLS\UP2LO.M --> slowmo /extra/pentium/c/MATLAB/HRTF/HARTLIB/TOOLS UP2LO.M
98.03.20 16:57 B C:\MATLAB\HRTF\HARTLIB\TOOLS\WRSTIM.M --> slowmo /extra/pentium/c/MATLAB/HRTF/HARTLIB/TOOLS WRSTIM.M
98.03.20 16:57 B C:\MATLAB\HRTF\HARTLIB\TOOLS\WS_FTP.LOG --> slowmo /extra/pentium/c/MATLAB/HRTF/HARTLIB/TOOLS WS_FTP.LOG
98.03.20 16:57 B C:\MATLAB\HRTF\HARTLIB\TOOLS\YOFDATE.M --> slowmo /extra/pentium/c/MATLAB/HRTF/HARTLIB/TOOLS YOFDATE.M
